[0.487s] Invoking command in '/home/holmesa8/csci597f/labs/ros-lab-2/src/py_pubsub': PS1=<ROS2-Jazzy>[\u@\h \W]$ PYTHONPATH=/home/holmesa8/csci597f/labs/ros-lab-2/build/py_pubsub/prefix_override:/usr/lib/python3/dist-packages/colcon_core/task/python/colcon_distutils_commands:/home/holmesa8/csci597f/labs/ros-lab-2/install/py_pubsub/lib/python3.12/site-packages:${PYTHONPATH} /usr/bin/python3 -W ignore:setup.py install is deprecated -W ignore:easy_install command is deprecated setup.py egg_info --egg-base ../../build/py_pubsub build --build-base /home/holmesa8/csci597f/labs/ros-lab-2/build/py_pubsub/build install --record /home/holmesa8/csci597f/labs/ros-lab-2/build/py_pubsub/install.log --single-version-externally-managed install_data
[0.614s] running egg_info
[0.623s] writing ../../build/py_pubsub/py_pubsub.egg-info/PKG-INFO
[0.625s] writing dependency_links to ../../build/py_pubsub/py_pubsub.egg-info/dependency_links.txt
[0.627s] writing entry points to ../../build/py_pubsub/py_pubsub.egg-info/entry_points.txt
[0.628s] writing requirements to ../../build/py_pubsub/py_pubsub.egg-info/requires.txt
[0.630s] writing top-level names to ../../build/py_pubsub/py_pubsub.egg-info/top_level.txt
[0.651s] reading manifest file '../../build/py_pubsub/py_pubsub.egg-info/SOURCES.txt'
[0.652s] adding license file 'LICENSE'
[0.652s] writing manifest file '../../build/py_pubsub/py_pubsub.egg-info/SOURCES.txt'
[0.654s] running build
[0.654s] running build_py
[0.655s] running install
[0.658s] running install_lib
[0.668s] running install_data
[0.669s] running install_egg_info
[0.678s] removing '/home/holmesa8/csci597f/labs/ros-lab-2/install/py_pubsub/lib/python3.12/site-packages/py_pubsub-0.0.0-py3.12.egg-info' (and everything under it)
[0.684s] Copying ../../build/py_pubsub/py_pubsub.egg-info to /home/holmesa8/csci597f/labs/ros-lab-2/install/py_pubsub/lib/python3.12/site-packages/py_pubsub-0.0.0-py3.12.egg-info
[0.709s] running install_scripts
[0.808s] Installing publisher script to /home/holmesa8/csci597f/labs/ros-lab-2/install/py_pubsub/lib/py_pubsub
[0.811s] Installing subscriber script to /home/holmesa8/csci597f/labs/ros-lab-2/install/py_pubsub/lib/py_pubsub
[0.813s] writing list of installed files to '/home/holmesa8/csci597f/labs/ros-lab-2/build/py_pubsub/install.log'
[0.827s] Invoked command in '/home/holmesa8/csci597f/labs/ros-lab-2/src/py_pubsub' returned '0': PS1=<ROS2-Jazzy>[\u@\h \W]$ PYTHONPATH=/home/holmesa8/csci597f/labs/ros-lab-2/build/py_pubsub/prefix_override:/usr/lib/python3/dist-packages/colcon_core/task/python/colcon_distutils_commands:/home/holmesa8/csci597f/labs/ros-lab-2/install/py_pubsub/lib/python3.12/site-packages:${PYTHONPATH} /usr/bin/python3 -W ignore:setup.py install is deprecated -W ignore:easy_install command is deprecated setup.py egg_info --egg-base ../../build/py_pubsub build --build-base /home/holmesa8/csci597f/labs/ros-lab-2/build/py_pubsub/build install --record /home/holmesa8/csci597f/labs/ros-lab-2/build/py_pubsub/install.log --single-version-externally-managed install_data
