[0.066s] Invoking command in '/home/holmesa8/csci597f/labs/ros-lab-2/build/ros_gz_description': CMAKE_PREFIX_PATH=${CMAKE_PREFIX_PATH}:/home/holmesa8/csci597f/labs/ros-lab-2/install/py_pubsub:/opt/ros/jazzy CONDA_PROMPT_MODIFIER=(base) PS1=<ROS2-Jazzy>[\u@\h \W]$ /usr/bin/cmake --build /home/holmesa8/csci597f/labs/ros-lab-2/build/ros_gz_description -- -j24 -l24
[0.213s] Invoked command in '/home/holmesa8/csci597f/labs/ros-lab-2/build/ros_gz_description' returned '0': CMAKE_PREFIX_PATH=${CMAKE_PREFIX_PATH}:/home/holmesa8/csci597f/labs/ros-lab-2/install/py_pubsub:/opt/ros/jazzy CONDA_PROMPT_MODIFIER=(base) PS1=<ROS2-Jazzy>[\u@\h \W]$ /usr/bin/cmake --build /home/holmesa8/csci597f/labs/ros-lab-2/build/ros_gz_description -- -j24 -l24
[0.233s] Invoking command in '/home/holmesa8/csci597f/labs/ros-lab-2/build/ros_gz_description': CMAKE_PREFIX_PATH=${CMAKE_PREFIX_PATH}:/home/holmesa8/csci597f/labs/ros-lab-2/install/py_pubsub:/opt/ros/jazzy CONDA_PROMPT_MODIFIER=(base) PS1=<ROS2-Jazzy>[\u@\h \W]$ /usr/bin/cmake --install /home/holmesa8/csci597f/labs/ros-lab-2/build/ros_gz_description
[0.256s] -- Install configuration: ""
[0.257s] -- Up-to-date: /home/holmesa8/csci597f/labs/ros-lab-2/install/ros_gz_description/share/ros_gz_description/models
[0.259s] -- Up-to-date: /home/holmesa8/csci597f/labs/ros-lab-2/install/ros_gz_description/share/ros_gz_description/models/diff_drive
[0.260s] -- Up-to-date: /home/holmesa8/csci597f/labs/ros-lab-2/install/ros_gz_description/share/ros_gz_description/models/diff_drive/model.config
[0.261s] -- Installing: /home/holmesa8/csci597f/labs/ros-lab-2/install/ros_gz_description/share/ros_gz_description/models/diff_drive/model.sdf
[0.269s] -- Up-to-date: /home/holmesa8/csci597f/labs/ros-lab-2/install/ros_gz_description/share/ros_gz_description/environment/ros_gz_description.dsv
[0.270s] -- Up-to-date: /home/holmesa8/csci597f/labs/ros-lab-2/install/ros_gz_description/share/ros_gz_description/environment/ros_gz_description.sh
[0.271s] -- Up-to-date: /home/holmesa8/csci597f/labs/ros-lab-2/install/ros_gz_description/share/ament_index/resource_index/package_run_dependencies/ros_gz_description
[0.273s] -- Up-to-date: /home/holmesa8/csci597f/labs/ros-lab-2/install/ros_gz_description/share/ament_index/resource_index/parent_prefix_path/ros_gz_description
[0.274s] -- Up-to-date: /home/holmesa8/csci597f/labs/ros-lab-2/install/ros_gz_description/share/ros_gz_description/environment/ament_prefix_path.sh
[0.275s] -- Up-to-date: /home/holmesa8/csci597f/labs/ros-lab-2/install/ros_gz_description/share/ros_gz_description/environment/ament_prefix_path.dsv
[0.276s] -- Up-to-date: /home/holmesa8/csci597f/labs/ros-lab-2/install/ros_gz_description/share/ros_gz_description/environment/path.sh
[0.278s] -- Up-to-date: /home/holmesa8/csci597f/labs/ros-lab-2/install/ros_gz_description/share/ros_gz_description/environment/path.dsv
[0.278s] -- Up-to-date: /home/holmesa8/csci597f/labs/ros-lab-2/install/ros_gz_description/share/ros_gz_description/local_setup.bash
[0.279s] -- Up-to-date: /home/holmesa8/csci597f/labs/ros-lab-2/install/ros_gz_description/share/ros_gz_description/local_setup.sh
[0.280s] -- Up-to-date: /home/holmesa8/csci597f/labs/ros-lab-2/install/ros_gz_description/share/ros_gz_description/local_setup.zsh
[0.281s] -- Up-to-date: /home/holmesa8/csci597f/labs/ros-lab-2/install/ros_gz_description/share/ros_gz_description/local_setup.dsv
[0.282s] -- Installing: /home/holmesa8/csci597f/labs/ros-lab-2/install/ros_gz_description/share/ros_gz_description/package.dsv
[0.290s] -- Up-to-date: /home/holmesa8/csci597f/labs/ros-lab-2/install/ros_gz_description/share/ament_index/resource_index/packages/ros_gz_description
[0.291s] -- Up-to-date: /home/holmesa8/csci597f/labs/ros-lab-2/install/ros_gz_description/share/ros_gz_description/cmake/ros_gz_descriptionConfig.cmake
[0.291s] -- Up-to-date: /home/holmesa8/csci597f/labs/ros-lab-2/install/ros_gz_description/share/ros_gz_description/cmake/ros_gz_descriptionConfig-version.cmake
[0.293s] -- Up-to-date: /home/holmesa8/csci597f/labs/ros-lab-2/install/ros_gz_description/share/ros_gz_description/package.xml
[0.297s] Invoked command in '/home/holmesa8/csci597f/labs/ros-lab-2/build/ros_gz_description' returned '0': CMAKE_PREFIX_PATH=${CMAKE_PREFIX_PATH}:/home/holmesa8/csci597f/labs/ros-lab-2/install/py_pubsub:/opt/ros/jazzy CONDA_PROMPT_MODIFIER=(base) PS1=<ROS2-Jazzy>[\u@\h \W]$ /usr/bin/cmake --install /home/holmesa8/csci597f/labs/ros-lab-2/build/ros_gz_description
