[0.740s] Invoking command in '/home/holmesa8/csci597f/labs/ros-lab-2/src/py_pubsub': CONDA_PROMPT_MODIFIER=(base) PS1=<ROS2-Jazzy>[\u@\h \W]$ PYTHONPATH=/home/holmesa8/csci597f/labs/ros-lab-2/src/build/py_pubsub/prefix_override:/usr/lib/python3/dist-packages/colcon_core/task/python/colcon_distutils_commands:/home/holmesa8/csci597f/labs/ros-lab-2/src/install/py_pubsub/lib/python3.12/site-packages:${PYTHONPATH} /usr/bin/python3 -W ignore:setup.py install is deprecated -W ignore:easy_install command is deprecated setup.py egg_info --egg-base ../build/py_pubsub build --build-base /home/holmesa8/csci597f/labs/ros-lab-2/src/build/py_pubsub/build install --record /home/holmesa8/csci597f/labs/ros-lab-2/src/build/py_pubsub/install.log --single-version-externally-managed install_data
[0.876s] running egg_info
[0.885s] writing ../build/py_pubsub/py_pubsub.egg-info/PKG-INFO
[0.888s] writing dependency_links to ../build/py_pubsub/py_pubsub.egg-info/dependency_links.txt
[0.890s] writing entry points to ../build/py_pubsub/py_pubsub.egg-info/entry_points.txt
[0.893s] writing requirements to ../build/py_pubsub/py_pubsub.egg-info/requires.txt
[0.894s] writing top-level names to ../build/py_pubsub/py_pubsub.egg-info/top_level.txt
[0.932s] reading manifest file '../build/py_pubsub/py_pubsub.egg-info/SOURCES.txt'
[0.937s] adding license file 'LICENSE'
[0.938s] writing manifest file '../build/py_pubsub/py_pubsub.egg-info/SOURCES.txt'
[0.947s] running build
[0.948s] running build_py
[0.951s] copying py_pubsub/publisher.py -> /home/holmesa8/csci597f/labs/ros-lab-2/src/build/py_pubsub/build/lib/py_pubsub
[0.973s] running install
[0.984s] running install_lib
[1.024s] copying /home/holmesa8/csci597f/labs/ros-lab-2/src/build/py_pubsub/build/lib/py_pubsub/publisher.py -> /home/holmesa8/csci597f/labs/ros-lab-2/src/install/py_pubsub/lib/python3.12/site-packages/py_pubsub
[1.046s] byte-compiling /home/holmesa8/csci597f/labs/ros-lab-2/src/install/py_pubsub/lib/python3.12/site-packages/py_pubsub/publisher.py to publisher.cpython-312.pyc
[1.068s] running install_data
[1.069s] running install_egg_info
[1.095s] removing '/home/holmesa8/csci597f/labs/ros-lab-2/src/install/py_pubsub/lib/python3.12/site-packages/py_pubsub-0.0.0-py3.12.egg-info' (and everything under it)
[1.106s] Copying ../build/py_pubsub/py_pubsub.egg-info to /home/holmesa8/csci597f/labs/ros-lab-2/src/install/py_pubsub/lib/python3.12/site-packages/py_pubsub-0.0.0-py3.12.egg-info
[1.218s] running install_scripts
[1.467s] Installing publisher script to /home/holmesa8/csci597f/labs/ros-lab-2/src/install/py_pubsub/lib/py_pubsub
[1.481s] Installing subscriber script to /home/holmesa8/csci597f/labs/ros-lab-2/src/install/py_pubsub/lib/py_pubsub
[1.494s] writing list of installed files to '/home/holmesa8/csci597f/labs/ros-lab-2/src/build/py_pubsub/install.log'
[1.539s] Invoked command in '/home/holmesa8/csci597f/labs/ros-lab-2/src/py_pubsub' returned '0': CONDA_PROMPT_MODIFIER=(base) PS1=<ROS2-Jazzy>[\u@\h \W]$ PYTHONPATH=/home/holmesa8/csci597f/labs/ros-lab-2/src/build/py_pubsub/prefix_override:/usr/lib/python3/dist-packages/colcon_core/task/python/colcon_distutils_commands:/home/holmesa8/csci597f/labs/ros-lab-2/src/install/py_pubsub/lib/python3.12/site-packages:${PYTHONPATH} /usr/bin/python3 -W ignore:setup.py install is deprecated -W ignore:easy_install command is deprecated setup.py egg_info --egg-base ../build/py_pubsub build --build-base /home/holmesa8/csci597f/labs/ros-lab-2/src/build/py_pubsub/build install --record /home/holmesa8/csci597f/labs/ros-lab-2/src/build/py_pubsub/install.log --single-version-externally-managed install_data
