[0.233s] Invoking command in '/home/holmesa8/csci597f/labs/ros-lab-2/build/ros_gz_app': CMAKE_PREFIX_PATH=${CMAKE_PREFIX_PATH}:/home/holmesa8/csci597f/labs/ros-lab-2/install/py_pubsub:/opt/ros/jazzy CONDA_PROMPT_MODIFIER=(base) PS1=<ROS2-Jazzy>[\u@\h \W]$ /usr/bin/cmake --build /home/holmesa8/csci597f/labs/ros-lab-2/build/ros_gz_app -- -j16 -l16
[0.340s] Invoked command in '/home/holmesa8/csci597f/labs/ros-lab-2/build/ros_gz_app' returned '0': CMAKE_PREFIX_PATH=${CMAKE_PREFIX_PATH}:/home/holmesa8/csci597f/labs/ros-lab-2/install/py_pubsub:/opt/ros/jazzy CONDA_PROMPT_MODIFIER=(base) PS1=<ROS2-Jazzy>[\u@\h \W]$ /usr/bin/cmake --build /home/holmesa8/csci597f/labs/ros-lab-2/build/ros_gz_app -- -j16 -l16
[0.345s] Invoking command in '/home/holmesa8/csci597f/labs/ros-lab-2/build/ros_gz_app': CMAKE_PREFIX_PATH=${CMAKE_PREFIX_PATH}:/home/holmesa8/csci597f/labs/ros-lab-2/install/py_pubsub:/opt/ros/jazzy CONDA_PROMPT_MODIFIER=(base) PS1=<ROS2-Jazzy>[\u@\h \W]$ /usr/bin/cmake --install /home/holmesa8/csci597f/labs/ros-lab-2/build/ros_gz_app
[0.355s] -- Install configuration: ""
[0.355s] -- Up-to-date: /home/holmesa8/csci597f/labs/ros-lab-2/install/ros_gz_app/share/ament_index/resource_index/package_run_dependencies/ros_gz_app
[0.357s] -- Up-to-date: /home/holmesa8/csci597f/labs/ros-lab-2/install/ros_gz_app/share/ament_index/resource_index/parent_prefix_path/ros_gz_app
[0.358s] -- Up-to-date: /home/holmesa8/csci597f/labs/ros-lab-2/install/ros_gz_app/share/ros_gz_app/environment/ament_prefix_path.sh
[0.359s] -- Up-to-date: /home/holmesa8/csci597f/labs/ros-lab-2/install/ros_gz_app/share/ros_gz_app/environment/ament_prefix_path.dsv
[0.359s] -- Up-to-date: /home/holmesa8/csci597f/labs/ros-lab-2/install/ros_gz_app/share/ros_gz_app/environment/path.sh
[0.360s] -- Up-to-date: /home/holmesa8/csci597f/labs/ros-lab-2/install/ros_gz_app/share/ros_gz_app/environment/path.dsv
[0.361s] -- Up-to-date: /home/holmesa8/csci597f/labs/ros-lab-2/install/ros_gz_app/share/ros_gz_app/local_setup.bash
[0.362s] -- Up-to-date: /home/holmesa8/csci597f/labs/ros-lab-2/install/ros_gz_app/share/ros_gz_app/local_setup.sh
[0.362s] -- Up-to-date: /home/holmesa8/csci597f/labs/ros-lab-2/install/ros_gz_app/share/ros_gz_app/local_setup.zsh
[0.363s] -- Up-to-date: /home/holmesa8/csci597f/labs/ros-lab-2/install/ros_gz_app/share/ros_gz_app/local_setup.dsv
[0.364s] -- Installing: /home/holmesa8/csci597f/labs/ros-lab-2/install/ros_gz_app/share/ros_gz_app/package.dsv
[0.372s] -- Up-to-date: /home/holmesa8/csci597f/labs/ros-lab-2/install/ros_gz_app/share/ament_index/resource_index/packages/ros_gz_app
[0.373s] -- Up-to-date: /home/holmesa8/csci597f/labs/ros-lab-2/install/ros_gz_app/share/ros_gz_app/cmake/ros_gz_appConfig.cmake
[0.374s] -- Up-to-date: /home/holmesa8/csci597f/labs/ros-lab-2/install/ros_gz_app/share/ros_gz_app/cmake/ros_gz_appConfig-version.cmake
[0.375s] -- Up-to-date: /home/holmesa8/csci597f/labs/ros-lab-2/install/ros_gz_app/share/ros_gz_app/package.xml
[0.379s] Invoked command in '/home/holmesa8/csci597f/labs/ros-lab-2/build/ros_gz_app' returned '0': CMAKE_PREFIX_PATH=${CMAKE_PREFIX_PATH}:/home/holmesa8/csci597f/labs/ros-lab-2/install/py_pubsub:/opt/ros/jazzy CONDA_PROMPT_MODIFIER=(base) PS1=<ROS2-Jazzy>[\u@\h \W]$ /usr/bin/cmake --install /home/holmesa8/csci597f/labs/ros-lab-2/build/ros_gz_app
