[0.030s] Invoking command in '/home/holmesa8/csci597f/labs/ros-lab-2/build/ros_gz_description': CMAKE_PREFIX_PATH=${CMAKE_PREFIX_PATH}:/opt/ros/jazzy PS1=<ROS2-Jazzy>[\u@\h \W]$ /usr/bin/cmake --build /home/holmesa8/csci597f/labs/ros-lab-2/build/ros_gz_description -- -j24 -l24
[0.542s] Invoked command in '/home/holmesa8/csci597f/labs/ros-lab-2/build/ros_gz_description' returned '0': CMAKE_PREFIX_PATH=${CMAKE_PREFIX_PATH}:/opt/ros/jazzy PS1=<ROS2-Jazzy>[\u@\h \W]$ /usr/bin/cmake --build /home/holmesa8/csci597f/labs/ros-lab-2/build/ros_gz_description -- -j24 -l24
[0.564s] Invoking command in '/home/holmesa8/csci597f/labs/ros-lab-2/build/ros_gz_description': CMAKE_PREFIX_PATH=${CMAKE_PREFIX_PATH}:/opt/ros/jazzy PS1=<ROS2-Jazzy>[\u@\h \W]$ /usr/bin/cmake --install /home/holmesa8/csci597f/labs/ros-lab-2/build/ros_gz_description
[0.587s] -- Install configuration: ""
[0.593s] -- Up-to-date: /home/holmesa8/csci597f/labs/ros-lab-2/install/ros_gz_description/share/ros_gz_description/models
[0.595s] -- Up-to-date: /home/holmesa8/csci597f/labs/ros-lab-2/install/ros_gz_description/share/ros_gz_description/models/diff_drive
[0.598s] -- Up-to-date: /home/holmesa8/csci597f/labs/ros-lab-2/install/ros_gz_description/share/ros_gz_description/models/diff_drive/model.config
[0.599s] -- Up-to-date: /home/holmesa8/csci597f/labs/ros-lab-2/install/ros_gz_description/share/ros_gz_description/models/diff_drive/model.sdf
[0.601s] -- Up-to-date: /home/holmesa8/csci597f/labs/ros-lab-2/install/ros_gz_description/share/ros_gz_description/environment/ros_gz_description.dsv
[0.602s] -- Up-to-date: /home/holmesa8/csci597f/labs/ros-lab-2/install/ros_gz_description/share/ros_gz_description/environment/ros_gz_description.sh
[0.605s] -- Up-to-date: /home/holmesa8/csci597f/labs/ros-lab-2/install/ros_gz_description/share/ament_index/resource_index/package_run_dependencies/ros_gz_description
[0.606s] -- Up-to-date: /home/holmesa8/csci597f/labs/ros-lab-2/install/ros_gz_description/share/ament_index/resource_index/parent_prefix_path/ros_gz_description
[0.607s] -- Up-to-date: /home/holmesa8/csci597f/labs/ros-lab-2/install/ros_gz_description/share/ros_gz_description/environment/ament_prefix_path.sh
[0.608s] -- Up-to-date: /home/holmesa8/csci597f/labs/ros-lab-2/install/ros_gz_description/share/ros_gz_description/environment/ament_prefix_path.dsv
[0.609s] -- Up-to-date: /home/holmesa8/csci597f/labs/ros-lab-2/install/ros_gz_description/share/ros_gz_description/environment/path.sh
[0.610s] -- Up-to-date: /home/holmesa8/csci597f/labs/ros-lab-2/install/ros_gz_description/share/ros_gz_description/environment/path.dsv
[0.611s] -- Up-to-date: /home/holmesa8/csci597f/labs/ros-lab-2/install/ros_gz_description/share/ros_gz_description/local_setup.bash
[0.612s] -- Up-to-date: /home/holmesa8/csci597f/labs/ros-lab-2/install/ros_gz_description/share/ros_gz_description/local_setup.sh
[0.613s] -- Up-to-date: /home/holmesa8/csci597f/labs/ros-lab-2/install/ros_gz_description/share/ros_gz_description/local_setup.zsh
[0.614s] -- Up-to-date: /home/holmesa8/csci597f/labs/ros-lab-2/install/ros_gz_description/share/ros_gz_description/local_setup.dsv
[0.616s] -- Installing: /home/holmesa8/csci597f/labs/ros-lab-2/install/ros_gz_description/share/ros_gz_description/package.dsv
[0.624s] -- Up-to-date: /home/holmesa8/csci597f/labs/ros-lab-2/install/ros_gz_description/share/ament_index/resource_index/packages/ros_gz_description
[0.625s] -- Up-to-date: /home/holmesa8/csci597f/labs/ros-lab-2/install/ros_gz_description/share/ros_gz_description/cmake/ros_gz_descriptionConfig.cmake
[0.626s] -- Up-to-date: /home/holmesa8/csci597f/labs/ros-lab-2/install/ros_gz_description/share/ros_gz_description/cmake/ros_gz_descriptionConfig-version.cmake
[0.628s] -- Up-to-date: /home/holmesa8/csci597f/labs/ros-lab-2/install/ros_gz_description/share/ros_gz_description/package.xml
[0.724s] Invoked command in '/home/holmesa8/csci597f/labs/ros-lab-2/build/ros_gz_description' returned '0': CMAKE_PREFIX_PATH=${CMAKE_PREFIX_PATH}:/opt/ros/jazzy PS1=<ROS2-Jazzy>[\u@\h \W]$ /usr/bin/cmake --install /home/holmesa8/csci597f/labs/ros-lab-2/build/ros_gz_description
