[0.596s] Invoking command in '/home/holmesa8/csci597f/labs/ros-lab-2/src/py_pubsub': CONDA_PROMPT_MODIFIER=(base) PS1=<ROS2-Jazzy>[\u@\h \W]$ PYTHONPATH=/home/holmesa8/csci597f/labs/ros-lab-2/build/py_pubsub/prefix_override:/usr/lib/python3/dist-packages/colcon_core/task/python/colcon_distutils_commands:/home/holmesa8/csci597f/labs/ros-lab-2/install/py_pubsub/lib/python3.12/site-packages:${PYTHONPATH} /usr/bin/python3 -W ignore:setup.py install is deprecated -W ignore:easy_install command is deprecated setup.py egg_info --egg-base ../../build/py_pubsub build --build-base /home/holmesa8/csci597f/labs/ros-lab-2/build/py_pubsub/build install --record /home/holmesa8/csci597f/labs/ros-lab-2/build/py_pubsub/install.log --single-version-externally-managed install_data
[0.742s] running egg_info
[0.751s] writing ../../build/py_pubsub/py_pubsub.egg-info/PKG-INFO
[0.754s] writing dependency_links to ../../build/py_pubsub/py_pubsub.egg-info/dependency_links.txt
[0.757s] writing entry points to ../../build/py_pubsub/py_pubsub.egg-info/entry_points.txt
[0.759s] writing requirements to ../../build/py_pubsub/py_pubsub.egg-info/requires.txt
[0.762s] writing top-level names to ../../build/py_pubsub/py_pubsub.egg-info/top_level.txt
[0.790s] reading manifest file '../../build/py_pubsub/py_pubsub.egg-info/SOURCES.txt'
[0.792s] adding license file 'LICENSE'
[0.793s] writing manifest file '../../build/py_pubsub/py_pubsub.egg-info/SOURCES.txt'
[0.795s] running build
[0.795s] running build_py
[0.797s] running install
[0.800s] running install_lib
[0.811s] running install_data
[0.812s] running install_egg_info
[0.822s] removing '/home/holmesa8/csci597f/labs/ros-lab-2/install/py_pubsub/lib/python3.12/site-packages/py_pubsub-0.0.0-py3.12.egg-info' (and everything under it)
[0.829s] Copying ../../build/py_pubsub/py_pubsub.egg-info to /home/holmesa8/csci597f/labs/ros-lab-2/install/py_pubsub/lib/python3.12/site-packages/py_pubsub-0.0.0-py3.12.egg-info
[0.865s] running install_scripts
[0.962s] Installing publisher script to /home/holmesa8/csci597f/labs/ros-lab-2/install/py_pubsub/lib/py_pubsub
[0.965s] Installing subscriber script to /home/holmesa8/csci597f/labs/ros-lab-2/install/py_pubsub/lib/py_pubsub
[0.968s] writing list of installed files to '/home/holmesa8/csci597f/labs/ros-lab-2/build/py_pubsub/install.log'
[0.988s] Invoked command in '/home/holmesa8/csci597f/labs/ros-lab-2/src/py_pubsub' returned '0': CONDA_PROMPT_MODIFIER=(base) PS1=<ROS2-Jazzy>[\u@\h \W]$ PYTHONPATH=/home/holmesa8/csci597f/labs/ros-lab-2/build/py_pubsub/prefix_override:/usr/lib/python3/dist-packages/colcon_core/task/python/colcon_distutils_commands:/home/holmesa8/csci597f/labs/ros-lab-2/install/py_pubsub/lib/python3.12/site-packages:${PYTHONPATH} /usr/bin/python3 -W ignore:setup.py install is deprecated -W ignore:easy_install command is deprecated setup.py egg_info --egg-base ../../build/py_pubsub build --build-base /home/holmesa8/csci597f/labs/ros-lab-2/build/py_pubsub/build install --record /home/holmesa8/csci597f/labs/ros-lab-2/build/py_pubsub/install.log --single-version-externally-managed install_data
