[0.522s] Invoking command in '/home/holmesa8/csci597f/labs/ros-lab-2/src/py_pubsub': PS1=<ROS2-Jazzy>[\u@\h \W]$ PYTHONPATH=/home/holmesa8/csci597f/labs/ros-lab-2/build/py_pubsub/prefix_override:/usr/lib/python3/dist-packages/colcon_core/task/python/colcon_distutils_commands:/home/holmesa8/csci597f/labs/ros-lab-2/install/py_pubsub/lib/python3.12/site-packages:${PYTHONPATH} /usr/bin/python3 -W ignore:setup.py install is deprecated -W ignore:easy_install command is deprecated setup.py egg_info --egg-base ../../build/py_pubsub build --build-base /home/holmesa8/csci597f/labs/ros-lab-2/build/py_pubsub/build install --record /home/holmesa8/csci597f/labs/ros-lab-2/build/py_pubsub/install.log --single-version-externally-managed install_data
[0.647s] running egg_info
[0.656s] writing ../../build/py_pubsub/py_pubsub.egg-info/PKG-INFO
[0.658s] writing dependency_links to ../../build/py_pubsub/py_pubsub.egg-info/dependency_links.txt
[0.660s] writing entry points to ../../build/py_pubsub/py_pubsub.egg-info/entry_points.txt
[0.662s] writing requirements to ../../build/py_pubsub/py_pubsub.egg-info/requires.txt
[0.664s] writing top-level names to ../../build/py_pubsub/py_pubsub.egg-info/top_level.txt
[0.686s] reading manifest file '../../build/py_pubsub/py_pubsub.egg-info/SOURCES.txt'
[0.686s] adding license file 'LICENSE'
[0.687s] writing manifest file '../../build/py_pubsub/py_pubsub.egg-info/SOURCES.txt'
[0.689s] running build
[0.689s] running build_py
[0.690s] running install
[0.693s] running install_lib
[0.703s] running install_data
[0.704s] running install_egg_info
[0.713s] removing '/home/holmesa8/csci597f/labs/ros-lab-2/install/py_pubsub/lib/python3.12/site-packages/py_pubsub-0.0.0-py3.12.egg-info' (and everything under it)
[0.719s] Copying ../../build/py_pubsub/py_pubsub.egg-info to /home/holmesa8/csci597f/labs/ros-lab-2/install/py_pubsub/lib/python3.12/site-packages/py_pubsub-0.0.0-py3.12.egg-info
[0.746s] running install_scripts
[0.910s] Installing publisher script to /home/holmesa8/csci597f/labs/ros-lab-2/install/py_pubsub/lib/py_pubsub
[0.913s] Installing subscriber script to /home/holmesa8/csci597f/labs/ros-lab-2/install/py_pubsub/lib/py_pubsub
[0.915s] writing list of installed files to '/home/holmesa8/csci597f/labs/ros-lab-2/build/py_pubsub/install.log'
[0.928s] Invoked command in '/home/holmesa8/csci597f/labs/ros-lab-2/src/py_pubsub' returned '0': PS1=<ROS2-Jazzy>[\u@\h \W]$ PYTHONPATH=/home/holmesa8/csci597f/labs/ros-lab-2/build/py_pubsub/prefix_override:/usr/lib/python3/dist-packages/colcon_core/task/python/colcon_distutils_commands:/home/holmesa8/csci597f/labs/ros-lab-2/install/py_pubsub/lib/python3.12/site-packages:${PYTHONPATH} /usr/bin/python3 -W ignore:setup.py install is deprecated -W ignore:easy_install command is deprecated setup.py egg_info --egg-base ../../build/py_pubsub build --build-base /home/holmesa8/csci597f/labs/ros-lab-2/build/py_pubsub/build install --record /home/holmesa8/csci597f/labs/ros-lab-2/build/py_pubsub/install.log --single-version-externally-managed install_data
