[0.063s] Invoking command in '/home/holmesa8/csci597f/labs/ros-lab-2/build/ros_gz_gazebo': CMAKE_PREFIX_PATH=/home/holmesa8/csci597f/labs/ros-lab-2/install/ros_gz_description:/opt/ros/jazzy/opt/gz_sim_vendor:/opt/ros/jazzy/opt/gz_sensors_vendor:/opt/ros/jazzy/opt/gz_physics_vendor:/opt/ros/jazzy/opt/sdformat_vendor:/opt/ros/jazzy/opt/gz_gui_vendor:/opt/ros/jazzy/opt/gz_transport_vendor:/opt/ros/jazzy/opt/gz_rendering_vendor:/opt/ros/jazzy/opt/gz_plugin_vendor:/opt/ros/jazzy/opt/gz_fuel_tools_vendor:/opt/ros/jazzy/opt/gz_msgs_vendor:/opt/ros/jazzy/opt/gz_common_vendor:/opt/ros/jazzy/opt/gz_math_vendor:/opt/ros/jazzy/opt/gz_utils_vendor:/opt/ros/jazzy/opt/gz_tools_vendor:/opt/ros/jazzy/opt/gz_ogre_next_vendor:/opt/ros/jazzy/opt/gz_dartsim_vendor:/opt/ros/jazzy/opt/gz_cmake_vendor:/opt/ros/jazzy CONDA_PROMPT_MODIFIER=(base) PS1=<ROS2-Jazzy>[\u@\h \W]$ /usr/bin/cmake --build /home/holmesa8/csci597f/labs/ros-lab-2/build/ros_gz_gazebo -- -j24 -l24
[0.142s] [100%] Built target FullSystem
[0.143s] [100%] Built target BasicSystem
[0.155s] Invoked command in '/home/holmesa8/csci597f/labs/ros-lab-2/build/ros_gz_gazebo' returned '0': CMAKE_PREFIX_PATH=/home/holmesa8/csci597f/labs/ros-lab-2/install/ros_gz_description:/opt/ros/jazzy/opt/gz_sim_vendor:/opt/ros/jazzy/opt/gz_sensors_vendor:/opt/ros/jazzy/opt/gz_physics_vendor:/opt/ros/jazzy/opt/sdformat_vendor:/opt/ros/jazzy/opt/gz_gui_vendor:/opt/ros/jazzy/opt/gz_transport_vendor:/opt/ros/jazzy/opt/gz_rendering_vendor:/opt/ros/jazzy/opt/gz_plugin_vendor:/opt/ros/jazzy/opt/gz_fuel_tools_vendor:/opt/ros/jazzy/opt/gz_msgs_vendor:/opt/ros/jazzy/opt/gz_common_vendor:/opt/ros/jazzy/opt/gz_math_vendor:/opt/ros/jazzy/opt/gz_utils_vendor:/opt/ros/jazzy/opt/gz_tools_vendor:/opt/ros/jazzy/opt/gz_ogre_next_vendor:/opt/ros/jazzy/opt/gz_dartsim_vendor:/opt/ros/jazzy/opt/gz_cmake_vendor:/opt/ros/jazzy CONDA_PROMPT_MODIFIER=(base) PS1=<ROS2-Jazzy>[\u@\h \W]$ /usr/bin/cmake --build /home/holmesa8/csci597f/labs/ros-lab-2/build/ros_gz_gazebo -- -j24 -l24
[0.157s] Invoking command in '/home/holmesa8/csci597f/labs/ros-lab-2/build/ros_gz_gazebo': CMAKE_PREFIX_PATH=/home/holmesa8/csci597f/labs/ros-lab-2/install/ros_gz_description:/opt/ros/jazzy/opt/gz_sim_vendor:/opt/ros/jazzy/opt/gz_sensors_vendor:/opt/ros/jazzy/opt/gz_physics_vendor:/opt/ros/jazzy/opt/sdformat_vendor:/opt/ros/jazzy/opt/gz_gui_vendor:/opt/ros/jazzy/opt/gz_transport_vendor:/opt/ros/jazzy/opt/gz_rendering_vendor:/opt/ros/jazzy/opt/gz_plugin_vendor:/opt/ros/jazzy/opt/gz_fuel_tools_vendor:/opt/ros/jazzy/opt/gz_msgs_vendor:/opt/ros/jazzy/opt/gz_common_vendor:/opt/ros/jazzy/opt/gz_math_vendor:/opt/ros/jazzy/opt/gz_utils_vendor:/opt/ros/jazzy/opt/gz_tools_vendor:/opt/ros/jazzy/opt/gz_ogre_next_vendor:/opt/ros/jazzy/opt/gz_dartsim_vendor:/opt/ros/jazzy/opt/gz_cmake_vendor:/opt/ros/jazzy CONDA_PROMPT_MODIFIER=(base) PS1=<ROS2-Jazzy>[\u@\h \W]$ /usr/bin/cmake --install /home/holmesa8/csci597f/labs/ros-lab-2/build/ros_gz_gazebo
[0.167s] -- Install configuration: ""
[0.171s] -- Up-to-date: /home/holmesa8/csci597f/labs/ros-lab-2/install/ros_gz_gazebo/lib/ros_gz_gazebo/libBasicSystem.so
[0.177s] -- Up-to-date: /home/holmesa8/csci597f/labs/ros-lab-2/install/ros_gz_gazebo/lib/ros_gz_gazebo/libFullSystem.so
[0.182s] -- Up-to-date: /home/holmesa8/csci597f/labs/ros-lab-2/install/ros_gz_gazebo/share/ros_gz_gazebo/worlds
[0.184s] -- Up-to-date: /home/holmesa8/csci597f/labs/ros-lab-2/install/ros_gz_gazebo/share/ros_gz_gazebo/worlds/maze.sdf
[0.185s] -- Up-to-date: /home/holmesa8/csci597f/labs/ros-lab-2/install/ros_gz_gazebo/share/ros_gz_gazebo/worlds/diff_drive.sdf
[0.186s] -- Up-to-date: /home/holmesa8/csci597f/labs/ros-lab-2/install/ros_gz_gazebo/share/ros_gz_gazebo/environment/ros_gz_gazebo.dsv
[0.187s] -- Up-to-date: /home/holmesa8/csci597f/labs/ros-lab-2/install/ros_gz_gazebo/share/ros_gz_gazebo/environment/ros_gz_gazebo.sh
[0.189s] -- Up-to-date: /home/holmesa8/csci597f/labs/ros-lab-2/install/ros_gz_gazebo/share/ament_index/resource_index/package_run_dependencies/ros_gz_gazebo
[0.190s] -- Up-to-date: /home/holmesa8/csci597f/labs/ros-lab-2/install/ros_gz_gazebo/share/ament_index/resource_index/parent_prefix_path/ros_gz_gazebo
[0.191s] -- Up-to-date: /home/holmesa8/csci597f/labs/ros-lab-2/install/ros_gz_gazebo/share/ros_gz_gazebo/environment/ament_prefix_path.sh
[0.192s] -- Up-to-date: /home/holmesa8/csci597f/labs/ros-lab-2/install/ros_gz_gazebo/share/ros_gz_gazebo/environment/ament_prefix_path.dsv
[0.193s] -- Up-to-date: /home/holmesa8/csci597f/labs/ros-lab-2/install/ros_gz_gazebo/share/ros_gz_gazebo/environment/path.sh
[0.193s] -- Up-to-date: /home/holmesa8/csci597f/labs/ros-lab-2/install/ros_gz_gazebo/share/ros_gz_gazebo/environment/path.dsv
[0.194s] -- Up-to-date: /home/holmesa8/csci597f/labs/ros-lab-2/install/ros_gz_gazebo/share/ros_gz_gazebo/local_setup.bash
[0.195s] -- Up-to-date: /home/holmesa8/csci597f/labs/ros-lab-2/install/ros_gz_gazebo/share/ros_gz_gazebo/local_setup.sh
[0.196s] -- Up-to-date: /home/holmesa8/csci597f/labs/ros-lab-2/install/ros_gz_gazebo/share/ros_gz_gazebo/local_setup.zsh
[0.197s] -- Up-to-date: /home/holmesa8/csci597f/labs/ros-lab-2/install/ros_gz_gazebo/share/ros_gz_gazebo/local_setup.dsv
[0.198s] -- Installing: /home/holmesa8/csci597f/labs/ros-lab-2/install/ros_gz_gazebo/share/ros_gz_gazebo/package.dsv
[0.204s] -- Up-to-date: /home/holmesa8/csci597f/labs/ros-lab-2/install/ros_gz_gazebo/share/ament_index/resource_index/packages/ros_gz_gazebo
[0.206s] -- Up-to-date: /home/holmesa8/csci597f/labs/ros-lab-2/install/ros_gz_gazebo/share/ros_gz_gazebo/cmake/ros_gz_gazeboConfig.cmake
[0.206s] -- Up-to-date: /home/holmesa8/csci597f/labs/ros-lab-2/install/ros_gz_gazebo/share/ros_gz_gazebo/cmake/ros_gz_gazeboConfig-version.cmake
[0.207s] -- Up-to-date: /home/holmesa8/csci597f/labs/ros-lab-2/install/ros_gz_gazebo/share/ros_gz_gazebo/package.xml
[0.211s] Invoked command in '/home/holmesa8/csci597f/labs/ros-lab-2/build/ros_gz_gazebo' returned '0': CMAKE_PREFIX_PATH=/home/holmesa8/csci597f/labs/ros-lab-2/install/ros_gz_description:/opt/ros/jazzy/opt/gz_sim_vendor:/opt/ros/jazzy/opt/gz_sensors_vendor:/opt/ros/jazzy/opt/gz_physics_vendor:/opt/ros/jazzy/opt/sdformat_vendor:/opt/ros/jazzy/opt/gz_gui_vendor:/opt/ros/jazzy/opt/gz_transport_vendor:/opt/ros/jazzy/opt/gz_rendering_vendor:/opt/ros/jazzy/opt/gz_plugin_vendor:/opt/ros/jazzy/opt/gz_fuel_tools_vendor:/opt/ros/jazzy/opt/gz_msgs_vendor:/opt/ros/jazzy/opt/gz_common_vendor:/opt/ros/jazzy/opt/gz_math_vendor:/opt/ros/jazzy/opt/gz_utils_vendor:/opt/ros/jazzy/opt/gz_tools_vendor:/opt/ros/jazzy/opt/gz_ogre_next_vendor:/opt/ros/jazzy/opt/gz_dartsim_vendor:/opt/ros/jazzy/opt/gz_cmake_vendor:/opt/ros/jazzy CONDA_PROMPT_MODIFIER=(base) PS1=<ROS2-Jazzy>[\u@\h \W]$ /usr/bin/cmake --install /home/holmesa8/csci597f/labs/ros-lab-2/build/ros_gz_gazebo
