[0.252s] Invoking command in '/home/holmesa8/csci597f/labs/ros-lab-2/build/ros_gz_app': CMAKE_PREFIX_PATH=${CMAKE_PREFIX_PATH}:/opt/ros/jazzy CONDA_PROMPT_MODIFIER=(base) PS1=<ROS2-Jazzy>[\u@\h \W]$ /usr/bin/cmake --build /home/holmesa8/csci597f/labs/ros-lab-2/build/ros_gz_app -- -j24 -l24
[0.398s] Invoked command in '/home/holmesa8/csci597f/labs/ros-lab-2/build/ros_gz_app' returned '0': CMAKE_PREFIX_PATH=${CMAKE_PREFIX_PATH}:/opt/ros/jazzy CONDA_PROMPT_MODIFIER=(base) PS1=<ROS2-Jazzy>[\u@\h \W]$ /usr/bin/cmake --build /home/holmesa8/csci597f/labs/ros-lab-2/build/ros_gz_app -- -j24 -l24
[0.413s] Invoking command in '/home/holmesa8/csci597f/labs/ros-lab-2/build/ros_gz_app': CMAKE_PREFIX_PATH=${CMAKE_PREFIX_PATH}:/opt/ros/jazzy CONDA_PROMPT_MODIFIER=(base) PS1=<ROS2-Jazzy>[\u@\h \W]$ /usr/bin/cmake --install /home/holmesa8/csci597f/labs/ros-lab-2/build/ros_gz_app
[0.422s] -- Install configuration: ""
[0.425s] -- Up-to-date: /home/holmesa8/csci597f/labs/ros-lab-2/install/ros_gz_app/share/ament_index/resource_index/package_run_dependencies/ros_gz_app
[0.427s] -- Up-to-date: /home/holmesa8/csci597f/labs/ros-lab-2/install/ros_gz_app/share/ament_index/resource_index/parent_prefix_path/ros_gz_app
[0.428s] -- Up-to-date: /home/holmesa8/csci597f/labs/ros-lab-2/install/ros_gz_app/share/ros_gz_app/environment/ament_prefix_path.sh
[0.430s] -- Up-to-date: /home/holmesa8/csci597f/labs/ros-lab-2/install/ros_gz_app/share/ros_gz_app/environment/ament_prefix_path.dsv
[0.431s] -- Up-to-date: /home/holmesa8/csci597f/labs/ros-lab-2/install/ros_gz_app/share/ros_gz_app/environment/path.sh
[0.432s] -- Up-to-date: /home/holmesa8/csci597f/labs/ros-lab-2/install/ros_gz_app/share/ros_gz_app/environment/path.dsv
[0.433s] -- Up-to-date: /home/holmesa8/csci597f/labs/ros-lab-2/install/ros_gz_app/share/ros_gz_app/local_setup.bash
[0.434s] -- Up-to-date: /home/holmesa8/csci597f/labs/ros-lab-2/install/ros_gz_app/share/ros_gz_app/local_setup.sh
[0.435s] -- Up-to-date: /home/holmesa8/csci597f/labs/ros-lab-2/install/ros_gz_app/share/ros_gz_app/local_setup.zsh
[0.436s] -- Up-to-date: /home/holmesa8/csci597f/labs/ros-lab-2/install/ros_gz_app/share/ros_gz_app/local_setup.dsv
[0.437s] -- Installing: /home/holmesa8/csci597f/labs/ros-lab-2/install/ros_gz_app/share/ros_gz_app/package.dsv
[0.445s] -- Up-to-date: /home/holmesa8/csci597f/labs/ros-lab-2/install/ros_gz_app/share/ament_index/resource_index/packages/ros_gz_app
[0.449s] -- Up-to-date: /home/holmesa8/csci597f/labs/ros-lab-2/install/ros_gz_app/share/ros_gz_app/cmake/ros_gz_appConfig.cmake
[0.451s] -- Up-to-date: /home/holmesa8/csci597f/labs/ros-lab-2/install/ros_gz_app/share/ros_gz_app/cmake/ros_gz_appConfig-version.cmake
[0.452s] -- Up-to-date: /home/holmesa8/csci597f/labs/ros-lab-2/install/ros_gz_app/share/ros_gz_app/package.xml
[0.456s] Invoked command in '/home/holmesa8/csci597f/labs/ros-lab-2/build/ros_gz_app' returned '0': CMAKE_PREFIX_PATH=${CMAKE_PREFIX_PATH}:/opt/ros/jazzy CONDA_PROMPT_MODIFIER=(base) PS1=<ROS2-Jazzy>[\u@\h \W]$ /usr/bin/cmake --install /home/holmesa8/csci597f/labs/ros-lab-2/build/ros_gz_app
