[0.028s] Invoking command in '/home/holmesa8/csci597f/labs/ros-lab-2/build/ros_gz_description': CMAKE_PREFIX_PATH=${CMAKE_PREFIX_PATH}:/opt/ros/jazzy CONDA_PROMPT_MODIFIER=(base) PS1=<ROS2-Jazzy>[\u@\h \W]$ /usr/bin/cmake /home/holmesa8/csci597f/labs/ros-lab-2/ros_gz_description -DBUILD_TESTING=ON -DCMAKE_INSTALL_PREFIX=/home/holmesa8/csci597f/labs/ros-lab-2/install/ros_gz_description
[1.016s] -- The C compiler identification is GNU 13.3.0
[1.486s] -- The CXX compiler identification is GNU 13.3.0
[1.539s] -- Detecting C compiler ABI info
[1.879s] -- Detecting C compiler ABI info - done
[1.896s] -- Check for working C compiler: /usr/bin/cc - skipped
[1.897s] -- Detecting C compile features
[1.897s] -- Detecting C compile features - done
[1.931s] -- Detecting CXX compiler ABI info
[2.204s] -- Detecting CXX compiler ABI info - done
[2.219s] -- Check for working CXX compiler: /usr/bin/c++ - skipped
[2.220s] -- Detecting CXX compile features
[2.220s] -- Detecting CXX compile features - done
[2.268s] -- Found ament_cmake: 2.5.3 (/opt/ros/jazzy/share/ament_cmake/cmake)
[2.551s] -- Found Python3: /research/hutchinson/workspace/holmesa8/miniconda3/bin/python3 (found version "3.10.13") found components: Interpreter 
[3.898s] Traceback (most recent call last):
[3.898s]   File "/opt/ros/jazzy/share/ament_cmake_core/cmake/core/package_xml_2_cmake.py", line 22, in <module>
[3.898s]     from catkin_pkg.package import parse_package_string
[3.898s] ModuleNotFoundError: No module named 'catkin_pkg'
[3.900s] [31mCMake Error at /opt/ros/jazzy/share/ament_cmake_core/cmake/core/ament_package_xml.cmake:95 (message):
[3.900s]   
[3.900s]   execute_process(/research/hutchinson/workspace/holmesa8/miniconda3/bin/python3
[3.900s]   /opt/ros/jazzy/share/ament_cmake_core/cmake/core/package_xml_2_cmake.py
[3.900s]   /home/holmesa8/csci597f/labs/ros-lab-2/ros_gz_description/package.xml
[3.900s]   /home/holmesa8/csci597f/labs/ros-lab-2/build/ros_gz_description/ament_cmake_core/package.cmake)
[3.900s]   returned error code 1
[3.900s] Call Stack (most recent call first):
[3.900s]   /opt/ros/jazzy/share/ament_cmake_core/cmake/core/ament_package_xml.cmake:49 (_ament_package_xml)
[3.900s]   /opt/ros/jazzy/share/ament_cmake_core/cmake/core/ament_package.cmake:63 (ament_package_xml)
[3.900s]   CMakeLists.txt:16 (ament_package)
[3.900s] 
[3.900s] [0m
[3.901s] -- Configuring incomplete, errors occurred!
