[0.202s] Invoking command in '/home/holmesa8/csci597f/labs/ros-lab-2/build/ros_gz_app': CMAKE_PREFIX_PATH=${CMAKE_PREFIX_PATH}:/home/holmesa8/csci597f/labs/ros-lab-2/install/py_pubsub:/opt/ros/jazzy CONDA_PROMPT_MODIFIER=(base) PS1=<ROS2-Jazzy>[\u@\h \W]$ /usr/bin/cmake --build /home/holmesa8/csci597f/labs/ros-lab-2/build/ros_gz_app -- -j24 -l24
[0.273s] Invoked command in '/home/holmesa8/csci597f/labs/ros-lab-2/build/ros_gz_app' returned '0': CMAKE_PREFIX_PATH=${CMAKE_PREFIX_PATH}:/home/holmesa8/csci597f/labs/ros-lab-2/install/py_pubsub:/opt/ros/jazzy CONDA_PROMPT_MODIFIER=(base) PS1=<ROS2-Jazzy>[\u@\h \W]$ /usr/bin/cmake --build /home/holmesa8/csci597f/labs/ros-lab-2/build/ros_gz_app -- -j24 -l24
[0.275s] Invoking command in '/home/holmesa8/csci597f/labs/ros-lab-2/build/ros_gz_app': CMAKE_PREFIX_PATH=${CMAKE_PREFIX_PATH}:/home/holmesa8/csci597f/labs/ros-lab-2/install/py_pubsub:/opt/ros/jazzy CONDA_PROMPT_MODIFIER=(base) PS1=<ROS2-Jazzy>[\u@\h \W]$ /usr/bin/cmake --install /home/holmesa8/csci597f/labs/ros-lab-2/build/ros_gz_app
[0.287s] -- Install configuration: ""
[0.287s] -- Up-to-date: /home/holmesa8/csci597f/labs/ros-lab-2/install/ros_gz_app/share/ament_index/resource_index/package_run_dependencies/ros_gz_app
[0.289s] -- Up-to-date: /home/holmesa8/csci597f/labs/ros-lab-2/install/ros_gz_app/share/ament_index/resource_index/parent_prefix_path/ros_gz_app
[0.290s] -- Up-to-date: /home/holmesa8/csci597f/labs/ros-lab-2/install/ros_gz_app/share/ros_gz_app/environment/ament_prefix_path.sh
[0.291s] -- Up-to-date: /home/holmesa8/csci597f/labs/ros-lab-2/install/ros_gz_app/share/ros_gz_app/environment/ament_prefix_path.dsv
[0.292s] -- Up-to-date: /home/holmesa8/csci597f/labs/ros-lab-2/install/ros_gz_app/share/ros_gz_app/environment/path.sh
[0.293s] -- Up-to-date: /home/holmesa8/csci597f/labs/ros-lab-2/install/ros_gz_app/share/ros_gz_app/environment/path.dsv
[0.293s] -- Up-to-date: /home/holmesa8/csci597f/labs/ros-lab-2/install/ros_gz_app/share/ros_gz_app/local_setup.bash
[0.294s] -- Up-to-date: /home/holmesa8/csci597f/labs/ros-lab-2/install/ros_gz_app/share/ros_gz_app/local_setup.sh
[0.295s] -- Up-to-date: /home/holmesa8/csci597f/labs/ros-lab-2/install/ros_gz_app/share/ros_gz_app/local_setup.zsh
[0.296s] -- Up-to-date: /home/holmesa8/csci597f/labs/ros-lab-2/install/ros_gz_app/share/ros_gz_app/local_setup.dsv
[0.296s] -- Installing: /home/holmesa8/csci597f/labs/ros-lab-2/install/ros_gz_app/share/ros_gz_app/package.dsv
[0.303s] -- Up-to-date: /home/holmesa8/csci597f/labs/ros-lab-2/install/ros_gz_app/share/ament_index/resource_index/packages/ros_gz_app
[0.304s] -- Up-to-date: /home/holmesa8/csci597f/labs/ros-lab-2/install/ros_gz_app/share/ros_gz_app/cmake/ros_gz_appConfig.cmake
[0.305s] -- Up-to-date: /home/holmesa8/csci597f/labs/ros-lab-2/install/ros_gz_app/share/ros_gz_app/cmake/ros_gz_appConfig-version.cmake
[0.306s] -- Up-to-date: /home/holmesa8/csci597f/labs/ros-lab-2/install/ros_gz_app/share/ros_gz_app/package.xml
[0.338s] Invoked command in '/home/holmesa8/csci597f/labs/ros-lab-2/build/ros_gz_app' returned '0': CMAKE_PREFIX_PATH=${CMAKE_PREFIX_PATH}:/home/holmesa8/csci597f/labs/ros-lab-2/install/py_pubsub:/opt/ros/jazzy CONDA_PROMPT_MODIFIER=(base) PS1=<ROS2-Jazzy>[\u@\h \W]$ /usr/bin/cmake --install /home/holmesa8/csci597f/labs/ros-lab-2/build/ros_gz_app
