[0.199s] Invoking command in '/home/holmesa8/csci597f/labs/ros-lab-2/build/ros_gz_app': CMAKE_PREFIX_PATH=${CMAKE_PREFIX_PATH}:/opt/ros/jazzy CONDA_PROMPT_MODIFIER=(base) PS1=<ROS2-Jazzy>[\u@\h \W]$ /usr/bin/cmake --build /home/holmesa8/csci597f/labs/ros-lab-2/build/ros_gz_app -- -j28 -l28
[0.367s] Invoked command in '/home/holmesa8/csci597f/labs/ros-lab-2/build/ros_gz_app' returned '0': CMAKE_PREFIX_PATH=${CMAKE_PREFIX_PATH}:/opt/ros/jazzy CONDA_PROMPT_MODIFIER=(base) PS1=<ROS2-Jazzy>[\u@\h \W]$ /usr/bin/cmake --build /home/holmesa8/csci597f/labs/ros-lab-2/build/ros_gz_app -- -j28 -l28
[0.373s] Invoking command in '/home/holmesa8/csci597f/labs/ros-lab-2/build/ros_gz_app': CMAKE_PREFIX_PATH=${CMAKE_PREFIX_PATH}:/opt/ros/jazzy CONDA_PROMPT_MODIFIER=(base) PS1=<ROS2-Jazzy>[\u@\h \W]$ /usr/bin/cmake --install /home/holmesa8/csci597f/labs/ros-lab-2/build/ros_gz_app
[0.381s] -- Install configuration: ""
[0.383s] -- Up-to-date: /home/holmesa8/csci597f/labs/ros-lab-2/install/ros_gz_app/share/ament_index/resource_index/package_run_dependencies/ros_gz_app
[0.384s] -- Up-to-date: /home/holmesa8/csci597f/labs/ros-lab-2/install/ros_gz_app/share/ament_index/resource_index/parent_prefix_path/ros_gz_app
[0.385s] -- Up-to-date: /home/holmesa8/csci597f/labs/ros-lab-2/install/ros_gz_app/share/ros_gz_app/environment/ament_prefix_path.sh
[0.386s] -- Up-to-date: /home/holmesa8/csci597f/labs/ros-lab-2/install/ros_gz_app/share/ros_gz_app/environment/ament_prefix_path.dsv
[0.387s] -- Up-to-date: /home/holmesa8/csci597f/labs/ros-lab-2/install/ros_gz_app/share/ros_gz_app/environment/path.sh
[0.388s] -- Up-to-date: /home/holmesa8/csci597f/labs/ros-lab-2/install/ros_gz_app/share/ros_gz_app/environment/path.dsv
[0.389s] -- Up-to-date: /home/holmesa8/csci597f/labs/ros-lab-2/install/ros_gz_app/share/ros_gz_app/local_setup.bash
[0.391s] -- Up-to-date: /home/holmesa8/csci597f/labs/ros-lab-2/install/ros_gz_app/share/ros_gz_app/local_setup.sh
[0.392s] -- Up-to-date: /home/holmesa8/csci597f/labs/ros-lab-2/install/ros_gz_app/share/ros_gz_app/local_setup.zsh
[0.393s] -- Up-to-date: /home/holmesa8/csci597f/labs/ros-lab-2/install/ros_gz_app/share/ros_gz_app/local_setup.dsv
[0.393s] -- Installing: /home/holmesa8/csci597f/labs/ros-lab-2/install/ros_gz_app/share/ros_gz_app/package.dsv
[0.402s] -- Up-to-date: /home/holmesa8/csci597f/labs/ros-lab-2/install/ros_gz_app/share/ament_index/resource_index/packages/ros_gz_app
[0.403s] -- Up-to-date: /home/holmesa8/csci597f/labs/ros-lab-2/install/ros_gz_app/share/ros_gz_app/cmake/ros_gz_appConfig.cmake
[0.404s] -- Up-to-date: /home/holmesa8/csci597f/labs/ros-lab-2/install/ros_gz_app/share/ros_gz_app/cmake/ros_gz_appConfig-version.cmake
[0.405s] -- Up-to-date: /home/holmesa8/csci597f/labs/ros-lab-2/install/ros_gz_app/share/ros_gz_app/package.xml
[0.482s] Invoked command in '/home/holmesa8/csci597f/labs/ros-lab-2/build/ros_gz_app' returned '0': CMAKE_PREFIX_PATH=${CMAKE_PREFIX_PATH}:/opt/ros/jazzy CONDA_PROMPT_MODIFIER=(base) PS1=<ROS2-Jazzy>[\u@\h \W]$ /usr/bin/cmake --install /home/holmesa8/csci597f/labs/ros-lab-2/build/ros_gz_app
