[0.767s] Invoking command in '/home/holmesa8/csci597f/labs/ros-lab-2/src/py_pubsub': CONDA_PROMPT_MODIFIER=(base) PS1=<ROS2-Jazzy>[\u@\h \W]$ PYTHONPATH=/home/holmesa8/csci597f/labs/ros-lab-2/src/build/py_pubsub/prefix_override:/usr/lib/python3/dist-packages/colcon_core/task/python/colcon_distutils_commands:/home/holmesa8/csci597f/labs/ros-lab-2/src/install/py_pubsub/lib/python3.12/site-packages:${PYTHONPATH} /usr/bin/python3 -W ignore:setup.py install is deprecated -W ignore:easy_install command is deprecated setup.py egg_info --egg-base ../build/py_pubsub build --build-base /home/holmesa8/csci597f/labs/ros-lab-2/src/build/py_pubsub/build install --record /home/holmesa8/csci597f/labs/ros-lab-2/src/build/py_pubsub/install.log --single-version-externally-managed install_data
[0.960s] running egg_info
[0.970s] writing ../build/py_pubsub/py_pubsub.egg-info/PKG-INFO
[0.987s] writing dependency_links to ../build/py_pubsub/py_pubsub.egg-info/dependency_links.txt
[1.000s] writing entry points to ../build/py_pubsub/py_pubsub.egg-info/entry_points.txt
[1.014s] writing requirements to ../build/py_pubsub/py_pubsub.egg-info/requires.txt
[1.025s] writing top-level names to ../build/py_pubsub/py_pubsub.egg-info/top_level.txt
[1.104s] reading manifest file '../build/py_pubsub/py_pubsub.egg-info/SOURCES.txt'
[1.108s] adding license file 'LICENSE'
[1.109s] writing manifest file '../build/py_pubsub/py_pubsub.egg-info/SOURCES.txt'
[1.119s] running build
[1.119s] running build_py
[1.127s] copying py_pubsub/publisher.py -> /home/holmesa8/csci597f/labs/ros-lab-2/src/build/py_pubsub/build/lib/py_pubsub
[1.142s] running install
[1.154s] running install_lib
[1.189s] copying /home/holmesa8/csci597f/labs/ros-lab-2/src/build/py_pubsub/build/lib/py_pubsub/publisher.py -> /home/holmesa8/csci597f/labs/ros-lab-2/src/install/py_pubsub/lib/python3.12/site-packages/py_pubsub
[1.211s] byte-compiling /home/holmesa8/csci597f/labs/ros-lab-2/src/install/py_pubsub/lib/python3.12/site-packages/py_pubsub/publisher.py to publisher.cpython-312.pyc
[1.233s] running install_data
[1.234s] running install_egg_info
[1.280s] removing '/home/holmesa8/csci597f/labs/ros-lab-2/src/install/py_pubsub/lib/python3.12/site-packages/py_pubsub-0.0.0-py3.12.egg-info' (and everything under it)
[1.315s] Copying ../build/py_pubsub/py_pubsub.egg-info to /home/holmesa8/csci597f/labs/ros-lab-2/src/install/py_pubsub/lib/python3.12/site-packages/py_pubsub-0.0.0-py3.12.egg-info
[1.459s] running install_scripts
[1.712s] Installing publisher script to /home/holmesa8/csci597f/labs/ros-lab-2/src/install/py_pubsub/lib/py_pubsub
[1.725s] Installing subscriber script to /home/holmesa8/csci597f/labs/ros-lab-2/src/install/py_pubsub/lib/py_pubsub
[1.739s] writing list of installed files to '/home/holmesa8/csci597f/labs/ros-lab-2/src/build/py_pubsub/install.log'
[1.785s] Invoked command in '/home/holmesa8/csci597f/labs/ros-lab-2/src/py_pubsub' returned '0': CONDA_PROMPT_MODIFIER=(base) PS1=<ROS2-Jazzy>[\u@\h \W]$ PYTHONPATH=/home/holmesa8/csci597f/labs/ros-lab-2/src/build/py_pubsub/prefix_override:/usr/lib/python3/dist-packages/colcon_core/task/python/colcon_distutils_commands:/home/holmesa8/csci597f/labs/ros-lab-2/src/install/py_pubsub/lib/python3.12/site-packages:${PYTHONPATH} /usr/bin/python3 -W ignore:setup.py install is deprecated -W ignore:easy_install command is deprecated setup.py egg_info --egg-base ../build/py_pubsub build --build-base /home/holmesa8/csci597f/labs/ros-lab-2/src/build/py_pubsub/build install --record /home/holmesa8/csci597f/labs/ros-lab-2/src/build/py_pubsub/install.log --single-version-externally-managed install_data
