[0.036s] Invoking command in '/home/holmesa8/csci597f/labs/ros-lab-2/build/ros_gz_app': CMAKE_PREFIX_PATH=${CMAKE_PREFIX_PATH}:/opt/ros/jazzy CONDA_PROMPT_MODIFIER=(base) PS1=<ROS2-Jazzy>[\u@\h \W]$ /usr/bin/cmake /home/holmesa8/csci597f/labs/ros-lab-2/ros_gz_app -DBUILD_TESTING=ON -DCMAKE_INSTALL_PREFIX=/home/holmesa8/csci597f/labs/ros-lab-2/install/ros_gz_app
[1.008s] -- The C compiler identification is GNU 13.3.0
[1.478s] -- The CXX compiler identification is GNU 13.3.0
[1.531s] -- Detecting C compiler ABI info
[1.870s] -- Detecting C compiler ABI info - done
[1.887s] -- Check for working C compiler: /usr/bin/cc - skipped
[1.888s] -- Detecting C compile features
[1.889s] -- Detecting C compile features - done
[1.923s] -- Detecting CXX compiler ABI info
[2.195s] -- Detecting CXX compiler ABI info - done
[2.211s] -- Check for working CXX compiler: /usr/bin/c++ - skipped
[2.211s] -- Detecting CXX compile features
[2.212s] -- Detecting CXX compile features - done
[2.260s] -- Found ament_cmake: 2.5.3 (/opt/ros/jazzy/share/ament_cmake/cmake)
[2.543s] -- Found Python3: /research/hutchinson/workspace/holmesa8/miniconda3/bin/python3 (found version "3.10.13") found components: Interpreter 
[3.857s] Traceback (most recent call last):
[3.857s]   File "/opt/ros/jazzy/share/ament_cmake_core/cmake/core/package_xml_2_cmake.py", line 22, in <module>
[3.857s]     from catkin_pkg.package import parse_package_string
[3.857s] ModuleNotFoundError: No module named 'catkin_pkg'
[3.858s] [31mCMake Error at /opt/ros/jazzy/share/ament_cmake_core/cmake/core/ament_package_xml.cmake:95 (message):
[3.858s]   
[3.858s]   execute_process(/research/hutchinson/workspace/holmesa8/miniconda3/bin/python3
[3.858s]   /opt/ros/jazzy/share/ament_cmake_core/cmake/core/package_xml_2_cmake.py
[3.858s]   /home/holmesa8/csci597f/labs/ros-lab-2/ros_gz_app/package.xml
[3.858s]   /home/holmesa8/csci597f/labs/ros-lab-2/build/ros_gz_app/ament_cmake_core/package.cmake)
[3.858s]   returned error code 1
[3.858s] Call Stack (most recent call first):
[3.858s]   /opt/ros/jazzy/share/ament_cmake_core/cmake/core/ament_package_xml.cmake:49 (_ament_package_xml)
[3.859s]   /opt/ros/jazzy/share/ament_cmake_core/cmake/core/ament_package.cmake:63 (ament_package_xml)
[3.859s]   CMakeLists.txt:7 (ament_package)
[3.859s] 
[3.859s] [0m
[3.859s] -- Configuring incomplete, errors occurred!
[3.870s] Invoked command in '/home/holmesa8/csci597f/labs/ros-lab-2/build/ros_gz_app' returned '1': CMAKE_PREFIX_PATH=${CMAKE_PREFIX_PATH}:/opt/ros/jazzy CONDA_PROMPT_MODIFIER=(base) PS1=<ROS2-Jazzy>[\u@\h \W]$ /usr/bin/cmake /home/holmesa8/csci597f/labs/ros-lab-2/ros_gz_app -DBUILD_TESTING=ON -DCMAKE_INSTALL_PREFIX=/home/holmesa8/csci597f/labs/ros-lab-2/install/ros_gz_app
