[0.093s] DEBUG:colcon:Command line arguments: ['/usr/bin/colcon', 'build', '--cmake-args', '-DBUILD_TESTING=ON']
[0.093s] DEBUG:colcon:Parsed command line arguments: Namespace(log_base=None, log_level=None, verb_name='build', build_base='build', install_base='install', merge_install=False, symlink_install=False, test_result_base=None, continue_on_error=False, executor='parallel', parallel_workers=24, event_handlers=None, ignore_user_meta=False, metas=['./colcon.meta'], base_paths=['.'], packages_ignore=None, packages_ignore_regex=None, paths=None, packages_up_to=None, packages_up_to_regex=None, packages_above=None, packages_above_and_dependencies=None, packages_above_depth=None, packages_select_by_dep=None, packages_skip_by_dep=None, packages_skip_up_to=None, packages_select_build_failed=False, packages_skip_build_finished=False, packages_select_test_failures=False, packages_skip_test_passed=False, packages_select=None, packages_skip=None, packages_select_regex=None, packages_skip_regex=None, packages_start=None, packages_end=None, allow_overriding=[], cmake_args=['-DBUILD_TESTING=ON'], cmake_target=None, cmake_target_skip_unavailable=False, cmake_clean_cache=False, cmake_clean_first=False, cmake_force_configure=False, ament_cmake_args=None, catkin_cmake_args=None, catkin_skip_building_tests=False, mixin_files=None, mixin=None, verb_parser=<colcon_mixin.mixin.mixin_argument.MixinArgumentDecorator object at 0x7f4f00719d60>, verb_extension=<colcon_core.verb.build.BuildVerb object at 0x7f4f006eb410>, main=<bound method BuildVerb.main of <colcon_core.verb.build.BuildVerb object at 0x7f4f006eb410>>, mixin_verb=('build',))
[0.158s] Level 1:colcon.colcon_core.package_discovery:discover_packages(colcon_meta) check parameters
[0.158s] Level 1:colcon.colcon_core.package_discovery:discover_packages(recursive) check parameters
[0.158s] Level 1:colcon.colcon_core.package_discovery:discover_packages(ignore) check parameters
[0.158s] Level 1:colcon.colcon_core.package_discovery:discover_packages(path) check parameters
[0.158s] Level 1:colcon.colcon_core.package_discovery:discover_packages(colcon_meta) discover
[0.158s] Level 1:colcon.colcon_core.package_discovery:discover_packages(recursive) discover
[0.158s] INFO:colcon.colcon_core.package_discovery:Crawling recursively for packages in '/home/holmesa8/csci597f/labs/ros-lab-2'
[0.159s] Level 1:colcon.colcon_core.package_identification:_identify(.) by extensions ['ignore', 'ignore_ament_install']
[0.159s] Level 1:colcon.colcon_core.package_identification:_identify(.) by extension 'ignore'
[0.159s] Level 1:colcon.colcon_core.package_identification:_identify(.) by extension 'ignore_ament_install'
[0.160s] Level 1:colcon.colcon_core.package_identification:_identify(.) by extensions ['colcon_pkg']
[0.160s] Level 1:colcon.colcon_core.package_identification:_identify(.) by extension 'colcon_pkg'
[0.160s] Level 1:colcon.colcon_core.package_identification:_identify(.) by extensions ['colcon_meta']
[0.160s] Level 1:colcon.colcon_core.package_identification:_identify(.) by extension 'colcon_meta'
[0.160s] Level 1:colcon.colcon_core.package_identification:_identify(.) by extensions ['ros']
[0.160s] Level 1:colcon.colcon_core.package_identification:_identify(.) by extension 'ros'
[0.191s] Level 1:colcon.colcon_core.package_identification:_identify(.) by extensions ['cmake', 'python']
[0.191s] Level 1:colcon.colcon_core.package_identification:_identify(.) by extension 'cmake'
[0.191s] Level 1:colcon.colcon_core.package_identification:_identify(.) by extension 'python'
[0.192s] Level 1:colcon.colcon_core.package_identification:_identify(.) by extensions ['python_setup_py']
[0.192s] Level 1:colcon.colcon_core.package_identification:_identify(.) by extension 'python_setup_py'
[0.192s] Level 1:colcon.colcon_core.package_identification:_identify(build) by extensions ['ignore', 'ignore_ament_install']
[0.193s] Level 1:colcon.colcon_core.package_identification:_identify(build) by extension 'ignore'
[0.193s] Level 1:colcon.colcon_core.package_identification:_identify(build) ignored
[0.194s] Level 1:colcon.colcon_core.package_identification:_identify(figs) by extensions ['ignore', 'ignore_ament_install']
[0.194s] Level 1:colcon.colcon_core.package_identification:_identify(figs) by extension 'ignore'
[0.194s] Level 1:colcon.colcon_core.package_identification:_identify(figs) by extension 'ignore_ament_install'
[0.194s] Level 1:colcon.colcon_core.package_identification:_identify(figs) by extensions ['colcon_pkg']
[0.194s] Level 1:colcon.colcon_core.package_identification:_identify(figs) by extension 'colcon_pkg'
[0.195s] Level 1:colcon.colcon_core.package_identification:_identify(figs) by extensions ['colcon_meta']
[0.195s] Level 1:colcon.colcon_core.package_identification:_identify(figs) by extension 'colcon_meta'
[0.195s] Level 1:colcon.colcon_core.package_identification:_identify(figs) by extensions ['ros']
[0.195s] Level 1:colcon.colcon_core.package_identification:_identify(figs) by extension 'ros'
[0.196s] Level 1:colcon.colcon_core.package_identification:_identify(figs) by extensions ['cmake', 'python']
[0.196s] Level 1:colcon.colcon_core.package_identification:_identify(figs) by extension 'cmake'
[0.196s] Level 1:colcon.colcon_core.package_identification:_identify(figs) by extension 'python'
[0.196s] Level 1:colcon.colcon_core.package_identification:_identify(figs) by extensions ['python_setup_py']
[0.196s] Level 1:colcon.colcon_core.package_identification:_identify(figs) by extension 'python_setup_py'
[0.197s] Level 1:colcon.colcon_core.package_identification:_identify(install) by extensions ['ignore', 'ignore_ament_install']
[0.197s] Level 1:colcon.colcon_core.package_identification:_identify(install) by extension 'ignore'
[0.197s] Level 1:colcon.colcon_core.package_identification:_identify(install) ignored
[0.198s] Level 1:colcon.colcon_core.package_identification:_identify(log) by extensions ['ignore', 'ignore_ament_install']
[0.198s] Level 1:colcon.colcon_core.package_identification:_identify(log) by extension 'ignore'
[0.198s] Level 1:colcon.colcon_core.package_identification:_identify(log) ignored
[0.199s] Level 1:colcon.colcon_core.package_identification:_identify(ros_gz_app) by extensions ['ignore', 'ignore_ament_install']
[0.199s] Level 1:colcon.colcon_core.package_identification:_identify(ros_gz_app) by extension 'ignore'
[0.200s] Level 1:colcon.colcon_core.package_identification:_identify(ros_gz_app) by extension 'ignore_ament_install'
[0.200s] Level 1:colcon.colcon_core.package_identification:_identify(ros_gz_app) by extensions ['colcon_pkg']
[0.200s] Level 1:colcon.colcon_core.package_identification:_identify(ros_gz_app) by extension 'colcon_pkg'
[0.200s] Level 1:colcon.colcon_core.package_identification:_identify(ros_gz_app) by extensions ['colcon_meta']
[0.201s] Level 1:colcon.colcon_core.package_identification:_identify(ros_gz_app) by extension 'colcon_meta'
[0.201s] Level 1:colcon.colcon_core.package_identification:_identify(ros_gz_app) by extensions ['ros']
[0.201s] Level 1:colcon.colcon_core.package_identification:_identify(ros_gz_app) by extension 'ros'
[0.204s] DEBUG:colcon.colcon_core.package_identification:Package 'ros_gz_app' with type 'ros.ament_cmake' and name 'ros_gz_app'
[0.205s] Level 1:colcon.colcon_core.package_identification:_identify(ros_gz_bringup) by extensions ['ignore', 'ignore_ament_install']
[0.205s] Level 1:colcon.colcon_core.package_identification:_identify(ros_gz_bringup) by extension 'ignore'
[0.205s] Level 1:colcon.colcon_core.package_identification:_identify(ros_gz_bringup) by extension 'ignore_ament_install'
[0.206s] Level 1:colcon.colcon_core.package_identification:_identify(ros_gz_bringup) by extensions ['colcon_pkg']
[0.206s] Level 1:colcon.colcon_core.package_identification:_identify(ros_gz_bringup) by extension 'colcon_pkg'
[0.206s] Level 1:colcon.colcon_core.package_identification:_identify(ros_gz_bringup) by extensions ['colcon_meta']
[0.206s] Level 1:colcon.colcon_core.package_identification:_identify(ros_gz_bringup) by extension 'colcon_meta'
[0.206s] Level 1:colcon.colcon_core.package_identification:_identify(ros_gz_bringup) by extensions ['ros']
[0.206s] Level 1:colcon.colcon_core.package_identification:_identify(ros_gz_bringup) by extension 'ros'
[0.208s] DEBUG:colcon.colcon_core.package_identification:Package 'ros_gz_bringup' with type 'ros.ament_cmake' and name 'ros_gz_bringup'
[0.209s] Level 1:colcon.colcon_core.package_identification:_identify(ros_gz_description) by extensions ['ignore', 'ignore_ament_install']
[0.209s] Level 1:colcon.colcon_core.package_identification:_identify(ros_gz_description) by extension 'ignore'
[0.209s] Level 1:colcon.colcon_core.package_identification:_identify(ros_gz_description) by extension 'ignore_ament_install'
[0.210s] Level 1:colcon.colcon_core.package_identification:_identify(ros_gz_description) by extensions ['colcon_pkg']
[0.210s] Level 1:colcon.colcon_core.package_identification:_identify(ros_gz_description) by extension 'colcon_pkg'
[0.210s] Level 1:colcon.colcon_core.package_identification:_identify(ros_gz_description) by extensions ['colcon_meta']
[0.210s] Level 1:colcon.colcon_core.package_identification:_identify(ros_gz_description) by extension 'colcon_meta'
[0.210s] Level 1:colcon.colcon_core.package_identification:_identify(ros_gz_description) by extensions ['ros']
[0.210s] Level 1:colcon.colcon_core.package_identification:_identify(ros_gz_description) by extension 'ros'
[0.212s] DEBUG:colcon.colcon_core.package_identification:Package 'ros_gz_description' with type 'ros.ament_cmake' and name 'ros_gz_description'
[0.213s] Level 1:colcon.colcon_core.package_identification:_identify(ros_gz_gazebo) by extensions ['ignore', 'ignore_ament_install']
[0.213s] Level 1:colcon.colcon_core.package_identification:_identify(ros_gz_gazebo) by extension 'ignore'
[0.213s] Level 1:colcon.colcon_core.package_identification:_identify(ros_gz_gazebo) by extension 'ignore_ament_install'
[0.214s] Level 1:colcon.colcon_core.package_identification:_identify(ros_gz_gazebo) by extensions ['colcon_pkg']
[0.214s] Level 1:colcon.colcon_core.package_identification:_identify(ros_gz_gazebo) by extension 'colcon_pkg'
[0.214s] Level 1:colcon.colcon_core.package_identification:_identify(ros_gz_gazebo) by extensions ['colcon_meta']
[0.214s] Level 1:colcon.colcon_core.package_identification:_identify(ros_gz_gazebo) by extension 'colcon_meta'
[0.214s] Level 1:colcon.colcon_core.package_identification:_identify(ros_gz_gazebo) by extensions ['ros']
[0.214s] Level 1:colcon.colcon_core.package_identification:_identify(ros_gz_gazebo) by extension 'ros'
[0.216s] DEBUG:colcon.colcon_core.package_identification:Package 'ros_gz_gazebo' with type 'ros.ament_cmake' and name 'ros_gz_gazebo'
[0.216s] Level 1:colcon.colcon_core.package_discovery:discover_packages(recursive) using defaults
[0.216s] Level 1:colcon.colcon_core.package_discovery:discover_packages(ignore) discover
[0.216s] Level 1:colcon.colcon_core.package_discovery:discover_packages(ignore) using defaults
[0.216s] Level 1:colcon.colcon_core.package_discovery:discover_packages(path) discover
[0.216s] Level 1:colcon.colcon_core.package_discovery:discover_packages(path) using defaults
[0.277s] Level 1:colcon.colcon_core.package_discovery:discover_packages(prefix_path) check parameters
[0.277s] Level 1:colcon.colcon_core.package_discovery:discover_packages(prefix_path) discover
[0.288s] DEBUG:colcon.colcon_installed_package_information.package_discovery:Found 317 installed packages in /opt/ros/jazzy
[0.290s] Level 1:colcon.colcon_core.package_discovery:discover_packages(prefix_path) using defaults
[0.317s] Level 5:colcon.colcon_core.verb:set package 'ros_gz_app' build argument 'cmake_args' from command line to '['-DBUILD_TESTING=ON']'
[0.317s] Level 5:colcon.colcon_core.verb:set package 'ros_gz_app' build argument 'cmake_target' from command line to 'None'
[0.317s] Level 5:colcon.colcon_core.verb:set package 'ros_gz_app' build argument 'cmake_target_skip_unavailable' from command line to 'False'
[0.317s] Level 5:colcon.colcon_core.verb:set package 'ros_gz_app' build argument 'cmake_clean_cache' from command line to 'False'
[0.317s] Level 5:colcon.colcon_core.verb:set package 'ros_gz_app' build argument 'cmake_clean_first' from command line to 'False'
[0.317s] Level 5:colcon.colcon_core.verb:set package 'ros_gz_app' build argument 'cmake_force_configure' from command line to 'False'
[0.317s] Level 5:colcon.colcon_core.verb:set package 'ros_gz_app' build argument 'ament_cmake_args' from command line to 'None'
[0.317s] Level 5:colcon.colcon_core.verb:set package 'ros_gz_app' build argument 'catkin_cmake_args' from command line to 'None'
[0.317s] Level 5:colcon.colcon_core.verb:set package 'ros_gz_app' build argument 'catkin_skip_building_tests' from command line to 'False'
[0.317s] DEBUG:colcon.colcon_core.verb:Building package 'ros_gz_app' with the following arguments: {'ament_cmake_args': None, 'build_base': '/home/holmesa8/csci597f/labs/ros-lab-2/build/ros_gz_app', 'catkin_cmake_args': None, 'catkin_skip_building_tests': False, 'cmake_args': ['-DBUILD_TESTING=ON'], 'cmake_clean_cache': False, 'cmake_clean_first': False, 'cmake_force_configure': False, 'cmake_target': None, 'cmake_target_skip_unavailable': False, 'install_base': '/home/holmesa8/csci597f/labs/ros-lab-2/install/ros_gz_app', 'merge_install': False, 'path': '/home/holmesa8/csci597f/labs/ros-lab-2/ros_gz_app', 'symlink_install': False, 'test_result_base': None}
[0.317s] Level 5:colcon.colcon_core.verb:set package 'ros_gz_description' build argument 'cmake_args' from command line to '['-DBUILD_TESTING=ON']'
[0.317s] Level 5:colcon.colcon_core.verb:set package 'ros_gz_description' build argument 'cmake_target' from command line to 'None'
[0.317s] Level 5:colcon.colcon_core.verb:set package 'ros_gz_description' build argument 'cmake_target_skip_unavailable' from command line to 'False'
[0.317s] Level 5:colcon.colcon_core.verb:set package 'ros_gz_description' build argument 'cmake_clean_cache' from command line to 'False'
[0.317s] Level 5:colcon.colcon_core.verb:set package 'ros_gz_description' build argument 'cmake_clean_first' from command line to 'False'
[0.317s] Level 5:colcon.colcon_core.verb:set package 'ros_gz_description' build argument 'cmake_force_configure' from command line to 'False'
[0.317s] Level 5:colcon.colcon_core.verb:set package 'ros_gz_description' build argument 'ament_cmake_args' from command line to 'None'
[0.317s] Level 5:colcon.colcon_core.verb:set package 'ros_gz_description' build argument 'catkin_cmake_args' from command line to 'None'
[0.317s] Level 5:colcon.colcon_core.verb:set package 'ros_gz_description' build argument 'catkin_skip_building_tests' from command line to 'False'
[0.317s] DEBUG:colcon.colcon_core.verb:Building package 'ros_gz_description' with the following arguments: {'ament_cmake_args': None, 'build_base': '/home/holmesa8/csci597f/labs/ros-lab-2/build/ros_gz_description', 'catkin_cmake_args': None, 'catkin_skip_building_tests': False, 'cmake_args': ['-DBUILD_TESTING=ON'], 'cmake_clean_cache': False, 'cmake_clean_first': False, 'cmake_force_configure': False, 'cmake_target': None, 'cmake_target_skip_unavailable': False, 'install_base': '/home/holmesa8/csci597f/labs/ros-lab-2/install/ros_gz_description', 'merge_install': False, 'path': '/home/holmesa8/csci597f/labs/ros-lab-2/ros_gz_description', 'symlink_install': False, 'test_result_base': None}
[0.317s] Level 5:colcon.colcon_core.verb:set package 'ros_gz_gazebo' build argument 'cmake_args' from command line to '['-DBUILD_TESTING=ON']'
[0.317s] Level 5:colcon.colcon_core.verb:set package 'ros_gz_gazebo' build argument 'cmake_target' from command line to 'None'
[0.317s] Level 5:colcon.colcon_core.verb:set package 'ros_gz_gazebo' build argument 'cmake_target_skip_unavailable' from command line to 'False'
[0.317s] Level 5:colcon.colcon_core.verb:set package 'ros_gz_gazebo' build argument 'cmake_clean_cache' from command line to 'False'
[0.317s] Level 5:colcon.colcon_core.verb:set package 'ros_gz_gazebo' build argument 'cmake_clean_first' from command line to 'False'
[0.317s] Level 5:colcon.colcon_core.verb:set package 'ros_gz_gazebo' build argument 'cmake_force_configure' from command line to 'False'
[0.317s] Level 5:colcon.colcon_core.verb:set package 'ros_gz_gazebo' build argument 'ament_cmake_args' from command line to 'None'
[0.317s] Level 5:colcon.colcon_core.verb:set package 'ros_gz_gazebo' build argument 'catkin_cmake_args' from command line to 'None'
[0.317s] Level 5:colcon.colcon_core.verb:set package 'ros_gz_gazebo' build argument 'catkin_skip_building_tests' from command line to 'False'
[0.317s] DEBUG:colcon.colcon_core.verb:Building package 'ros_gz_gazebo' with the following arguments: {'ament_cmake_args': None, 'build_base': '/home/holmesa8/csci597f/labs/ros-lab-2/build/ros_gz_gazebo', 'catkin_cmake_args': None, 'catkin_skip_building_tests': False, 'cmake_args': ['-DBUILD_TESTING=ON'], 'cmake_clean_cache': False, 'cmake_clean_first': False, 'cmake_force_configure': False, 'cmake_target': None, 'cmake_target_skip_unavailable': False, 'install_base': '/home/holmesa8/csci597f/labs/ros-lab-2/install/ros_gz_gazebo', 'merge_install': False, 'path': '/home/holmesa8/csci597f/labs/ros-lab-2/ros_gz_gazebo', 'symlink_install': False, 'test_result_base': None}
[0.317s] Level 5:colcon.colcon_core.verb:set package 'ros_gz_bringup' build argument 'cmake_args' from command line to '['-DBUILD_TESTING=ON']'
[0.317s] Level 5:colcon.colcon_core.verb:set package 'ros_gz_bringup' build argument 'cmake_target' from command line to 'None'
[0.317s] Level 5:colcon.colcon_core.verb:set package 'ros_gz_bringup' build argument 'cmake_target_skip_unavailable' from command line to 'False'
[0.317s] Level 5:colcon.colcon_core.verb:set package 'ros_gz_bringup' build argument 'cmake_clean_cache' from command line to 'False'
[0.317s] Level 5:colcon.colcon_core.verb:set package 'ros_gz_bringup' build argument 'cmake_clean_first' from command line to 'False'
[0.317s] Level 5:colcon.colcon_core.verb:set package 'ros_gz_bringup' build argument 'cmake_force_configure' from command line to 'False'
[0.317s] Level 5:colcon.colcon_core.verb:set package 'ros_gz_bringup' build argument 'ament_cmake_args' from command line to 'None'
[0.317s] Level 5:colcon.colcon_core.verb:set package 'ros_gz_bringup' build argument 'catkin_cmake_args' from command line to 'None'
[0.317s] Level 5:colcon.colcon_core.verb:set package 'ros_gz_bringup' build argument 'catkin_skip_building_tests' from command line to 'False'
[0.317s] DEBUG:colcon.colcon_core.verb:Building package 'ros_gz_bringup' with the following arguments: {'ament_cmake_args': None, 'build_base': '/home/holmesa8/csci597f/labs/ros-lab-2/build/ros_gz_bringup', 'catkin_cmake_args': None, 'catkin_skip_building_tests': False, 'cmake_args': ['-DBUILD_TESTING=ON'], 'cmake_clean_cache': False, 'cmake_clean_first': False, 'cmake_force_configure': False, 'cmake_target': None, 'cmake_target_skip_unavailable': False, 'install_base': '/home/holmesa8/csci597f/labs/ros-lab-2/install/ros_gz_bringup', 'merge_install': False, 'path': '/home/holmesa8/csci597f/labs/ros-lab-2/ros_gz_bringup', 'symlink_install': False, 'test_result_base': None}
[0.317s] INFO:colcon.colcon_core.executor:Executing jobs using 'parallel' executor
[0.318s] DEBUG:colcon.colcon_parallel_executor.executor.parallel:run_until_complete
[0.319s] INFO:colcon.colcon_ros.task.ament_cmake.build:Building ROS package in '/home/holmesa8/csci597f/labs/ros-lab-2/ros_gz_description' with build type 'ament_cmake'
[0.319s] INFO:colcon.colcon_cmake.task.cmake.build:Building CMake package in '/home/holmesa8/csci597f/labs/ros-lab-2/ros_gz_description'
[0.321s] INFO:colcon.colcon_core.plugin_system:Skipping extension 'colcon_core.shell.bat': Not used on non-Windows systems
[0.321s] INFO:colcon.colcon_core.shell:Skip shell extension 'powershell' for command environment: Not usable outside of PowerShell
[0.321s] DEBUG:colcon.colcon_core.shell:Skip shell extension 'dsv' for command environment
[0.330s] INFO:colcon.colcon_ros.task.ament_cmake.build:Building ROS package in '/home/holmesa8/csci597f/labs/ros-lab-2/ros_gz_app' with build type 'ament_cmake'
[0.330s] INFO:colcon.colcon_cmake.task.cmake.build:Building CMake package in '/home/holmesa8/csci597f/labs/ros-lab-2/ros_gz_app'
[0.330s] INFO:colcon.colcon_core.shell:Skip shell extension 'powershell' for command environment: Not usable outside of PowerShell
[0.330s] DEBUG:colcon.colcon_core.shell:Skip shell extension 'dsv' for command environment
[0.350s] DEBUG:colcon.colcon_core.event_handler.log_command:Invoking command in '/home/holmesa8/csci597f/labs/ros-lab-2/build/ros_gz_description': CMAKE_PREFIX_PATH=${CMAKE_PREFIX_PATH}:/opt/ros/jazzy PS1=<ROS2-Jazzy>[\u@\h \W]$ /usr/bin/cmake --build /home/holmesa8/csci597f/labs/ros-lab-2/build/ros_gz_description -- -j24 -l24
[0.366s] DEBUG:colcon.colcon_core.event_handler.log_command:Invoking command in '/home/holmesa8/csci597f/labs/ros-lab-2/build/ros_gz_app': CMAKE_PREFIX_PATH=${CMAKE_PREFIX_PATH}:/opt/ros/jazzy PS1=<ROS2-Jazzy>[\u@\h \W]$ /usr/bin/cmake --build /home/holmesa8/csci597f/labs/ros-lab-2/build/ros_gz_app -- -j24 -l24
[0.844s] DEBUG:colcon.colcon_core.event_handler.log_command:Invoked command in '/home/holmesa8/csci597f/labs/ros-lab-2/build/ros_gz_description' returned '0': CMAKE_PREFIX_PATH=${CMAKE_PREFIX_PATH}:/opt/ros/jazzy PS1=<ROS2-Jazzy>[\u@\h \W]$ /usr/bin/cmake --build /home/holmesa8/csci597f/labs/ros-lab-2/build/ros_gz_description -- -j24 -l24
[0.873s] DEBUG:colcon.colcon_core.event_handler.log_command:Invoking command in '/home/holmesa8/csci597f/labs/ros-lab-2/build/ros_gz_description': CMAKE_PREFIX_PATH=${CMAKE_PREFIX_PATH}:/opt/ros/jazzy PS1=<ROS2-Jazzy>[\u@\h \W]$ /usr/bin/cmake --install /home/holmesa8/csci597f/labs/ros-lab-2/build/ros_gz_description
[0.877s] DEBUG:colcon.colcon_core.event_handler.log_command:Invoked command in '/home/holmesa8/csci597f/labs/ros-lab-2/build/ros_gz_app' returned '0': CMAKE_PREFIX_PATH=${CMAKE_PREFIX_PATH}:/opt/ros/jazzy PS1=<ROS2-Jazzy>[\u@\h \W]$ /usr/bin/cmake --build /home/holmesa8/csci597f/labs/ros-lab-2/build/ros_gz_app -- -j24 -l24
[0.883s] DEBUG:colcon.colcon_core.event_handler.log_command:Invoking command in '/home/holmesa8/csci597f/labs/ros-lab-2/build/ros_gz_app': CMAKE_PREFIX_PATH=${CMAKE_PREFIX_PATH}:/opt/ros/jazzy PS1=<ROS2-Jazzy>[\u@\h \W]$ /usr/bin/cmake --install /home/holmesa8/csci597f/labs/ros-lab-2/build/ros_gz_app
[0.942s] Level 1:colcon.colcon_core.environment:create_environment_scripts_only(ros_gz_app)
[0.942s] DEBUG:colcon.colcon_core.event_handler.log_command:Invoked command in '/home/holmesa8/csci597f/labs/ros-lab-2/build/ros_gz_app' returned '0': CMAKE_PREFIX_PATH=${CMAKE_PREFIX_PATH}:/opt/ros/jazzy PS1=<ROS2-Jazzy>[\u@\h \W]$ /usr/bin/cmake --install /home/holmesa8/csci597f/labs/ros-lab-2/build/ros_gz_app
[0.956s] Level 1:colcon.colcon_core.environment:checking '/home/holmesa8/csci597f/labs/ros-lab-2/install/ros_gz_app' for CMake module files
[0.961s] Level 1:colcon.colcon_core.environment:checking '/home/holmesa8/csci597f/labs/ros-lab-2/install/ros_gz_app' for CMake config files
[0.968s] Level 1:colcon.colcon_core.shell:create_environment_hook('ros_gz_app', 'cmake_prefix_path')
[0.968s] INFO:colcon.colcon_core.shell:Creating environment hook '/home/holmesa8/csci597f/labs/ros-lab-2/install/ros_gz_app/share/ros_gz_app/hook/cmake_prefix_path.ps1'
[0.973s] INFO:colcon.colcon_core.shell:Creating environment descriptor '/home/holmesa8/csci597f/labs/ros-lab-2/install/ros_gz_app/share/ros_gz_app/hook/cmake_prefix_path.dsv'
[0.976s] INFO:colcon.colcon_core.shell:Creating environment hook '/home/holmesa8/csci597f/labs/ros-lab-2/install/ros_gz_app/share/ros_gz_app/hook/cmake_prefix_path.sh'
[0.981s] Level 1:colcon.colcon_core.environment:checking '/home/holmesa8/csci597f/labs/ros-lab-2/install/ros_gz_app/bin'
[0.982s] Level 1:colcon.colcon_core.environment:checking '/home/holmesa8/csci597f/labs/ros-lab-2/install/ros_gz_app/lib/pkgconfig/ros_gz_app.pc'
[0.982s] Level 1:colcon.colcon_core.environment:checking '/home/holmesa8/csci597f/labs/ros-lab-2/install/ros_gz_app/lib/python3.12/site-packages'
[0.983s] Level 1:colcon.colcon_core.environment:checking '/home/holmesa8/csci597f/labs/ros-lab-2/install/ros_gz_app/bin'
[0.983s] INFO:colcon.colcon_core.shell:Creating package script '/home/holmesa8/csci597f/labs/ros-lab-2/install/ros_gz_app/share/ros_gz_app/package.ps1'
[0.988s] INFO:colcon.colcon_core.shell:Creating package descriptor '/home/holmesa8/csci597f/labs/ros-lab-2/install/ros_gz_app/share/ros_gz_app/package.dsv'
[0.991s] INFO:colcon.colcon_core.shell:Creating package script '/home/holmesa8/csci597f/labs/ros-lab-2/install/ros_gz_app/share/ros_gz_app/package.sh'
[0.994s] INFO:colcon.colcon_core.shell:Creating package script '/home/holmesa8/csci597f/labs/ros-lab-2/install/ros_gz_app/share/ros_gz_app/package.bash'
[0.998s] INFO:colcon.colcon_core.shell:Creating package script '/home/holmesa8/csci597f/labs/ros-lab-2/install/ros_gz_app/share/ros_gz_app/package.zsh'
[1.003s] Level 1:colcon.colcon_core.environment:create_file_with_runtime_dependencies(/home/holmesa8/csci597f/labs/ros-lab-2/install/ros_gz_app/share/colcon-core/packages/ros_gz_app)
[1.006s] Level 1:colcon.colcon_core.environment:create_environment_scripts_only(ros_gz_app)
[1.006s] Level 1:colcon.colcon_core.environment:checking '/home/holmesa8/csci597f/labs/ros-lab-2/install/ros_gz_app' for CMake module files
[1.007s] Level 1:colcon.colcon_core.environment:checking '/home/holmesa8/csci597f/labs/ros-lab-2/install/ros_gz_app' for CMake config files
[1.012s] Level 1:colcon.colcon_core.shell:create_environment_hook('ros_gz_app', 'cmake_prefix_path')
[1.013s] INFO:colcon.colcon_core.shell:Creating environment hook '/home/holmesa8/csci597f/labs/ros-lab-2/install/ros_gz_app/share/ros_gz_app/hook/cmake_prefix_path.ps1'
[1.016s] INFO:colcon.colcon_core.shell:Creating environment descriptor '/home/holmesa8/csci597f/labs/ros-lab-2/install/ros_gz_app/share/ros_gz_app/hook/cmake_prefix_path.dsv'
[1.019s] INFO:colcon.colcon_core.shell:Creating environment hook '/home/holmesa8/csci597f/labs/ros-lab-2/install/ros_gz_app/share/ros_gz_app/hook/cmake_prefix_path.sh'
[1.023s] Level 1:colcon.colcon_core.environment:checking '/home/holmesa8/csci597f/labs/ros-lab-2/install/ros_gz_app/bin'
[1.023s] Level 1:colcon.colcon_core.environment:checking '/home/holmesa8/csci597f/labs/ros-lab-2/install/ros_gz_app/lib/pkgconfig/ros_gz_app.pc'
[1.023s] Level 1:colcon.colcon_core.environment:checking '/home/holmesa8/csci597f/labs/ros-lab-2/install/ros_gz_app/lib/python3.12/site-packages'
[1.023s] Level 1:colcon.colcon_core.environment:checking '/home/holmesa8/csci597f/labs/ros-lab-2/install/ros_gz_app/bin'
[1.024s] INFO:colcon.colcon_core.shell:Creating package script '/home/holmesa8/csci597f/labs/ros-lab-2/install/ros_gz_app/share/ros_gz_app/package.ps1'
[1.027s] INFO:colcon.colcon_core.shell:Creating package descriptor '/home/holmesa8/csci597f/labs/ros-lab-2/install/ros_gz_app/share/ros_gz_app/package.dsv'
[1.030s] INFO:colcon.colcon_core.shell:Creating package script '/home/holmesa8/csci597f/labs/ros-lab-2/install/ros_gz_app/share/ros_gz_app/package.sh'
[1.032s] INFO:colcon.colcon_core.shell:Creating package script '/home/holmesa8/csci597f/labs/ros-lab-2/install/ros_gz_app/share/ros_gz_app/package.bash'
[1.035s] INFO:colcon.colcon_core.shell:Creating package script '/home/holmesa8/csci597f/labs/ros-lab-2/install/ros_gz_app/share/ros_gz_app/package.zsh'
[1.038s] Level 1:colcon.colcon_core.environment:create_file_with_runtime_dependencies(/home/holmesa8/csci597f/labs/ros-lab-2/install/ros_gz_app/share/colcon-core/packages/ros_gz_app)
[1.039s] Level 1:colcon.colcon_core.environment:create_environment_scripts_only(ros_gz_description)
[1.040s] Level 1:colcon.colcon_core.environment:checking '/home/holmesa8/csci597f/labs/ros-lab-2/install/ros_gz_description' for CMake module files
[1.044s] Level 1:colcon.colcon_core.environment:checking '/home/holmesa8/csci597f/labs/ros-lab-2/install/ros_gz_description' for CMake config files
[1.045s] DEBUG:colcon.colcon_core.event_handler.log_command:Invoked command in '/home/holmesa8/csci597f/labs/ros-lab-2/build/ros_gz_description' returned '0': CMAKE_PREFIX_PATH=${CMAKE_PREFIX_PATH}:/opt/ros/jazzy PS1=<ROS2-Jazzy>[\u@\h \W]$ /usr/bin/cmake --install /home/holmesa8/csci597f/labs/ros-lab-2/build/ros_gz_description
[1.050s] Level 1:colcon.colcon_core.shell:create_environment_hook('ros_gz_description', 'cmake_prefix_path')
[1.050s] INFO:colcon.colcon_core.shell:Creating environment hook '/home/holmesa8/csci597f/labs/ros-lab-2/install/ros_gz_description/share/ros_gz_description/hook/cmake_prefix_path.ps1'
[1.053s] INFO:colcon.colcon_core.shell:Creating environment descriptor '/home/holmesa8/csci597f/labs/ros-lab-2/install/ros_gz_description/share/ros_gz_description/hook/cmake_prefix_path.dsv'
[1.056s] INFO:colcon.colcon_core.shell:Creating environment hook '/home/holmesa8/csci597f/labs/ros-lab-2/install/ros_gz_description/share/ros_gz_description/hook/cmake_prefix_path.sh'
[1.060s] Level 1:colcon.colcon_core.environment:checking '/home/holmesa8/csci597f/labs/ros-lab-2/install/ros_gz_description/bin'
[1.060s] Level 1:colcon.colcon_core.environment:checking '/home/holmesa8/csci597f/labs/ros-lab-2/install/ros_gz_description/lib/pkgconfig/ros_gz_description.pc'
[1.060s] Level 1:colcon.colcon_core.environment:checking '/home/holmesa8/csci597f/labs/ros-lab-2/install/ros_gz_description/lib/python3.12/site-packages'
[1.061s] Level 1:colcon.colcon_core.environment:checking '/home/holmesa8/csci597f/labs/ros-lab-2/install/ros_gz_description/bin'
[1.061s] INFO:colcon.colcon_core.shell:Creating package script '/home/holmesa8/csci597f/labs/ros-lab-2/install/ros_gz_description/share/ros_gz_description/package.ps1'
[1.065s] INFO:colcon.colcon_core.shell:Creating package descriptor '/home/holmesa8/csci597f/labs/ros-lab-2/install/ros_gz_description/share/ros_gz_description/package.dsv'
[1.067s] INFO:colcon.colcon_core.shell:Creating package script '/home/holmesa8/csci597f/labs/ros-lab-2/install/ros_gz_description/share/ros_gz_description/package.sh'
[1.070s] INFO:colcon.colcon_core.shell:Creating package script '/home/holmesa8/csci597f/labs/ros-lab-2/install/ros_gz_description/share/ros_gz_description/package.bash'
[1.073s] INFO:colcon.colcon_core.shell:Creating package script '/home/holmesa8/csci597f/labs/ros-lab-2/install/ros_gz_description/share/ros_gz_description/package.zsh'
[1.076s] Level 1:colcon.colcon_core.environment:create_file_with_runtime_dependencies(/home/holmesa8/csci597f/labs/ros-lab-2/install/ros_gz_description/share/colcon-core/packages/ros_gz_description)
[1.079s] Level 1:colcon.colcon_core.environment:create_environment_scripts_only(ros_gz_description)
[1.079s] Level 1:colcon.colcon_core.environment:checking '/home/holmesa8/csci597f/labs/ros-lab-2/install/ros_gz_description' for CMake module files
[1.081s] Level 1:colcon.colcon_core.environment:checking '/home/holmesa8/csci597f/labs/ros-lab-2/install/ros_gz_description' for CMake config files
[1.084s] Level 1:colcon.colcon_core.shell:create_environment_hook('ros_gz_description', 'cmake_prefix_path')
[1.084s] INFO:colcon.colcon_core.shell:Creating environment hook '/home/holmesa8/csci597f/labs/ros-lab-2/install/ros_gz_description/share/ros_gz_description/hook/cmake_prefix_path.ps1'
[1.088s] INFO:colcon.colcon_core.shell:Creating environment descriptor '/home/holmesa8/csci597f/labs/ros-lab-2/install/ros_gz_description/share/ros_gz_description/hook/cmake_prefix_path.dsv'
[1.091s] INFO:colcon.colcon_core.shell:Creating environment hook '/home/holmesa8/csci597f/labs/ros-lab-2/install/ros_gz_description/share/ros_gz_description/hook/cmake_prefix_path.sh'
[1.095s] Level 1:colcon.colcon_core.environment:checking '/home/holmesa8/csci597f/labs/ros-lab-2/install/ros_gz_description/bin'
[1.095s] Level 1:colcon.colcon_core.environment:checking '/home/holmesa8/csci597f/labs/ros-lab-2/install/ros_gz_description/lib/pkgconfig/ros_gz_description.pc'
[1.096s] Level 1:colcon.colcon_core.environment:checking '/home/holmesa8/csci597f/labs/ros-lab-2/install/ros_gz_description/lib/python3.12/site-packages'
[1.096s] Level 1:colcon.colcon_core.environment:checking '/home/holmesa8/csci597f/labs/ros-lab-2/install/ros_gz_description/bin'
[1.096s] INFO:colcon.colcon_core.shell:Creating package script '/home/holmesa8/csci597f/labs/ros-lab-2/install/ros_gz_description/share/ros_gz_description/package.ps1'
[1.100s] INFO:colcon.colcon_core.shell:Creating package descriptor '/home/holmesa8/csci597f/labs/ros-lab-2/install/ros_gz_description/share/ros_gz_description/package.dsv'
[1.104s] INFO:colcon.colcon_core.shell:Creating package script '/home/holmesa8/csci597f/labs/ros-lab-2/install/ros_gz_description/share/ros_gz_description/package.sh'
[1.107s] INFO:colcon.colcon_core.shell:Creating package script '/home/holmesa8/csci597f/labs/ros-lab-2/install/ros_gz_description/share/ros_gz_description/package.bash'
[1.110s] INFO:colcon.colcon_core.shell:Creating package script '/home/holmesa8/csci597f/labs/ros-lab-2/install/ros_gz_description/share/ros_gz_description/package.zsh'
[1.113s] Level 1:colcon.colcon_core.environment:create_file_with_runtime_dependencies(/home/holmesa8/csci597f/labs/ros-lab-2/install/ros_gz_description/share/colcon-core/packages/ros_gz_description)
[1.114s] INFO:colcon.colcon_ros.task.ament_cmake.build:Building ROS package in '/home/holmesa8/csci597f/labs/ros-lab-2/ros_gz_gazebo' with build type 'ament_cmake'
[1.114s] INFO:colcon.colcon_cmake.task.cmake.build:Building CMake package in '/home/holmesa8/csci597f/labs/ros-lab-2/ros_gz_gazebo'
[1.114s] INFO:colcon.colcon_core.shell:Skip shell extension 'powershell' for command environment: Not usable outside of PowerShell
[1.114s] DEBUG:colcon.colcon_core.shell:Skip shell extension 'dsv' for command environment
[1.152s] DEBUG:colcon.colcon_core.event_handler.log_command:Invoking command in '/home/holmesa8/csci597f/labs/ros-lab-2/build/ros_gz_gazebo': CMAKE_PREFIX_PATH=/home/holmesa8/csci597f/labs/ros-lab-2/install/ros_gz_description:/opt/ros/jazzy/opt/gz_sim_vendor:/opt/ros/jazzy/opt/gz_sensors_vendor:/opt/ros/jazzy/opt/gz_physics_vendor:/opt/ros/jazzy/opt/sdformat_vendor:/opt/ros/jazzy/opt/gz_gui_vendor:/opt/ros/jazzy/opt/gz_transport_vendor:/opt/ros/jazzy/opt/gz_rendering_vendor:/opt/ros/jazzy/opt/gz_plugin_vendor:/opt/ros/jazzy/opt/gz_fuel_tools_vendor:/opt/ros/jazzy/opt/gz_msgs_vendor:/opt/ros/jazzy/opt/gz_common_vendor:/opt/ros/jazzy/opt/gz_math_vendor:/opt/ros/jazzy/opt/gz_utils_vendor:/opt/ros/jazzy/opt/gz_tools_vendor:/opt/ros/jazzy/opt/gz_ogre_next_vendor:/opt/ros/jazzy/opt/gz_dartsim_vendor:/opt/ros/jazzy/opt/gz_cmake_vendor:/opt/ros/jazzy PS1=<ROS2-Jazzy>[\u@\h \W]$ /usr/bin/cmake --build /home/holmesa8/csci597f/labs/ros-lab-2/build/ros_gz_gazebo -- -j24 -l24
[1.395s] DEBUG:colcon.colcon_core.event_handler.log_command:Invoked command in '/home/holmesa8/csci597f/labs/ros-lab-2/build/ros_gz_gazebo' returned '0': CMAKE_PREFIX_PATH=/home/holmesa8/csci597f/labs/ros-lab-2/install/ros_gz_description:/opt/ros/jazzy/opt/gz_sim_vendor:/opt/ros/jazzy/opt/gz_sensors_vendor:/opt/ros/jazzy/opt/gz_physics_vendor:/opt/ros/jazzy/opt/sdformat_vendor:/opt/ros/jazzy/opt/gz_gui_vendor:/opt/ros/jazzy/opt/gz_transport_vendor:/opt/ros/jazzy/opt/gz_rendering_vendor:/opt/ros/jazzy/opt/gz_plugin_vendor:/opt/ros/jazzy/opt/gz_fuel_tools_vendor:/opt/ros/jazzy/opt/gz_msgs_vendor:/opt/ros/jazzy/opt/gz_common_vendor:/opt/ros/jazzy/opt/gz_math_vendor:/opt/ros/jazzy/opt/gz_utils_vendor:/opt/ros/jazzy/opt/gz_tools_vendor:/opt/ros/jazzy/opt/gz_ogre_next_vendor:/opt/ros/jazzy/opt/gz_dartsim_vendor:/opt/ros/jazzy/opt/gz_cmake_vendor:/opt/ros/jazzy PS1=<ROS2-Jazzy>[\u@\h \W]$ /usr/bin/cmake --build /home/holmesa8/csci597f/labs/ros-lab-2/build/ros_gz_gazebo -- -j24 -l24
[1.401s] DEBUG:colcon.colcon_core.event_handler.log_command:Invoking command in '/home/holmesa8/csci597f/labs/ros-lab-2/build/ros_gz_gazebo': CMAKE_PREFIX_PATH=/home/holmesa8/csci597f/labs/ros-lab-2/install/ros_gz_description:/opt/ros/jazzy/opt/gz_sim_vendor:/opt/ros/jazzy/opt/gz_sensors_vendor:/opt/ros/jazzy/opt/gz_physics_vendor:/opt/ros/jazzy/opt/sdformat_vendor:/opt/ros/jazzy/opt/gz_gui_vendor:/opt/ros/jazzy/opt/gz_transport_vendor:/opt/ros/jazzy/opt/gz_rendering_vendor:/opt/ros/jazzy/opt/gz_plugin_vendor:/opt/ros/jazzy/opt/gz_fuel_tools_vendor:/opt/ros/jazzy/opt/gz_msgs_vendor:/opt/ros/jazzy/opt/gz_common_vendor:/opt/ros/jazzy/opt/gz_math_vendor:/opt/ros/jazzy/opt/gz_utils_vendor:/opt/ros/jazzy/opt/gz_tools_vendor:/opt/ros/jazzy/opt/gz_ogre_next_vendor:/opt/ros/jazzy/opt/gz_dartsim_vendor:/opt/ros/jazzy/opt/gz_cmake_vendor:/opt/ros/jazzy PS1=<ROS2-Jazzy>[\u@\h \W]$ /usr/bin/cmake --install /home/holmesa8/csci597f/labs/ros-lab-2/build/ros_gz_gazebo
[1.497s] Level 1:colcon.colcon_core.environment:create_environment_scripts_only(ros_gz_gazebo)
[1.497s] DEBUG:colcon.colcon_core.event_handler.log_command:Invoked command in '/home/holmesa8/csci597f/labs/ros-lab-2/build/ros_gz_gazebo' returned '0': CMAKE_PREFIX_PATH=/home/holmesa8/csci597f/labs/ros-lab-2/install/ros_gz_description:/opt/ros/jazzy/opt/gz_sim_vendor:/opt/ros/jazzy/opt/gz_sensors_vendor:/opt/ros/jazzy/opt/gz_physics_vendor:/opt/ros/jazzy/opt/sdformat_vendor:/opt/ros/jazzy/opt/gz_gui_vendor:/opt/ros/jazzy/opt/gz_transport_vendor:/opt/ros/jazzy/opt/gz_rendering_vendor:/opt/ros/jazzy/opt/gz_plugin_vendor:/opt/ros/jazzy/opt/gz_fuel_tools_vendor:/opt/ros/jazzy/opt/gz_msgs_vendor:/opt/ros/jazzy/opt/gz_common_vendor:/opt/ros/jazzy/opt/gz_math_vendor:/opt/ros/jazzy/opt/gz_utils_vendor:/opt/ros/jazzy/opt/gz_tools_vendor:/opt/ros/jazzy/opt/gz_ogre_next_vendor:/opt/ros/jazzy/opt/gz_dartsim_vendor:/opt/ros/jazzy/opt/gz_cmake_vendor:/opt/ros/jazzy PS1=<ROS2-Jazzy>[\u@\h \W]$ /usr/bin/cmake --install /home/holmesa8/csci597f/labs/ros-lab-2/build/ros_gz_gazebo
[1.497s] Level 1:colcon.colcon_core.environment:checking '/home/holmesa8/csci597f/labs/ros-lab-2/install/ros_gz_gazebo' for CMake module files
[1.503s] Level 1:colcon.colcon_core.environment:checking '/home/holmesa8/csci597f/labs/ros-lab-2/install/ros_gz_gazebo' for CMake config files
[1.512s] Level 1:colcon.colcon_core.shell:create_environment_hook('ros_gz_gazebo', 'cmake_prefix_path')
[1.512s] INFO:colcon.colcon_core.shell:Creating environment hook '/home/holmesa8/csci597f/labs/ros-lab-2/install/ros_gz_gazebo/share/ros_gz_gazebo/hook/cmake_prefix_path.ps1'
[1.515s] INFO:colcon.colcon_core.shell:Creating environment descriptor '/home/holmesa8/csci597f/labs/ros-lab-2/install/ros_gz_gazebo/share/ros_gz_gazebo/hook/cmake_prefix_path.dsv'
[1.518s] INFO:colcon.colcon_core.shell:Creating environment hook '/home/holmesa8/csci597f/labs/ros-lab-2/install/ros_gz_gazebo/share/ros_gz_gazebo/hook/cmake_prefix_path.sh'
[1.522s] Level 1:colcon.colcon_core.environment:checking '/home/holmesa8/csci597f/labs/ros-lab-2/install/ros_gz_gazebo/lib'
[1.523s] Level 1:colcon.colcon_core.environment:checking '/home/holmesa8/csci597f/labs/ros-lab-2/install/ros_gz_gazebo/bin'
[1.524s] Level 1:colcon.colcon_core.environment:checking '/home/holmesa8/csci597f/labs/ros-lab-2/install/ros_gz_gazebo/lib/pkgconfig/ros_gz_gazebo.pc'
[1.524s] Level 1:colcon.colcon_core.environment:checking '/home/holmesa8/csci597f/labs/ros-lab-2/install/ros_gz_gazebo/lib/python3.12/site-packages'
[1.525s] Level 1:colcon.colcon_core.environment:checking '/home/holmesa8/csci597f/labs/ros-lab-2/install/ros_gz_gazebo/bin'
[1.525s] INFO:colcon.colcon_core.shell:Creating package script '/home/holmesa8/csci597f/labs/ros-lab-2/install/ros_gz_gazebo/share/ros_gz_gazebo/package.ps1'
[1.529s] INFO:colcon.colcon_core.shell:Creating package descriptor '/home/holmesa8/csci597f/labs/ros-lab-2/install/ros_gz_gazebo/share/ros_gz_gazebo/package.dsv'
[1.532s] INFO:colcon.colcon_core.shell:Creating package script '/home/holmesa8/csci597f/labs/ros-lab-2/install/ros_gz_gazebo/share/ros_gz_gazebo/package.sh'
[1.535s] INFO:colcon.colcon_core.shell:Creating package script '/home/holmesa8/csci597f/labs/ros-lab-2/install/ros_gz_gazebo/share/ros_gz_gazebo/package.bash'
[1.538s] INFO:colcon.colcon_core.shell:Creating package script '/home/holmesa8/csci597f/labs/ros-lab-2/install/ros_gz_gazebo/share/ros_gz_gazebo/package.zsh'
[1.541s] Level 1:colcon.colcon_core.environment:create_file_with_runtime_dependencies(/home/holmesa8/csci597f/labs/ros-lab-2/install/ros_gz_gazebo/share/colcon-core/packages/ros_gz_gazebo)
[1.545s] Level 1:colcon.colcon_core.environment:create_environment_scripts_only(ros_gz_gazebo)
[1.545s] Level 1:colcon.colcon_core.environment:checking '/home/holmesa8/csci597f/labs/ros-lab-2/install/ros_gz_gazebo' for CMake module files
[1.547s] Level 1:colcon.colcon_core.environment:checking '/home/holmesa8/csci597f/labs/ros-lab-2/install/ros_gz_gazebo' for CMake config files
[1.553s] Level 1:colcon.colcon_core.shell:create_environment_hook('ros_gz_gazebo', 'cmake_prefix_path')
[1.553s] INFO:colcon.colcon_core.shell:Creating environment hook '/home/holmesa8/csci597f/labs/ros-lab-2/install/ros_gz_gazebo/share/ros_gz_gazebo/hook/cmake_prefix_path.ps1'
[1.556s] INFO:colcon.colcon_core.shell:Creating environment descriptor '/home/holmesa8/csci597f/labs/ros-lab-2/install/ros_gz_gazebo/share/ros_gz_gazebo/hook/cmake_prefix_path.dsv'
[1.559s] INFO:colcon.colcon_core.shell:Creating environment hook '/home/holmesa8/csci597f/labs/ros-lab-2/install/ros_gz_gazebo/share/ros_gz_gazebo/hook/cmake_prefix_path.sh'
[1.562s] Level 1:colcon.colcon_core.environment:checking '/home/holmesa8/csci597f/labs/ros-lab-2/install/ros_gz_gazebo/lib'
[1.563s] Level 1:colcon.colcon_core.environment:checking '/home/holmesa8/csci597f/labs/ros-lab-2/install/ros_gz_gazebo/bin'
[1.563s] Level 1:colcon.colcon_core.environment:checking '/home/holmesa8/csci597f/labs/ros-lab-2/install/ros_gz_gazebo/lib/pkgconfig/ros_gz_gazebo.pc'
[1.563s] Level 1:colcon.colcon_core.environment:checking '/home/holmesa8/csci597f/labs/ros-lab-2/install/ros_gz_gazebo/lib/python3.12/site-packages'
[1.564s] Level 1:colcon.colcon_core.environment:checking '/home/holmesa8/csci597f/labs/ros-lab-2/install/ros_gz_gazebo/bin'
[1.564s] INFO:colcon.colcon_core.shell:Creating package script '/home/holmesa8/csci597f/labs/ros-lab-2/install/ros_gz_gazebo/share/ros_gz_gazebo/package.ps1'
[1.567s] INFO:colcon.colcon_core.shell:Creating package descriptor '/home/holmesa8/csci597f/labs/ros-lab-2/install/ros_gz_gazebo/share/ros_gz_gazebo/package.dsv'
[1.570s] INFO:colcon.colcon_core.shell:Creating package script '/home/holmesa8/csci597f/labs/ros-lab-2/install/ros_gz_gazebo/share/ros_gz_gazebo/package.sh'
[1.573s] INFO:colcon.colcon_core.shell:Creating package script '/home/holmesa8/csci597f/labs/ros-lab-2/install/ros_gz_gazebo/share/ros_gz_gazebo/package.bash'
[1.576s] INFO:colcon.colcon_core.shell:Creating package script '/home/holmesa8/csci597f/labs/ros-lab-2/install/ros_gz_gazebo/share/ros_gz_gazebo/package.zsh'
[1.579s] Level 1:colcon.colcon_core.environment:create_file_with_runtime_dependencies(/home/holmesa8/csci597f/labs/ros-lab-2/install/ros_gz_gazebo/share/colcon-core/packages/ros_gz_gazebo)
[1.582s] INFO:colcon.colcon_ros.task.ament_cmake.build:Building ROS package in '/home/holmesa8/csci597f/labs/ros-lab-2/ros_gz_bringup' with build type 'ament_cmake'
[1.582s] INFO:colcon.colcon_cmake.task.cmake.build:Building CMake package in '/home/holmesa8/csci597f/labs/ros-lab-2/ros_gz_bringup'
[1.582s] INFO:colcon.colcon_core.shell:Skip shell extension 'powershell' for command environment: Not usable outside of PowerShell
[1.582s] DEBUG:colcon.colcon_core.shell:Skip shell extension 'dsv' for command environment
[1.622s] DEBUG:colcon.colcon_core.event_handler.log_command:Invoking command in '/home/holmesa8/csci597f/labs/ros-lab-2/build/ros_gz_bringup': AMENT_PREFIX_PATH=/home/holmesa8/csci597f/labs/ros-lab-2/install/ros_gz_gazebo:${AMENT_PREFIX_PATH} CMAKE_PREFIX_PATH=/home/holmesa8/csci597f/labs/ros-lab-2/install/ros_gz_gazebo:/home/holmesa8/csci597f/labs/ros-lab-2/install/ros_gz_description:/opt/ros/jazzy/opt/gz_sim_vendor:/opt/ros/jazzy/opt/gz_sensors_vendor:/opt/ros/jazzy/opt/gz_physics_vendor:/opt/ros/jazzy/opt/sdformat_vendor:/opt/ros/jazzy/opt/gz_gui_vendor:/opt/ros/jazzy/opt/gz_transport_vendor:/opt/ros/jazzy/opt/gz_rendering_vendor:/opt/ros/jazzy/opt/gz_plugin_vendor:/opt/ros/jazzy/opt/gz_fuel_tools_vendor:/opt/ros/jazzy/opt/gz_msgs_vendor:/opt/ros/jazzy/opt/gz_common_vendor:/opt/ros/jazzy/opt/gz_math_vendor:/opt/ros/jazzy/opt/gz_utils_vendor:/opt/ros/jazzy/opt/gz_tools_vendor:/opt/ros/jazzy/opt/gz_ogre_next_vendor:/opt/ros/jazzy/opt/gz_dartsim_vendor:/opt/ros/jazzy/opt/gz_cmake_vendor:/opt/ros/jazzy GZ_SIM_PLUGIN_PATH=/home/holmesa8/csci597f/labs/ros-lab-2/install/ros_gz_gazebo/lib/ros_gz_gazebo GZ_SIM_RESOURCE_PATH=/home/holmesa8/csci597f/labs/ros-lab-2/install/ros_gz_gazebo/share/ros_gz_gazebo/worlds PS1=<ROS2-Jazzy>[\u@\h \W]$ /usr/bin/cmake --build /home/holmesa8/csci597f/labs/ros-lab-2/build/ros_gz_bringup -- -j24 -l24
[1.720s] DEBUG:colcon.colcon_core.event_handler.log_command:Invoked command in '/home/holmesa8/csci597f/labs/ros-lab-2/build/ros_gz_bringup' returned '0': AMENT_PREFIX_PATH=/home/holmesa8/csci597f/labs/ros-lab-2/install/ros_gz_gazebo:${AMENT_PREFIX_PATH} CMAKE_PREFIX_PATH=/home/holmesa8/csci597f/labs/ros-lab-2/install/ros_gz_gazebo:/home/holmesa8/csci597f/labs/ros-lab-2/install/ros_gz_description:/opt/ros/jazzy/opt/gz_sim_vendor:/opt/ros/jazzy/opt/gz_sensors_vendor:/opt/ros/jazzy/opt/gz_physics_vendor:/opt/ros/jazzy/opt/sdformat_vendor:/opt/ros/jazzy/opt/gz_gui_vendor:/opt/ros/jazzy/opt/gz_transport_vendor:/opt/ros/jazzy/opt/gz_rendering_vendor:/opt/ros/jazzy/opt/gz_plugin_vendor:/opt/ros/jazzy/opt/gz_fuel_tools_vendor:/opt/ros/jazzy/opt/gz_msgs_vendor:/opt/ros/jazzy/opt/gz_common_vendor:/opt/ros/jazzy/opt/gz_math_vendor:/opt/ros/jazzy/opt/gz_utils_vendor:/opt/ros/jazzy/opt/gz_tools_vendor:/opt/ros/jazzy/opt/gz_ogre_next_vendor:/opt/ros/jazzy/opt/gz_dartsim_vendor:/opt/ros/jazzy/opt/gz_cmake_vendor:/opt/ros/jazzy GZ_SIM_PLUGIN_PATH=/home/holmesa8/csci597f/labs/ros-lab-2/install/ros_gz_gazebo/lib/ros_gz_gazebo GZ_SIM_RESOURCE_PATH=/home/holmesa8/csci597f/labs/ros-lab-2/install/ros_gz_gazebo/share/ros_gz_gazebo/worlds PS1=<ROS2-Jazzy>[\u@\h \W]$ /usr/bin/cmake --build /home/holmesa8/csci597f/labs/ros-lab-2/build/ros_gz_bringup -- -j24 -l24
[1.725s] DEBUG:colcon.colcon_core.event_handler.log_command:Invoking command in '/home/holmesa8/csci597f/labs/ros-lab-2/build/ros_gz_bringup': AMENT_PREFIX_PATH=/home/holmesa8/csci597f/labs/ros-lab-2/install/ros_gz_gazebo:${AMENT_PREFIX_PATH} CMAKE_PREFIX_PATH=/home/holmesa8/csci597f/labs/ros-lab-2/install/ros_gz_gazebo:/home/holmesa8/csci597f/labs/ros-lab-2/install/ros_gz_description:/opt/ros/jazzy/opt/gz_sim_vendor:/opt/ros/jazzy/opt/gz_sensors_vendor:/opt/ros/jazzy/opt/gz_physics_vendor:/opt/ros/jazzy/opt/sdformat_vendor:/opt/ros/jazzy/opt/gz_gui_vendor:/opt/ros/jazzy/opt/gz_transport_vendor:/opt/ros/jazzy/opt/gz_rendering_vendor:/opt/ros/jazzy/opt/gz_plugin_vendor:/opt/ros/jazzy/opt/gz_fuel_tools_vendor:/opt/ros/jazzy/opt/gz_msgs_vendor:/opt/ros/jazzy/opt/gz_common_vendor:/opt/ros/jazzy/opt/gz_math_vendor:/opt/ros/jazzy/opt/gz_utils_vendor:/opt/ros/jazzy/opt/gz_tools_vendor:/opt/ros/jazzy/opt/gz_ogre_next_vendor:/opt/ros/jazzy/opt/gz_dartsim_vendor:/opt/ros/jazzy/opt/gz_cmake_vendor:/opt/ros/jazzy GZ_SIM_PLUGIN_PATH=/home/holmesa8/csci597f/labs/ros-lab-2/install/ros_gz_gazebo/lib/ros_gz_gazebo GZ_SIM_RESOURCE_PATH=/home/holmesa8/csci597f/labs/ros-lab-2/install/ros_gz_gazebo/share/ros_gz_gazebo/worlds PS1=<ROS2-Jazzy>[\u@\h \W]$ /usr/bin/cmake --install /home/holmesa8/csci597f/labs/ros-lab-2/build/ros_gz_bringup
[1.796s] Level 1:colcon.colcon_core.environment:create_environment_scripts_only(ros_gz_bringup)
[1.797s] Level 1:colcon.colcon_core.environment:checking '/home/holmesa8/csci597f/labs/ros-lab-2/install/ros_gz_bringup' for CMake module files
[1.797s] DEBUG:colcon.colcon_core.event_handler.log_command:Invoked command in '/home/holmesa8/csci597f/labs/ros-lab-2/build/ros_gz_bringup' returned '0': AMENT_PREFIX_PATH=/home/holmesa8/csci597f/labs/ros-lab-2/install/ros_gz_gazebo:${AMENT_PREFIX_PATH} CMAKE_PREFIX_PATH=/home/holmesa8/csci597f/labs/ros-lab-2/install/ros_gz_gazebo:/home/holmesa8/csci597f/labs/ros-lab-2/install/ros_gz_description:/opt/ros/jazzy/opt/gz_sim_vendor:/opt/ros/jazzy/opt/gz_sensors_vendor:/opt/ros/jazzy/opt/gz_physics_vendor:/opt/ros/jazzy/opt/sdformat_vendor:/opt/ros/jazzy/opt/gz_gui_vendor:/opt/ros/jazzy/opt/gz_transport_vendor:/opt/ros/jazzy/opt/gz_rendering_vendor:/opt/ros/jazzy/opt/gz_plugin_vendor:/opt/ros/jazzy/opt/gz_fuel_tools_vendor:/opt/ros/jazzy/opt/gz_msgs_vendor:/opt/ros/jazzy/opt/gz_common_vendor:/opt/ros/jazzy/opt/gz_math_vendor:/opt/ros/jazzy/opt/gz_utils_vendor:/opt/ros/jazzy/opt/gz_tools_vendor:/opt/ros/jazzy/opt/gz_ogre_next_vendor:/opt/ros/jazzy/opt/gz_dartsim_vendor:/opt/ros/jazzy/opt/gz_cmake_vendor:/opt/ros/jazzy GZ_SIM_PLUGIN_PATH=/home/holmesa8/csci597f/labs/ros-lab-2/install/ros_gz_gazebo/lib/ros_gz_gazebo GZ_SIM_RESOURCE_PATH=/home/holmesa8/csci597f/labs/ros-lab-2/install/ros_gz_gazebo/share/ros_gz_gazebo/worlds PS1=<ROS2-Jazzy>[\u@\h \W]$ /usr/bin/cmake --install /home/holmesa8/csci597f/labs/ros-lab-2/build/ros_gz_bringup
[1.800s] Level 1:colcon.colcon_core.environment:checking '/home/holmesa8/csci597f/labs/ros-lab-2/install/ros_gz_bringup' for CMake config files
[1.804s] Level 1:colcon.colcon_core.shell:create_environment_hook('ros_gz_bringup', 'cmake_prefix_path')
[1.804s] INFO:colcon.colcon_core.shell:Creating environment hook '/home/holmesa8/csci597f/labs/ros-lab-2/install/ros_gz_bringup/share/ros_gz_bringup/hook/cmake_prefix_path.ps1'
[1.807s] INFO:colcon.colcon_core.shell:Creating environment descriptor '/home/holmesa8/csci597f/labs/ros-lab-2/install/ros_gz_bringup/share/ros_gz_bringup/hook/cmake_prefix_path.dsv'
[1.810s] INFO:colcon.colcon_core.shell:Creating environment hook '/home/holmesa8/csci597f/labs/ros-lab-2/install/ros_gz_bringup/share/ros_gz_bringup/hook/cmake_prefix_path.sh'
[1.814s] Level 1:colcon.colcon_core.environment:checking '/home/holmesa8/csci597f/labs/ros-lab-2/install/ros_gz_bringup/bin'
[1.814s] Level 1:colcon.colcon_core.environment:checking '/home/holmesa8/csci597f/labs/ros-lab-2/install/ros_gz_bringup/lib/pkgconfig/ros_gz_bringup.pc'
[1.814s] Level 1:colcon.colcon_core.environment:checking '/home/holmesa8/csci597f/labs/ros-lab-2/install/ros_gz_bringup/lib/python3.12/site-packages'
[1.815s] Level 1:colcon.colcon_core.environment:checking '/home/holmesa8/csci597f/labs/ros-lab-2/install/ros_gz_bringup/bin'
[1.815s] INFO:colcon.colcon_core.shell:Creating package script '/home/holmesa8/csci597f/labs/ros-lab-2/install/ros_gz_bringup/share/ros_gz_bringup/package.ps1'
[1.819s] INFO:colcon.colcon_core.shell:Creating package descriptor '/home/holmesa8/csci597f/labs/ros-lab-2/install/ros_gz_bringup/share/ros_gz_bringup/package.dsv'
[1.821s] INFO:colcon.colcon_core.shell:Creating package script '/home/holmesa8/csci597f/labs/ros-lab-2/install/ros_gz_bringup/share/ros_gz_bringup/package.sh'
[1.825s] INFO:colcon.colcon_core.shell:Creating package script '/home/holmesa8/csci597f/labs/ros-lab-2/install/ros_gz_bringup/share/ros_gz_bringup/package.bash'
[1.828s] INFO:colcon.colcon_core.shell:Creating package script '/home/holmesa8/csci597f/labs/ros-lab-2/install/ros_gz_bringup/share/ros_gz_bringup/package.zsh'
[1.831s] Level 1:colcon.colcon_core.environment:create_file_with_runtime_dependencies(/home/holmesa8/csci597f/labs/ros-lab-2/install/ros_gz_bringup/share/colcon-core/packages/ros_gz_bringup)
[1.835s] Level 1:colcon.colcon_core.environment:create_environment_scripts_only(ros_gz_bringup)
[1.836s] Level 1:colcon.colcon_core.environment:checking '/home/holmesa8/csci597f/labs/ros-lab-2/install/ros_gz_bringup' for CMake module files
[1.837s] Level 1:colcon.colcon_core.environment:checking '/home/holmesa8/csci597f/labs/ros-lab-2/install/ros_gz_bringup' for CMake config files
[1.839s] Level 1:colcon.colcon_core.shell:create_environment_hook('ros_gz_bringup', 'cmake_prefix_path')
[1.839s] INFO:colcon.colcon_core.shell:Creating environment hook '/home/holmesa8/csci597f/labs/ros-lab-2/install/ros_gz_bringup/share/ros_gz_bringup/hook/cmake_prefix_path.ps1'
[1.842s] INFO:colcon.colcon_core.shell:Creating environment descriptor '/home/holmesa8/csci597f/labs/ros-lab-2/install/ros_gz_bringup/share/ros_gz_bringup/hook/cmake_prefix_path.dsv'
[1.845s] INFO:colcon.colcon_core.shell:Creating environment hook '/home/holmesa8/csci597f/labs/ros-lab-2/install/ros_gz_bringup/share/ros_gz_bringup/hook/cmake_prefix_path.sh'
[1.849s] Level 1:colcon.colcon_core.environment:checking '/home/holmesa8/csci597f/labs/ros-lab-2/install/ros_gz_bringup/bin'
[1.849s] Level 1:colcon.colcon_core.environment:checking '/home/holmesa8/csci597f/labs/ros-lab-2/install/ros_gz_bringup/lib/pkgconfig/ros_gz_bringup.pc'
[1.849s] Level 1:colcon.colcon_core.environment:checking '/home/holmesa8/csci597f/labs/ros-lab-2/install/ros_gz_bringup/lib/python3.12/site-packages'
[1.850s] Level 1:colcon.colcon_core.environment:checking '/home/holmesa8/csci597f/labs/ros-lab-2/install/ros_gz_bringup/bin'
[1.850s] INFO:colcon.colcon_core.shell:Creating package script '/home/holmesa8/csci597f/labs/ros-lab-2/install/ros_gz_bringup/share/ros_gz_bringup/package.ps1'
[1.853s] INFO:colcon.colcon_core.shell:Creating package descriptor '/home/holmesa8/csci597f/labs/ros-lab-2/install/ros_gz_bringup/share/ros_gz_bringup/package.dsv'
[1.856s] INFO:colcon.colcon_core.shell:Creating package script '/home/holmesa8/csci597f/labs/ros-lab-2/install/ros_gz_bringup/share/ros_gz_bringup/package.sh'
[1.860s] INFO:colcon.colcon_core.shell:Creating package script '/home/holmesa8/csci597f/labs/ros-lab-2/install/ros_gz_bringup/share/ros_gz_bringup/package.bash'
[1.862s] INFO:colcon.colcon_core.shell:Creating package script '/home/holmesa8/csci597f/labs/ros-lab-2/install/ros_gz_bringup/share/ros_gz_bringup/package.zsh'
[1.865s] Level 1:colcon.colcon_core.environment:create_file_with_runtime_dependencies(/home/holmesa8/csci597f/labs/ros-lab-2/install/ros_gz_bringup/share/colcon-core/packages/ros_gz_bringup)
[1.868s] DEBUG:colcon.colcon_parallel_executor.executor.parallel:closing loop
[1.868s] DEBUG:colcon.colcon_parallel_executor.executor.parallel:loop closed
[1.868s] DEBUG:colcon.colcon_parallel_executor.executor.parallel:run_until_complete finished with '0'
[1.868s] DEBUG:colcon.colcon_core.event_reactor:joining thread
[1.947s] INFO:colcon.colcon_core.plugin_system:Skipping extension 'colcon_notification.desktop_notification.notify_send': Could not find 'notify-send'
[1.948s] INFO:colcon.colcon_core.plugin_system:Skipping extension 'colcon_notification.desktop_notification.terminal_notifier': Not used on non-Darwin systems
[1.948s] INFO:colcon.colcon_core.plugin_system:Skipping extension 'colcon_notification.desktop_notification.win32': Not used on non-Windows systems
[1.948s] INFO:colcon.colcon_notification.desktop_notification:Sending desktop notification using 'notify2'
[1.948s] DEBUG:colcon.colcon_notification.desktop_notification.notify2:Failed to initialize notify2: org.freedesktop.DBus.Error.ServiceUnknown: The name is not activatable
[1.949s] DEBUG:colcon.colcon_core.event_reactor:joined thread
[1.949s] INFO:colcon.colcon_core.shell:Creating prefix script '/home/holmesa8/csci597f/labs/ros-lab-2/install/local_setup.ps1'
[1.953s] INFO:colcon.colcon_core.shell:Creating prefix util module '/home/holmesa8/csci597f/labs/ros-lab-2/install/_local_setup_util_ps1.py'
[1.958s] INFO:colcon.colcon_core.shell:Creating prefix chain script '/home/holmesa8/csci597f/labs/ros-lab-2/install/setup.ps1'
[1.962s] INFO:colcon.colcon_core.shell:Creating prefix script '/home/holmesa8/csci597f/labs/ros-lab-2/install/local_setup.sh'
[1.966s] INFO:colcon.colcon_core.shell:Creating prefix util module '/home/holmesa8/csci597f/labs/ros-lab-2/install/_local_setup_util_sh.py'
[1.969s] INFO:colcon.colcon_core.shell:Creating prefix chain script '/home/holmesa8/csci597f/labs/ros-lab-2/install/setup.sh'
[1.973s] INFO:colcon.colcon_core.shell:Creating prefix script '/home/holmesa8/csci597f/labs/ros-lab-2/install/local_setup.bash'
[1.977s] INFO:colcon.colcon_core.shell:Creating prefix chain script '/home/holmesa8/csci597f/labs/ros-lab-2/install/setup.bash'
[1.981s] INFO:colcon.colcon_core.shell:Creating prefix script '/home/holmesa8/csci597f/labs/ros-lab-2/install/local_setup.zsh'
[1.985s] INFO:colcon.colcon_core.shell:Creating prefix chain script '/home/holmesa8/csci597f/labs/ros-lab-2/install/setup.zsh'
