[0.038s] Invoking command in '/home/holmesa8/csci597f/labs/ros-lab-2/build/ros_gz_gazebo': CMAKE_PREFIX_PATH=/home/holmesa8/csci597f/labs/ros-lab-2/install/ros_gz_description:/opt/ros/jazzy/opt/gz_sim_vendor:/opt/ros/jazzy/opt/gz_sensors_vendor:/opt/ros/jazzy/opt/gz_physics_vendor:/opt/ros/jazzy/opt/sdformat_vendor:/opt/ros/jazzy/opt/gz_gui_vendor:/opt/ros/jazzy/opt/gz_transport_vendor:/opt/ros/jazzy/opt/gz_rendering_vendor:/opt/ros/jazzy/opt/gz_plugin_vendor:/opt/ros/jazzy/opt/gz_fuel_tools_vendor:/opt/ros/jazzy/opt/gz_msgs_vendor:/opt/ros/jazzy/opt/gz_common_vendor:/opt/ros/jazzy/opt/gz_math_vendor:/opt/ros/jazzy/opt/gz_utils_vendor:/opt/ros/jazzy/opt/gz_tools_vendor:/opt/ros/jazzy/opt/gz_ogre_next_vendor:/opt/ros/jazzy/opt/gz_dartsim_vendor:/opt/ros/jazzy/opt/gz_cmake_vendor:/opt/ros/jazzy PS1=<ROS2-Jazzy>[\u@\h \W]$ /usr/bin/cmake /home/holmesa8/csci597f/labs/ros-lab-2/ros_gz_gazebo -DBUILD_TESTING=ON -DCMAKE_INSTALL_PREFIX=/home/holmesa8/csci597f/labs/ros-lab-2/install/ros_gz_gazebo
[0.206s] -- The C compiler identification is GNU 13.3.0
[0.366s] -- The CXX compiler identification is GNU 13.3.0
[0.425s] -- Detecting C compiler ABI info
[0.755s] -- Detecting C compiler ABI info - done
[0.765s] -- Check for working C compiler: /usr/bin/cc - skipped
[0.766s] -- Detecting C compile features
[0.767s] -- Detecting C compile features - done
[0.806s] -- Detecting CXX compiler ABI info
[1.162s] -- Detecting CXX compiler ABI info - done
[1.181s] -- Check for working CXX compiler: /usr/bin/c++ - skipped
[1.181s] -- Detecting CXX compile features
[1.182s] -- Detecting CXX compile features - done
[1.229s] -- Found ament_cmake: 2.5.3 (/opt/ros/jazzy/share/ament_cmake/cmake)
[1.481s] -- Found Python3: /usr/bin/python3 (found version "3.12.3") found components: Interpreter 
[1.964s] -- Found ros_gz_description: 0.0.0 (/home/holmesa8/csci597f/labs/ros-lab-2/install/ros_gz_description/share/ros_gz_description/cmake)
[2.033s] -- Looking for gz-plugin2 -- found version 2.0.4
[2.035s] -- Searching for dependencies of gz-plugin2
[2.057s] -- Looking for gz-utils2 -- found version 2.2.1
[2.057s] -- Searching for dependencies of gz-utils2
[2.058s] -- Searching for <gz-utils2> component [cli]
[2.075s] -- Looking for gz-utils2-cli -- found version 2.2.1
[2.075s] -- Searching for dependencies of gz-utils2-cli
[2.077s] -- Searching for <gz-plugin2> component [register]
[2.092s] -- Looking for gz-plugin2-register -- found version 2.0.4
[2.093s] -- Searching for dependencies of gz-plugin2-register
[2.116s] -- Looking for gz-common5 -- found version 5.7.1
[2.116s] -- Searching for dependencies of gz-common5
[2.117s] -- Looking for gz-utils2 -- found version 2.2.1
[2.125s] -- Looking for dlfcn.h - found
[2.148s] -- Looking for libdl - found
[2.151s] -- Found DL: TRUE  
[2.179s] -- Checking for module 'uuid'
[2.212s] --   Found uuid, version 2.39.3
[2.270s] -- Found UUID: TRUE  
[2.272s] -- Searching for <gz-common5> component [profiler]
[2.291s] -- Looking for gz-common5-profiler -- found version 5.7.1
[2.292s] -- Searching for dependencies of gz-common5-profiler
[2.311s] -- Looking for gz-sim8 -- found version 8.9.0
[2.312s] -- Searching for dependencies of gz-sim8
[2.327s] -- Looking for sdformat14 -- found version 14.7.0
[2.327s] -- Searching for dependencies of sdformat14
[2.340s] -- Checking for module 'tinyxml2'
[2.370s] --   Found tinyxml2, version 10.0.0
[2.449s] -- Looking for gz-math7 -- found version 7.5.2
[2.450s] -- Searching for dependencies of gz-math7
[2.450s] -- Looking for gz-utils2 -- found version 2.2.1
[2.452s] -- Looking for gz-utils2 -- found version 2.2.1
[2.455s] -- Looking for gz-plugin2 -- found version 2.0.4
[2.455s] -- Searching for dependencies of gz-plugin2
[2.455s] -- Looking for gz-utils2 -- found version 2.2.1
[2.455s] -- Searching for <gz-plugin2> component [loader]
[2.469s] -- Looking for gz-plugin2-loader -- found version 2.0.4
[2.469s] -- Searching for dependencies of gz-plugin2-loader
[2.470s] -- Searching for <gz-plugin2> component [register]
[2.485s] -- Looking for gz-transport13 -- found version 13.4.1
[2.486s] -- Searching for dependencies of gz-transport13
[3.127s] -- Found Protobuf: /usr/lib/x86_64-linux-gnu/libprotobuf.so (found version "3.21.12") 
[3.164s] -- Config-file not installed for ZeroMQ -- checking for pkg-config
[3.169s] -- Checking for module 'libzmq >= 4'
[3.179s] --   Found libzmq, version 4.3.5
[3.252s] -- Found ZeroMQ: TRUE (Required is at least version "4") 
[3.274s] -- Looking for gz-utils2 -- found version 2.2.1
[3.294s] -- Looking for gz-msgs10 -- found version 10.3.2
[3.294s] -- Searching for dependencies of gz-msgs10
[3.360s] -- Looking for gz-utils2 -- found version 2.2.1
[3.361s] -- Looking for gz-math7 -- found version 7.5.2
[3.375s] -- Searching for <gz-transport13> component [log]
[3.391s] -- Looking for gz-transport13-log -- found version 13.4.1
[3.391s] -- Searching for dependencies of gz-transport13-log
[3.392s] -- Searching for <gz-transport13> component [parameters]
[3.406s] -- Looking for gz-transport13-parameters -- found version 13.4.1
[3.406s] -- Searching for dependencies of gz-transport13-parameters
[3.409s] -- Looking for gz-msgs10 -- found version 10.3.2
[3.410s] -- Looking for gz-common5 -- found version 5.7.1
[3.411s] -- Searching for dependencies of gz-common5
[3.412s] -- Looking for gz-utils2 -- found version 2.2.1
[3.412s] -- Looking for dlfcn.h - found
[3.412s] -- Looking for libdl - found
[3.429s] -- Searching for <gz-common5> component [av]
[3.450s] -- Looking for gz-common5-av -- found version 5.7.1
[3.450s] -- Searching for dependencies of gz-common5-av
[3.460s] -- Checking for module 'libswscale'
[3.494s] --   Found libswscale, version 7.5.100
[3.564s] -- Found SWSCALE: TRUE  
[3.576s] -- Checking for module 'libavdevice >= 56.4.100'
[3.608s] --   Found libavdevice, version 60.3.100
[3.710s] -- Found AVDEVICE: TRUE (Required is at least version "56.4.100") 
[3.723s] -- Checking for module 'libavformat'
[3.755s] --   Found libavformat, version 60.16.100
[3.833s] -- Found AVFORMAT: TRUE  
[3.843s] -- Checking for module 'libavcodec'
[3.874s] --   Found libavcodec, version 60.31.102
[3.946s] -- Found AVCODEC: TRUE  
[3.958s] -- Checking for module 'libavutil'
[3.983s] --   Found libavutil, version 58.29.100
[4.046s] -- Found AVUTIL: TRUE  
[4.048s] -- Searching for <gz-common5> component [events]
[4.067s] -- Looking for gz-common5-events -- found version 5.7.1
[4.068s] -- Searching for dependencies of gz-common5-events
[4.068s] -- Looking for gz-math7 -- found version 7.5.2
[4.070s] -- Searching for <gz-common5> component [graphics]
[4.087s] -- Looking for gz-common5-graphics -- found version 5.7.1
[4.087s] -- Searching for dependencies of gz-common5-graphics
[4.088s] -- Looking for gz-math7 -- found version 7.5.2
[4.121s] -- Found GzAssimp: TRUE (found version "5.3.0") 
[4.123s] -- Searching for <gz-common5> component [io]
[4.143s] -- Looking for gz-common5-io -- found version 5.7.1
[4.143s] -- Searching for dependencies of gz-common5-io
[4.145s] -- Searching for <gz-common5> component [profiler]
[4.165s] -- Looking for gz-fuel_tools9 -- found version 9.1.1
[4.165s] -- Searching for dependencies of gz-fuel_tools9
[4.369s] -- Found CURL: /usr/lib/x86_64-linux-gnu/libcurl.so (found version "8.5.0")  
[4.409s] -- Checking for module 'jsoncpp'
[4.430s] --   Found jsoncpp, version 1.9.5
[4.493s] -- Found JSONCPP: TRUE  
[4.560s] -- Checking for module 'yaml-0.1'
[4.589s] --   Found yaml-0.1, version 0.2.5
[4.649s] -- Found YAML: TRUE  
[4.662s] -- Checking for module 'libzip'
[4.688s] --   Found libzip, version 1.7.3
[4.748s] -- Found ZIP: TRUE  
[4.749s] -- Looking for gz-utils2 -- found version 2.2.1
[4.749s] -- Looking for gz-common5 -- found version 5.7.1
[4.750s] -- Searching for dependencies of gz-common5
[4.751s] -- Looking for gz-utils2 -- found version 2.2.1
[4.751s] -- Looking for dlfcn.h - found
[4.751s] -- Looking for libdl - found
[4.761s] -- Searching for <gz-common5> component [testing]
[4.778s] -- Looking for gz-common5-testing -- found version 5.7.1
[4.778s] -- Searching for dependencies of gz-common5-testing
[4.779s] -- Looking for gz-math7 -- found version 7.5.2
[4.780s] -- Looking for gz-msgs10 -- found version 10.3.2
[4.792s] -- Looking for gz-gui8 -- found version 8.4.0
[4.793s] -- Searching for dependencies of gz-gui8
[4.862s] -- Looking for gz-utils2 -- found version 2.2.1
[4.863s] -- Looking for gz-math7 -- found version 7.5.2
[4.864s] -- Looking for gz-common5 -- found version 5.7.1
[4.865s] -- Looking for gz-plugin2 -- found version 2.0.4
[4.866s] -- Looking for gz-transport13 -- found version 13.4.1
[4.884s] -- Looking for gz-rendering8 -- found version 8.2.2
[4.884s] -- Searching for dependencies of gz-rendering8
[4.885s] -- Looking for gz-math7 -- found version 7.5.2
[4.885s] -- Searching for dependencies of gz-math7
[4.886s] -- Looking for gz-utils2 -- found version 2.2.1
[4.886s] -- Searching for <gz-math7> component [eigen3]
[4.907s] -- Looking for gz-math7-eigen3 -- found version 7.5.2
[4.908s] -- Searching for dependencies of gz-math7-eigen3
[4.960s] -- Looking for gz-common5 -- found version 5.7.1
[4.960s] -- Searching for dependencies of gz-common5
[4.961s] -- Looking for gz-utils2 -- found version 2.2.1
[4.961s] -- Looking for dlfcn.h - found
[4.961s] -- Looking for libdl - found
[4.974s] -- Searching for <gz-common5> component [graphics]
[4.974s] -- Searching for <gz-common5> component [events]
[4.974s] -- Searching for <gz-common5> component [geospatial]
[4.989s] -- Looking for gz-common5-geospatial -- found version 5.7.1
[4.989s] -- Searching for dependencies of gz-common5-geospatial
[4.990s] -- Looking for gz-math7 -- found version 7.5.2
[4.991s] -- Looking for gz-common5 -- found version 5.7.1
[4.993s] -- Looking for gz-plugin2 -- found version 2.0.4
[4.994s] -- Searching for dependencies of gz-plugin2
[4.994s] -- Looking for gz-utils2 -- found version 2.2.1
[4.995s] -- Searching for <gz-plugin2> component [all]
[5.010s] -- Looking for all libraries of gz-plugin2 -- found version 2.0.4
[5.012s] -- Looking for gz-plugin2 -- found version 2.0.4
[5.014s] -- Looking for gz-utils2 -- found version 2.2.1
[5.053s] -- Found OpenGL: /usr/lib/x86_64-linux-gnu/libOpenGL.so  found components: OpenGL 
[5.057s] -- Looking for gz-msgs10 -- found version 10.3.2
[5.173s] -- Looking for gz-physics7 -- found version 7.5.0
[5.173s] -- Searching for dependencies of gz-physics7
[5.174s] -- Looking for gz-common5 -- found version 5.7.1
[5.174s] -- Looking for gz-math7 -- found version 7.5.2
[5.175s] -- Looking for gz-plugin2 -- found version 2.0.4
[5.176s] -- Looking for gz-utils2 -- found version 2.2.1
[5.178s] -- Searching for <gz-physics7> component [heightmap]
[5.187s] -- Looking for gz-physics7-heightmap -- found version 7.5.0
[5.187s] -- Searching for dependencies of gz-physics7-heightmap
[5.188s] -- Looking for gz-common5 -- found version 5.7.1
[5.189s] -- Searching for <gz-physics7> component [mesh]
[5.199s] -- Looking for gz-physics7-mesh -- found version 7.5.0
[5.199s] -- Searching for dependencies of gz-physics7-mesh
[5.200s] -- Looking for gz-common5 -- found version 5.7.1
[5.201s] -- Searching for <gz-physics7> component [sdf]
[5.212s] -- Looking for gz-physics7-sdf -- found version 7.5.0
[5.212s] -- Searching for dependencies of gz-physics7-sdf
[5.213s] -- Looking for sdformat14 -- found version 14.7.0
[5.226s] -- Looking for gz-sensors8 -- found version 8.2.2
[5.227s] -- Searching for dependencies of gz-sensors8
[5.296s] -- Looking for gz-math7 -- found version 7.5.2
[5.297s] -- Looking for gz-common5 -- found version 5.7.1
[5.298s] -- Looking for gz-transport13 -- found version 13.4.1
[5.299s] -- Looking for gz-rendering8 -- found version 8.2.2
[5.300s] -- Looking for gz-msgs10 -- found version 10.3.2
[5.301s] -- Looking for sdformat14 -- found version 14.7.0
[5.303s] -- Searching for <gz-sensors8> component [air_pressure]
[5.314s] -- Looking for gz-sensors8-air_pressure -- found version 8.2.2
[5.314s] -- Searching for dependencies of gz-sensors8-air_pressure
[5.315s] -- Searching for <gz-sensors8> component [air_speed]
[5.326s] -- Looking for gz-sensors8-air_speed -- found version 8.2.2
[5.326s] -- Searching for dependencies of gz-sensors8-air_speed
[5.328s] -- Searching for <gz-sensors8> component [altimeter]
[5.338s] -- Looking for gz-sensors8-altimeter -- found version 8.2.2
[5.339s] -- Searching for dependencies of gz-sensors8-altimeter
[5.340s] -- Searching for <gz-sensors8> component [imu]
[5.350s] -- Looking for gz-sensors8-imu -- found version 8.2.2
[5.350s] -- Searching for dependencies of gz-sensors8-imu
[5.351s] -- Searching for <gz-sensors8> component [force_torque]
[5.361s] -- Looking for gz-sensors8-force_torque -- found version 8.2.2
[5.361s] -- Searching for dependencies of gz-sensors8-force_torque
[5.363s] -- Searching for <gz-sensors8> component [logical_camera]
[5.372s] -- Looking for gz-sensors8-logical_camera -- found version 8.2.2
[5.372s] -- Searching for dependencies of gz-sensors8-logical_camera
[5.374s] -- Searching for <gz-sensors8> component [magnetometer]
[5.385s] -- Looking for gz-sensors8-magnetometer -- found version 8.2.2
[5.385s] -- Searching for dependencies of gz-sensors8-magnetometer
[5.386s] -- Searching for <gz-sensors8> component [navsat]
[5.396s] -- Looking for gz-sensors8-navsat -- found version 8.2.2
[5.396s] -- Searching for dependencies of gz-sensors8-navsat
[5.397s] -- Searching for <gz-sensors8> component [dvl]
[5.407s] -- Looking for gz-sensors8-dvl -- found version 8.2.2
[5.407s] -- Searching for dependencies of gz-sensors8-dvl
[5.408s] -- Looking for gz-sensors8 -- found version 8.2.2
[5.408s] -- Searching for dependencies of gz-sensors8
[5.472s] -- Looking for gz-math7 -- found version 7.5.2
[5.473s] -- Looking for gz-common5 -- found version 5.7.1
[5.475s] -- Looking for gz-transport13 -- found version 13.4.1
[5.476s] -- Looking for gz-rendering8 -- found version 8.2.2
[5.477s] -- Looking for gz-msgs10 -- found version 10.3.2
[5.478s] -- Looking for sdformat14 -- found version 14.7.0
[5.478s] -- Searching for <gz-sensors8> component [rendering]
[5.490s] -- Looking for gz-sensors8-rendering -- found version 8.2.2
[5.490s] -- Searching for dependencies of gz-sensors8-rendering
[5.493s] -- Searching for <gz-sensors8> component [rendering]
[5.493s] -- Searching for <gz-sensors8> component [lidar]
[5.502s] -- Looking for gz-sensors8-lidar -- found version 8.2.2
[5.503s] -- Searching for dependencies of gz-sensors8-lidar
[5.504s] -- Looking for gz-sensors8 -- found version 8.2.2
[5.505s] -- Searching for <gz-sensors8> component [gpu_lidar]
[5.515s] -- Looking for gz-sensors8-gpu_lidar -- found version 8.2.2
[5.515s] -- Searching for dependencies of gz-sensors8-gpu_lidar
[5.516s] -- Looking for gz-sensors8 -- found version 8.2.2
[5.517s] -- Searching for <gz-sensors8> component [camera]
[5.527s] -- Looking for gz-sensors8-camera -- found version 8.2.2
[5.527s] -- Searching for dependencies of gz-sensors8-camera
[5.528s] -- Looking for gz-sensors8 -- found version 8.2.2
[5.529s] -- Searching for <gz-sensors8> component [boundingbox_camera]
[5.539s] -- Looking for gz-sensors8-boundingbox_camera -- found version 8.2.2
[5.540s] -- Searching for dependencies of gz-sensors8-boundingbox_camera
[5.541s] -- Searching for <gz-sensors8> component [segmentation_camera]
[5.551s] -- Looking for gz-sensors8-segmentation_camera -- found version 8.2.2
[5.551s] -- Searching for dependencies of gz-sensors8-segmentation_camera
[5.552s] -- Searching for <gz-sensors8> component [depth_camera]
[5.562s] -- Looking for gz-sensors8-depth_camera -- found version 8.2.2
[5.563s] -- Searching for dependencies of gz-sensors8-depth_camera
[5.563s] -- Looking for gz-sensors8 -- found version 8.2.2
[5.565s] -- Searching for <gz-sensors8> component [rgbd_camera]
[5.574s] -- Looking for gz-sensors8-rgbd_camera -- found version 8.2.2
[5.575s] -- Searching for dependencies of gz-sensors8-rgbd_camera
[5.576s] -- Looking for gz-sensors8 -- found version 8.2.2
[5.577s] -- Searching for <gz-sensors8> component [thermal_camera]
[5.587s] -- Looking for gz-sensors8-thermal_camera -- found version 8.2.2
[5.588s] -- Searching for dependencies of gz-sensors8-thermal_camera
[5.589s] -- Looking for gz-sensors8 -- found version 8.2.2
[5.591s] -- Searching for <gz-sensors8> component [wide_angle_camera]
[5.601s] -- Looking for gz-sensors8-wide_angle_camera -- found version 8.2.2
[5.601s] -- Searching for dependencies of gz-sensors8-wide_angle_camera
[5.604s] -- Looking for gz-rendering8 -- found version 8.2.2
[5.606s] -- Looking for gz-math7 -- found version 7.5.2
[5.606s] -- Looking for gz-utils2 -- found version 2.2.1
[5.682s] -- Compiling against Gazebo Harmonic
[5.713s] -- Found ament_lint_auto: 0.17.2 (/opt/ros/jazzy/share/ament_lint_auto/cmake)
[5.909s] -- Configuring done (5.8s)
[6.186s] -- Generating done (0.2s)
[6.252s] -- Build files have been written to: /home/holmesa8/csci597f/labs/ros-lab-2/build/ros_gz_gazebo
[6.268s] Invoked command in '/home/holmesa8/csci597f/labs/ros-lab-2/build/ros_gz_gazebo' returned '0': CMAKE_PREFIX_PATH=/home/holmesa8/csci597f/labs/ros-lab-2/install/ros_gz_description:/opt/ros/jazzy/opt/gz_sim_vendor:/opt/ros/jazzy/opt/gz_sensors_vendor:/opt/ros/jazzy/opt/gz_physics_vendor:/opt/ros/jazzy/opt/sdformat_vendor:/opt/ros/jazzy/opt/gz_gui_vendor:/opt/ros/jazzy/opt/gz_transport_vendor:/opt/ros/jazzy/opt/gz_rendering_vendor:/opt/ros/jazzy/opt/gz_plugin_vendor:/opt/ros/jazzy/opt/gz_fuel_tools_vendor:/opt/ros/jazzy/opt/gz_msgs_vendor:/opt/ros/jazzy/opt/gz_common_vendor:/opt/ros/jazzy/opt/gz_math_vendor:/opt/ros/jazzy/opt/gz_utils_vendor:/opt/ros/jazzy/opt/gz_tools_vendor:/opt/ros/jazzy/opt/gz_ogre_next_vendor:/opt/ros/jazzy/opt/gz_dartsim_vendor:/opt/ros/jazzy/opt/gz_cmake_vendor:/opt/ros/jazzy PS1=<ROS2-Jazzy>[\u@\h \W]$ /usr/bin/cmake /home/holmesa8/csci597f/labs/ros-lab-2/ros_gz_gazebo -DBUILD_TESTING=ON -DCMAKE_INSTALL_PREFIX=/home/holmesa8/csci597f/labs/ros-lab-2/install/ros_gz_gazebo
[6.270s] Invoking command in '/home/holmesa8/csci597f/labs/ros-lab-2/build/ros_gz_gazebo': CMAKE_PREFIX_PATH=/home/holmesa8/csci597f/labs/ros-lab-2/install/ros_gz_description:/opt/ros/jazzy/opt/gz_sim_vendor:/opt/ros/jazzy/opt/gz_sensors_vendor:/opt/ros/jazzy/opt/gz_physics_vendor:/opt/ros/jazzy/opt/sdformat_vendor:/opt/ros/jazzy/opt/gz_gui_vendor:/opt/ros/jazzy/opt/gz_transport_vendor:/opt/ros/jazzy/opt/gz_rendering_vendor:/opt/ros/jazzy/opt/gz_plugin_vendor:/opt/ros/jazzy/opt/gz_fuel_tools_vendor:/opt/ros/jazzy/opt/gz_msgs_vendor:/opt/ros/jazzy/opt/gz_common_vendor:/opt/ros/jazzy/opt/gz_math_vendor:/opt/ros/jazzy/opt/gz_utils_vendor:/opt/ros/jazzy/opt/gz_tools_vendor:/opt/ros/jazzy/opt/gz_ogre_next_vendor:/opt/ros/jazzy/opt/gz_dartsim_vendor:/opt/ros/jazzy/opt/gz_cmake_vendor:/opt/ros/jazzy PS1=<ROS2-Jazzy>[\u@\h \W]$ /usr/bin/cmake --build /home/holmesa8/csci597f/labs/ros-lab-2/build/ros_gz_gazebo -- -j28 -l28
[6.405s] [ 50%] [32mBuilding CXX object CMakeFiles/BasicSystem.dir/src/BasicSystem.cc.o[0m
[6.405s] [ 50%] [32mBuilding CXX object CMakeFiles/FullSystem.dir/src/FullSystem.cc.o[0m
[8.001s] [ 75%] [32m[1mLinking CXX shared library libBasicSystem.so[0m
[8.143s] [100%] [32m[1mLinking CXX shared library libFullSystem.so[0m
[8.220s] [100%] Built target BasicSystem
[8.277s] [100%] Built target FullSystem
[8.293s] Invoked command in '/home/holmesa8/csci597f/labs/ros-lab-2/build/ros_gz_gazebo' returned '0': CMAKE_PREFIX_PATH=/home/holmesa8/csci597f/labs/ros-lab-2/install/ros_gz_description:/opt/ros/jazzy/opt/gz_sim_vendor:/opt/ros/jazzy/opt/gz_sensors_vendor:/opt/ros/jazzy/opt/gz_physics_vendor:/opt/ros/jazzy/opt/sdformat_vendor:/opt/ros/jazzy/opt/gz_gui_vendor:/opt/ros/jazzy/opt/gz_transport_vendor:/opt/ros/jazzy/opt/gz_rendering_vendor:/opt/ros/jazzy/opt/gz_plugin_vendor:/opt/ros/jazzy/opt/gz_fuel_tools_vendor:/opt/ros/jazzy/opt/gz_msgs_vendor:/opt/ros/jazzy/opt/gz_common_vendor:/opt/ros/jazzy/opt/gz_math_vendor:/opt/ros/jazzy/opt/gz_utils_vendor:/opt/ros/jazzy/opt/gz_tools_vendor:/opt/ros/jazzy/opt/gz_ogre_next_vendor:/opt/ros/jazzy/opt/gz_dartsim_vendor:/opt/ros/jazzy/opt/gz_cmake_vendor:/opt/ros/jazzy PS1=<ROS2-Jazzy>[\u@\h \W]$ /usr/bin/cmake --build /home/holmesa8/csci597f/labs/ros-lab-2/build/ros_gz_gazebo -- -j28 -l28
[8.296s] Invoking command in '/home/holmesa8/csci597f/labs/ros-lab-2/build/ros_gz_gazebo': CMAKE_PREFIX_PATH=/home/holmesa8/csci597f/labs/ros-lab-2/install/ros_gz_description:/opt/ros/jazzy/opt/gz_sim_vendor:/opt/ros/jazzy/opt/gz_sensors_vendor:/opt/ros/jazzy/opt/gz_physics_vendor:/opt/ros/jazzy/opt/sdformat_vendor:/opt/ros/jazzy/opt/gz_gui_vendor:/opt/ros/jazzy/opt/gz_transport_vendor:/opt/ros/jazzy/opt/gz_rendering_vendor:/opt/ros/jazzy/opt/gz_plugin_vendor:/opt/ros/jazzy/opt/gz_fuel_tools_vendor:/opt/ros/jazzy/opt/gz_msgs_vendor:/opt/ros/jazzy/opt/gz_common_vendor:/opt/ros/jazzy/opt/gz_math_vendor:/opt/ros/jazzy/opt/gz_utils_vendor:/opt/ros/jazzy/opt/gz_tools_vendor:/opt/ros/jazzy/opt/gz_ogre_next_vendor:/opt/ros/jazzy/opt/gz_dartsim_vendor:/opt/ros/jazzy/opt/gz_cmake_vendor:/opt/ros/jazzy PS1=<ROS2-Jazzy>[\u@\h \W]$ /usr/bin/cmake --install /home/holmesa8/csci597f/labs/ros-lab-2/build/ros_gz_gazebo
[8.318s] -- Install configuration: ""
[8.323s] -- Installing: /home/holmesa8/csci597f/labs/ros-lab-2/install/ros_gz_gazebo/lib/ros_gz_gazebo/libBasicSystem.so
[8.340s] -- Set non-toolchain portion of runtime path of "/home/holmesa8/csci597f/labs/ros-lab-2/install/ros_gz_gazebo/lib/ros_gz_gazebo/libBasicSystem.so" to ""
[8.342s] -- Installing: /home/holmesa8/csci597f/labs/ros-lab-2/install/ros_gz_gazebo/lib/ros_gz_gazebo/libFullSystem.so
[8.360s] -- Set non-toolchain portion of runtime path of "/home/holmesa8/csci597f/labs/ros-lab-2/install/ros_gz_gazebo/lib/ros_gz_gazebo/libFullSystem.so" to ""
[8.361s] -- Installing: /home/holmesa8/csci597f/labs/ros-lab-2/install/ros_gz_gazebo/share/ros_gz_gazebo/worlds
[8.368s] -- Installing: /home/holmesa8/csci597f/labs/ros-lab-2/install/ros_gz_gazebo/share/ros_gz_gazebo/worlds/maze.sdf
[8.376s] -- Installing: /home/holmesa8/csci597f/labs/ros-lab-2/install/ros_gz_gazebo/share/ros_gz_gazebo/worlds/diff_drive.sdf
[8.385s] -- Installing: /home/holmesa8/csci597f/labs/ros-lab-2/install/ros_gz_gazebo/share/ros_gz_gazebo/environment/ros_gz_gazebo.dsv
[8.391s] -- Installing: /home/holmesa8/csci597f/labs/ros-lab-2/install/ros_gz_gazebo/share/ros_gz_gazebo/environment/ros_gz_gazebo.sh
[8.403s] -- Installing: /home/holmesa8/csci597f/labs/ros-lab-2/install/ros_gz_gazebo/share/ament_index/resource_index/package_run_dependencies/ros_gz_gazebo
[8.412s] -- Installing: /home/holmesa8/csci597f/labs/ros-lab-2/install/ros_gz_gazebo/share/ament_index/resource_index/parent_prefix_path/ros_gz_gazebo
[8.418s] -- Installing: /home/holmesa8/csci597f/labs/ros-lab-2/install/ros_gz_gazebo/share/ros_gz_gazebo/environment/ament_prefix_path.sh
[8.424s] -- Installing: /home/holmesa8/csci597f/labs/ros-lab-2/install/ros_gz_gazebo/share/ros_gz_gazebo/environment/ament_prefix_path.dsv
[8.430s] -- Installing: /home/holmesa8/csci597f/labs/ros-lab-2/install/ros_gz_gazebo/share/ros_gz_gazebo/environment/path.sh
[8.437s] -- Installing: /home/holmesa8/csci597f/labs/ros-lab-2/install/ros_gz_gazebo/share/ros_gz_gazebo/environment/path.dsv
[8.442s] -- Installing: /home/holmesa8/csci597f/labs/ros-lab-2/install/ros_gz_gazebo/share/ros_gz_gazebo/local_setup.bash
[8.449s] -- Installing: /home/holmesa8/csci597f/labs/ros-lab-2/install/ros_gz_gazebo/share/ros_gz_gazebo/local_setup.sh
[8.456s] -- Installing: /home/holmesa8/csci597f/labs/ros-lab-2/install/ros_gz_gazebo/share/ros_gz_gazebo/local_setup.zsh
[8.463s] -- Installing: /home/holmesa8/csci597f/labs/ros-lab-2/install/ros_gz_gazebo/share/ros_gz_gazebo/local_setup.dsv
[8.468s] -- Installing: /home/holmesa8/csci597f/labs/ros-lab-2/install/ros_gz_gazebo/share/ros_gz_gazebo/package.dsv
[8.477s] -- Installing: /home/holmesa8/csci597f/labs/ros-lab-2/install/ros_gz_gazebo/share/ament_index/resource_index/packages/ros_gz_gazebo
[8.487s] -- Installing: /home/holmesa8/csci597f/labs/ros-lab-2/install/ros_gz_gazebo/share/ros_gz_gazebo/cmake/ros_gz_gazeboConfig.cmake
[8.493s] -- Installing: /home/holmesa8/csci597f/labs/ros-lab-2/install/ros_gz_gazebo/share/ros_gz_gazebo/cmake/ros_gz_gazeboConfig-version.cmake
[8.498s] -- Installing: /home/holmesa8/csci597f/labs/ros-lab-2/install/ros_gz_gazebo/share/ros_gz_gazebo/package.xml
[8.506s] Invoked command in '/home/holmesa8/csci597f/labs/ros-lab-2/build/ros_gz_gazebo' returned '0': CMAKE_PREFIX_PATH=/home/holmesa8/csci597f/labs/ros-lab-2/install/ros_gz_description:/opt/ros/jazzy/opt/gz_sim_vendor:/opt/ros/jazzy/opt/gz_sensors_vendor:/opt/ros/jazzy/opt/gz_physics_vendor:/opt/ros/jazzy/opt/sdformat_vendor:/opt/ros/jazzy/opt/gz_gui_vendor:/opt/ros/jazzy/opt/gz_transport_vendor:/opt/ros/jazzy/opt/gz_rendering_vendor:/opt/ros/jazzy/opt/gz_plugin_vendor:/opt/ros/jazzy/opt/gz_fuel_tools_vendor:/opt/ros/jazzy/opt/gz_msgs_vendor:/opt/ros/jazzy/opt/gz_common_vendor:/opt/ros/jazzy/opt/gz_math_vendor:/opt/ros/jazzy/opt/gz_utils_vendor:/opt/ros/jazzy/opt/gz_tools_vendor:/opt/ros/jazzy/opt/gz_ogre_next_vendor:/opt/ros/jazzy/opt/gz_dartsim_vendor:/opt/ros/jazzy/opt/gz_cmake_vendor:/opt/ros/jazzy PS1=<ROS2-Jazzy>[\u@\h \W]$ /usr/bin/cmake --install /home/holmesa8/csci597f/labs/ros-lab-2/build/ros_gz_gazebo
