[0.049s] Invoking command in '/home/holmesa8/csci597f/labs/ros-lab-2/build/ros_gz_description': CMAKE_PREFIX_PATH=${CMAKE_PREFIX_PATH}:/home/holmesa8/csci597f/labs/ros-lab-2/install/py_pubsub:/opt/ros/jazzy CONDA_PROMPT_MODIFIER=(base) PS1=<ROS2-Jazzy>[\u@\h \W]$ /usr/bin/cmake --build /home/holmesa8/csci597f/labs/ros-lab-2/build/ros_gz_description -- -j24 -l24
[0.196s] Invoked command in '/home/holmesa8/csci597f/labs/ros-lab-2/build/ros_gz_description' returned '0': CMAKE_PREFIX_PATH=${CMAKE_PREFIX_PATH}:/home/holmesa8/csci597f/labs/ros-lab-2/install/py_pubsub:/opt/ros/jazzy CONDA_PROMPT_MODIFIER=(base) PS1=<ROS2-Jazzy>[\u@\h \W]$ /usr/bin/cmake --build /home/holmesa8/csci597f/labs/ros-lab-2/build/ros_gz_description -- -j24 -l24
[0.198s] Invoking command in '/home/holmesa8/csci597f/labs/ros-lab-2/build/ros_gz_description': CMAKE_PREFIX_PATH=${CMAKE_PREFIX_PATH}:/home/holmesa8/csci597f/labs/ros-lab-2/install/py_pubsub:/opt/ros/jazzy CONDA_PROMPT_MODIFIER=(base) PS1=<ROS2-Jazzy>[\u@\h \W]$ /usr/bin/cmake --install /home/holmesa8/csci597f/labs/ros-lab-2/build/ros_gz_description
[0.207s] -- Install configuration: ""
[0.207s] -- Up-to-date: /home/holmesa8/csci597f/labs/ros-lab-2/install/ros_gz_description/share/ros_gz_description/models
[0.209s] -- Up-to-date: /home/holmesa8/csci597f/labs/ros-lab-2/install/ros_gz_description/share/ros_gz_description/models/diff_drive
[0.210s] -- Up-to-date: /home/holmesa8/csci597f/labs/ros-lab-2/install/ros_gz_description/share/ros_gz_description/models/diff_drive/model.config
[0.210s] -- Up-to-date: /home/holmesa8/csci597f/labs/ros-lab-2/install/ros_gz_description/share/ros_gz_description/models/diff_drive/model.sdf
[0.211s] -- Up-to-date: /home/holmesa8/csci597f/labs/ros-lab-2/install/ros_gz_description/share/ros_gz_description/environment/ros_gz_description.dsv
[0.212s] -- Up-to-date: /home/holmesa8/csci597f/labs/ros-lab-2/install/ros_gz_description/share/ros_gz_description/environment/ros_gz_description.sh
[0.213s] -- Up-to-date: /home/holmesa8/csci597f/labs/ros-lab-2/install/ros_gz_description/share/ament_index/resource_index/package_run_dependencies/ros_gz_description
[0.214s] -- Up-to-date: /home/holmesa8/csci597f/labs/ros-lab-2/install/ros_gz_description/share/ament_index/resource_index/parent_prefix_path/ros_gz_description
[0.215s] -- Up-to-date: /home/holmesa8/csci597f/labs/ros-lab-2/install/ros_gz_description/share/ros_gz_description/environment/ament_prefix_path.sh
[0.216s] -- Up-to-date: /home/holmesa8/csci597f/labs/ros-lab-2/install/ros_gz_description/share/ros_gz_description/environment/ament_prefix_path.dsv
[0.217s] -- Up-to-date: /home/holmesa8/csci597f/labs/ros-lab-2/install/ros_gz_description/share/ros_gz_description/environment/path.sh
[0.218s] -- Up-to-date: /home/holmesa8/csci597f/labs/ros-lab-2/install/ros_gz_description/share/ros_gz_description/environment/path.dsv
[0.219s] -- Up-to-date: /home/holmesa8/csci597f/labs/ros-lab-2/install/ros_gz_description/share/ros_gz_description/local_setup.bash
[0.220s] -- Up-to-date: /home/holmesa8/csci597f/labs/ros-lab-2/install/ros_gz_description/share/ros_gz_description/local_setup.sh
[0.221s] -- Up-to-date: /home/holmesa8/csci597f/labs/ros-lab-2/install/ros_gz_description/share/ros_gz_description/local_setup.zsh
[0.223s] -- Up-to-date: /home/holmesa8/csci597f/labs/ros-lab-2/install/ros_gz_description/share/ros_gz_description/local_setup.dsv
[0.223s] -- Installing: /home/holmesa8/csci597f/labs/ros-lab-2/install/ros_gz_description/share/ros_gz_description/package.dsv
[0.230s] -- Up-to-date: /home/holmesa8/csci597f/labs/ros-lab-2/install/ros_gz_description/share/ament_index/resource_index/packages/ros_gz_description
[0.231s] -- Up-to-date: /home/holmesa8/csci597f/labs/ros-lab-2/install/ros_gz_description/share/ros_gz_description/cmake/ros_gz_descriptionConfig.cmake
[0.232s] -- Up-to-date: /home/holmesa8/csci597f/labs/ros-lab-2/install/ros_gz_description/share/ros_gz_description/cmake/ros_gz_descriptionConfig-version.cmake
[0.233s] -- Up-to-date: /home/holmesa8/csci597f/labs/ros-lab-2/install/ros_gz_description/share/ros_gz_description/package.xml
[0.237s] Invoked command in '/home/holmesa8/csci597f/labs/ros-lab-2/build/ros_gz_description' returned '0': CMAKE_PREFIX_PATH=${CMAKE_PREFIX_PATH}:/home/holmesa8/csci597f/labs/ros-lab-2/install/py_pubsub:/opt/ros/jazzy CONDA_PROMPT_MODIFIER=(base) PS1=<ROS2-Jazzy>[\u@\h \W]$ /usr/bin/cmake --install /home/holmesa8/csci597f/labs/ros-lab-2/build/ros_gz_description
