[0.574s] Invoking command in '/home/holmesa8/csci597f/labs/ros-lab-2/src/py_pubsub': CONDA_PROMPT_MODIFIER=(base) PS1=<ROS2-Jazzy>[\u@\h \W]$ PYTHONPATH=/home/holmesa8/csci597f/labs/ros-lab-2/build/py_pubsub/prefix_override:/usr/lib/python3/dist-packages/colcon_core/task/python/colcon_distutils_commands:/home/holmesa8/csci597f/labs/ros-lab-2/install/py_pubsub/lib/python3.12/site-packages:${PYTHONPATH} /usr/bin/python3 -W ignore:setup.py install is deprecated -W ignore:easy_install command is deprecated setup.py egg_info --egg-base ../../build/py_pubsub build --build-base /home/holmesa8/csci597f/labs/ros-lab-2/build/py_pubsub/build install --record /home/holmesa8/csci597f/labs/ros-lab-2/build/py_pubsub/install.log --single-version-externally-managed install_data
[0.731s] running egg_info
[0.734s] writing ../../build/py_pubsub/py_pubsub.egg-info/PKG-INFO
[0.737s] writing dependency_links to ../../build/py_pubsub/py_pubsub.egg-info/dependency_links.txt
[0.740s] writing entry points to ../../build/py_pubsub/py_pubsub.egg-info/entry_points.txt
[0.742s] writing requirements to ../../build/py_pubsub/py_pubsub.egg-info/requires.txt
[0.744s] writing top-level names to ../../build/py_pubsub/py_pubsub.egg-info/top_level.txt
[0.765s] reading manifest file '../../build/py_pubsub/py_pubsub.egg-info/SOURCES.txt'
[0.767s] adding license file 'LICENSE'
[0.767s] writing manifest file '../../build/py_pubsub/py_pubsub.egg-info/SOURCES.txt'
[0.770s] running build
[0.770s] running build_py
[0.771s] copying py_pubsub/publisher.py -> /home/holmesa8/csci597f/labs/ros-lab-2/build/py_pubsub/build/lib/py_pubsub
[0.776s] running install
[0.779s] running install_lib
[0.790s] copying /home/holmesa8/csci597f/labs/ros-lab-2/build/py_pubsub/build/lib/py_pubsub/publisher.py -> /home/holmesa8/csci597f/labs/ros-lab-2/install/py_pubsub/lib/python3.12/site-packages/py_pubsub
[0.795s] byte-compiling /home/holmesa8/csci597f/labs/ros-lab-2/install/py_pubsub/lib/python3.12/site-packages/py_pubsub/publisher.py to publisher.cpython-312.pyc
[0.800s] running install_data
[0.800s] running install_egg_info
[0.811s] removing '/home/holmesa8/csci597f/labs/ros-lab-2/install/py_pubsub/lib/python3.12/site-packages/py_pubsub-0.0.0-py3.12.egg-info' (and everything under it)
[0.817s] Copying ../../build/py_pubsub/py_pubsub.egg-info to /home/holmesa8/csci597f/labs/ros-lab-2/install/py_pubsub/lib/python3.12/site-packages/py_pubsub-0.0.0-py3.12.egg-info
[0.852s] running install_scripts
[0.955s] Installing publisher script to /home/holmesa8/csci597f/labs/ros-lab-2/install/py_pubsub/lib/py_pubsub
[0.958s] Installing subscriber script to /home/holmesa8/csci597f/labs/ros-lab-2/install/py_pubsub/lib/py_pubsub
[0.961s] writing list of installed files to '/home/holmesa8/csci597f/labs/ros-lab-2/build/py_pubsub/install.log'
[0.978s] Invoked command in '/home/holmesa8/csci597f/labs/ros-lab-2/src/py_pubsub' returned '0': CONDA_PROMPT_MODIFIER=(base) PS1=<ROS2-Jazzy>[\u@\h \W]$ PYTHONPATH=/home/holmesa8/csci597f/labs/ros-lab-2/build/py_pubsub/prefix_override:/usr/lib/python3/dist-packages/colcon_core/task/python/colcon_distutils_commands:/home/holmesa8/csci597f/labs/ros-lab-2/install/py_pubsub/lib/python3.12/site-packages:${PYTHONPATH} /usr/bin/python3 -W ignore:setup.py install is deprecated -W ignore:easy_install command is deprecated setup.py egg_info --egg-base ../../build/py_pubsub build --build-base /home/holmesa8/csci597f/labs/ros-lab-2/build/py_pubsub/build install --record /home/holmesa8/csci597f/labs/ros-lab-2/build/py_pubsub/install.log --single-version-externally-managed install_data
