[0.058s] DEBUG:colcon:Command line arguments: ['/usr/bin/colcon', 'build', '--cmake-args', '-DBUILD_TESTING=ON']
[0.058s] DEBUG:colcon:Parsed command line arguments: Namespace(log_base=None, log_level=None, verb_name='build', build_base='build', install_base='install', merge_install=False, symlink_install=False, test_result_base=None, continue_on_error=False, executor='parallel', parallel_workers=28, event_handlers=None, ignore_user_meta=False, metas=['./colcon.meta'], base_paths=['.'], packages_ignore=None, packages_ignore_regex=None, paths=None, packages_up_to=None, packages_up_to_regex=None, packages_above=None, packages_above_and_dependencies=None, packages_above_depth=None, packages_select_by_dep=None, packages_skip_by_dep=None, packages_skip_up_to=None, packages_select_build_failed=False, packages_skip_build_finished=False, packages_select_test_failures=False, packages_skip_test_passed=False, packages_select=None, packages_skip=None, packages_select_regex=None, packages_skip_regex=None, packages_start=None, packages_end=None, allow_overriding=[], cmake_args=['-DBUILD_TESTING=ON'], cmake_target=None, cmake_target_skip_unavailable=False, cmake_clean_cache=False, cmake_clean_first=False, cmake_force_configure=False, ament_cmake_args=None, catkin_cmake_args=None, catkin_skip_building_tests=False, mixin_files=None, mixin=None, verb_parser=<colcon_mixin.mixin.mixin_argument.MixinArgumentDecorator object at 0x7f231ce7e660>, verb_extension=<colcon_core.verb.build.BuildVerb object at 0x7f231cfeef60>, main=<bound method BuildVerb.main of <colcon_core.verb.build.BuildVerb object at 0x7f231cfeef60>>, mixin_verb=('build',))
[0.077s] Level 1:colcon.colcon_core.package_discovery:discover_packages(colcon_meta) check parameters
[0.077s] Level 1:colcon.colcon_core.package_discovery:discover_packages(recursive) check parameters
[0.077s] Level 1:colcon.colcon_core.package_discovery:discover_packages(ignore) check parameters
[0.077s] Level 1:colcon.colcon_core.package_discovery:discover_packages(path) check parameters
[0.077s] Level 1:colcon.colcon_core.package_discovery:discover_packages(colcon_meta) discover
[0.077s] Level 1:colcon.colcon_core.package_discovery:discover_packages(recursive) discover
[0.077s] INFO:colcon.colcon_core.package_discovery:Crawling recursively for packages in '/home/holmesa8/csci597f/labs/ros-lab-2'
[0.078s] Level 1:colcon.colcon_core.package_identification:_identify(.) by extensions ['ignore', 'ignore_ament_install']
[0.078s] Level 1:colcon.colcon_core.package_identification:_identify(.) by extension 'ignore'
[0.078s] Level 1:colcon.colcon_core.package_identification:_identify(.) by extension 'ignore_ament_install'
[0.078s] Level 1:colcon.colcon_core.package_identification:_identify(.) by extensions ['colcon_pkg']
[0.078s] Level 1:colcon.colcon_core.package_identification:_identify(.) by extension 'colcon_pkg'
[0.078s] Level 1:colcon.colcon_core.package_identification:_identify(.) by extensions ['colcon_meta']
[0.078s] Level 1:colcon.colcon_core.package_identification:_identify(.) by extension 'colcon_meta'
[0.078s] Level 1:colcon.colcon_core.package_identification:_identify(.) by extensions ['ros']
[0.078s] Level 1:colcon.colcon_core.package_identification:_identify(.) by extension 'ros'
[0.090s] Level 1:colcon.colcon_core.package_identification:_identify(.) by extensions ['cmake', 'python']
[0.090s] Level 1:colcon.colcon_core.package_identification:_identify(.) by extension 'cmake'
[0.090s] Level 1:colcon.colcon_core.package_identification:_identify(.) by extension 'python'
[0.090s] Level 1:colcon.colcon_core.package_identification:_identify(.) by extensions ['python_setup_py']
[0.090s] Level 1:colcon.colcon_core.package_identification:_identify(.) by extension 'python_setup_py'
[0.091s] Level 1:colcon.colcon_core.package_identification:_identify(build) by extensions ['ignore', 'ignore_ament_install']
[0.091s] Level 1:colcon.colcon_core.package_identification:_identify(build) by extension 'ignore'
[0.091s] Level 1:colcon.colcon_core.package_identification:_identify(build) ignored
[0.091s] Level 1:colcon.colcon_core.package_identification:_identify(figs) by extensions ['ignore', 'ignore_ament_install']
[0.091s] Level 1:colcon.colcon_core.package_identification:_identify(figs) by extension 'ignore'
[0.091s] Level 1:colcon.colcon_core.package_identification:_identify(figs) by extension 'ignore_ament_install'
[0.091s] Level 1:colcon.colcon_core.package_identification:_identify(figs) by extensions ['colcon_pkg']
[0.091s] Level 1:colcon.colcon_core.package_identification:_identify(figs) by extension 'colcon_pkg'
[0.091s] Level 1:colcon.colcon_core.package_identification:_identify(figs) by extensions ['colcon_meta']
[0.091s] Level 1:colcon.colcon_core.package_identification:_identify(figs) by extension 'colcon_meta'
[0.091s] Level 1:colcon.colcon_core.package_identification:_identify(figs) by extensions ['ros']
[0.091s] Level 1:colcon.colcon_core.package_identification:_identify(figs) by extension 'ros'
[0.091s] Level 1:colcon.colcon_core.package_identification:_identify(figs) by extensions ['cmake', 'python']
[0.091s] Level 1:colcon.colcon_core.package_identification:_identify(figs) by extension 'cmake'
[0.091s] Level 1:colcon.colcon_core.package_identification:_identify(figs) by extension 'python'
[0.091s] Level 1:colcon.colcon_core.package_identification:_identify(figs) by extensions ['python_setup_py']
[0.091s] Level 1:colcon.colcon_core.package_identification:_identify(figs) by extension 'python_setup_py'
[0.092s] Level 1:colcon.colcon_core.package_identification:_identify(install) by extensions ['ignore', 'ignore_ament_install']
[0.092s] Level 1:colcon.colcon_core.package_identification:_identify(install) by extension 'ignore'
[0.092s] Level 1:colcon.colcon_core.package_identification:_identify(install) ignored
[0.093s] Level 1:colcon.colcon_core.package_identification:_identify(log) by extensions ['ignore', 'ignore_ament_install']
[0.093s] Level 1:colcon.colcon_core.package_identification:_identify(log) by extension 'ignore'
[0.093s] Level 1:colcon.colcon_core.package_identification:_identify(log) ignored
[0.093s] Level 1:colcon.colcon_core.package_identification:_identify(ros_gz_app) by extensions ['ignore', 'ignore_ament_install']
[0.093s] Level 1:colcon.colcon_core.package_identification:_identify(ros_gz_app) by extension 'ignore'
[0.093s] Level 1:colcon.colcon_core.package_identification:_identify(ros_gz_app) by extension 'ignore_ament_install'
[0.093s] Level 1:colcon.colcon_core.package_identification:_identify(ros_gz_app) by extensions ['colcon_pkg']
[0.093s] Level 1:colcon.colcon_core.package_identification:_identify(ros_gz_app) by extension 'colcon_pkg'
[0.093s] Level 1:colcon.colcon_core.package_identification:_identify(ros_gz_app) by extensions ['colcon_meta']
[0.093s] Level 1:colcon.colcon_core.package_identification:_identify(ros_gz_app) by extension 'colcon_meta'
[0.093s] Level 1:colcon.colcon_core.package_identification:_identify(ros_gz_app) by extensions ['ros']
[0.093s] Level 1:colcon.colcon_core.package_identification:_identify(ros_gz_app) by extension 'ros'
[0.094s] DEBUG:colcon.colcon_core.package_identification:Package 'ros_gz_app' with type 'ros.ament_cmake' and name 'ros_gz_app'
[0.095s] Level 1:colcon.colcon_core.package_identification:_identify(ros_gz_bringup) by extensions ['ignore', 'ignore_ament_install']
[0.095s] Level 1:colcon.colcon_core.package_identification:_identify(ros_gz_bringup) by extension 'ignore'
[0.095s] Level 1:colcon.colcon_core.package_identification:_identify(ros_gz_bringup) by extension 'ignore_ament_install'
[0.095s] Level 1:colcon.colcon_core.package_identification:_identify(ros_gz_bringup) by extensions ['colcon_pkg']
[0.095s] Level 1:colcon.colcon_core.package_identification:_identify(ros_gz_bringup) by extension 'colcon_pkg'
[0.095s] Level 1:colcon.colcon_core.package_identification:_identify(ros_gz_bringup) by extensions ['colcon_meta']
[0.095s] Level 1:colcon.colcon_core.package_identification:_identify(ros_gz_bringup) by extension 'colcon_meta'
[0.095s] Level 1:colcon.colcon_core.package_identification:_identify(ros_gz_bringup) by extensions ['ros']
[0.095s] Level 1:colcon.colcon_core.package_identification:_identify(ros_gz_bringup) by extension 'ros'
[0.095s] DEBUG:colcon.colcon_core.package_identification:Package 'ros_gz_bringup' with type 'ros.ament_cmake' and name 'ros_gz_bringup'
[0.096s] Level 1:colcon.colcon_core.package_identification:_identify(ros_gz_description) by extensions ['ignore', 'ignore_ament_install']
[0.096s] Level 1:colcon.colcon_core.package_identification:_identify(ros_gz_description) by extension 'ignore'
[0.096s] Level 1:colcon.colcon_core.package_identification:_identify(ros_gz_description) by extension 'ignore_ament_install'
[0.096s] Level 1:colcon.colcon_core.package_identification:_identify(ros_gz_description) by extensions ['colcon_pkg']
[0.096s] Level 1:colcon.colcon_core.package_identification:_identify(ros_gz_description) by extension 'colcon_pkg'
[0.096s] Level 1:colcon.colcon_core.package_identification:_identify(ros_gz_description) by extensions ['colcon_meta']
[0.096s] Level 1:colcon.colcon_core.package_identification:_identify(ros_gz_description) by extension 'colcon_meta'
[0.096s] Level 1:colcon.colcon_core.package_identification:_identify(ros_gz_description) by extensions ['ros']
[0.096s] Level 1:colcon.colcon_core.package_identification:_identify(ros_gz_description) by extension 'ros'
[0.096s] DEBUG:colcon.colcon_core.package_identification:Package 'ros_gz_description' with type 'ros.ament_cmake' and name 'ros_gz_description'
[0.096s] Level 1:colcon.colcon_core.package_identification:_identify(ros_gz_gazebo) by extensions ['ignore', 'ignore_ament_install']
[0.096s] Level 1:colcon.colcon_core.package_identification:_identify(ros_gz_gazebo) by extension 'ignore'
[0.096s] Level 1:colcon.colcon_core.package_identification:_identify(ros_gz_gazebo) by extension 'ignore_ament_install'
[0.096s] Level 1:colcon.colcon_core.package_identification:_identify(ros_gz_gazebo) by extensions ['colcon_pkg']
[0.096s] Level 1:colcon.colcon_core.package_identification:_identify(ros_gz_gazebo) by extension 'colcon_pkg'
[0.096s] Level 1:colcon.colcon_core.package_identification:_identify(ros_gz_gazebo) by extensions ['colcon_meta']
[0.096s] Level 1:colcon.colcon_core.package_identification:_identify(ros_gz_gazebo) by extension 'colcon_meta'
[0.096s] Level 1:colcon.colcon_core.package_identification:_identify(ros_gz_gazebo) by extensions ['ros']
[0.096s] Level 1:colcon.colcon_core.package_identification:_identify(ros_gz_gazebo) by extension 'ros'
[0.097s] DEBUG:colcon.colcon_core.package_identification:Package 'ros_gz_gazebo' with type 'ros.ament_cmake' and name 'ros_gz_gazebo'
[0.097s] Level 1:colcon.colcon_core.package_discovery:discover_packages(recursive) using defaults
[0.097s] Level 1:colcon.colcon_core.package_discovery:discover_packages(ignore) discover
[0.097s] Level 1:colcon.colcon_core.package_discovery:discover_packages(ignore) using defaults
[0.097s] Level 1:colcon.colcon_core.package_discovery:discover_packages(path) discover
[0.097s] Level 1:colcon.colcon_core.package_discovery:discover_packages(path) using defaults
[0.106s] Level 1:colcon.colcon_core.package_discovery:discover_packages(prefix_path) check parameters
[0.106s] Level 1:colcon.colcon_core.package_discovery:discover_packages(prefix_path) discover
[0.111s] DEBUG:colcon.colcon_installed_package_information.package_discovery:Found 4 installed packages in /home/holmesa8/csci597f/labs/ros-lab-2/install
[0.112s] DEBUG:colcon.colcon_installed_package_information.package_discovery:Found 317 installed packages in /opt/ros/jazzy
[0.113s] Level 1:colcon.colcon_core.package_discovery:discover_packages(prefix_path) using defaults
[0.136s] Level 5:colcon.colcon_core.verb:set package 'ros_gz_app' build argument 'cmake_args' from command line to '['-DBUILD_TESTING=ON']'
[0.136s] Level 5:colcon.colcon_core.verb:set package 'ros_gz_app' build argument 'cmake_target' from command line to 'None'
[0.136s] Level 5:colcon.colcon_core.verb:set package 'ros_gz_app' build argument 'cmake_target_skip_unavailable' from command line to 'False'
[0.136s] Level 5:colcon.colcon_core.verb:set package 'ros_gz_app' build argument 'cmake_clean_cache' from command line to 'False'
[0.136s] Level 5:colcon.colcon_core.verb:set package 'ros_gz_app' build argument 'cmake_clean_first' from command line to 'False'
[0.136s] Level 5:colcon.colcon_core.verb:set package 'ros_gz_app' build argument 'cmake_force_configure' from command line to 'False'
[0.136s] Level 5:colcon.colcon_core.verb:set package 'ros_gz_app' build argument 'ament_cmake_args' from command line to 'None'
[0.136s] Level 5:colcon.colcon_core.verb:set package 'ros_gz_app' build argument 'catkin_cmake_args' from command line to 'None'
[0.136s] Level 5:colcon.colcon_core.verb:set package 'ros_gz_app' build argument 'catkin_skip_building_tests' from command line to 'False'
[0.136s] DEBUG:colcon.colcon_core.verb:Building package 'ros_gz_app' with the following arguments: {'ament_cmake_args': None, 'build_base': '/home/holmesa8/csci597f/labs/ros-lab-2/build/ros_gz_app', 'catkin_cmake_args': None, 'catkin_skip_building_tests': False, 'cmake_args': ['-DBUILD_TESTING=ON'], 'cmake_clean_cache': False, 'cmake_clean_first': False, 'cmake_force_configure': False, 'cmake_target': None, 'cmake_target_skip_unavailable': False, 'install_base': '/home/holmesa8/csci597f/labs/ros-lab-2/install/ros_gz_app', 'merge_install': False, 'path': '/home/holmesa8/csci597f/labs/ros-lab-2/ros_gz_app', 'symlink_install': False, 'test_result_base': None}
[0.137s] Level 5:colcon.colcon_core.verb:set package 'ros_gz_description' build argument 'cmake_args' from command line to '['-DBUILD_TESTING=ON']'
[0.137s] Level 5:colcon.colcon_core.verb:set package 'ros_gz_description' build argument 'cmake_target' from command line to 'None'
[0.137s] Level 5:colcon.colcon_core.verb:set package 'ros_gz_description' build argument 'cmake_target_skip_unavailable' from command line to 'False'
[0.137s] Level 5:colcon.colcon_core.verb:set package 'ros_gz_description' build argument 'cmake_clean_cache' from command line to 'False'
[0.137s] Level 5:colcon.colcon_core.verb:set package 'ros_gz_description' build argument 'cmake_clean_first' from command line to 'False'
[0.137s] Level 5:colcon.colcon_core.verb:set package 'ros_gz_description' build argument 'cmake_force_configure' from command line to 'False'
[0.137s] Level 5:colcon.colcon_core.verb:set package 'ros_gz_description' build argument 'ament_cmake_args' from command line to 'None'
[0.137s] Level 5:colcon.colcon_core.verb:set package 'ros_gz_description' build argument 'catkin_cmake_args' from command line to 'None'
[0.137s] Level 5:colcon.colcon_core.verb:set package 'ros_gz_description' build argument 'catkin_skip_building_tests' from command line to 'False'
[0.137s] DEBUG:colcon.colcon_core.verb:Building package 'ros_gz_description' with the following arguments: {'ament_cmake_args': None, 'build_base': '/home/holmesa8/csci597f/labs/ros-lab-2/build/ros_gz_description', 'catkin_cmake_args': None, 'catkin_skip_building_tests': False, 'cmake_args': ['-DBUILD_TESTING=ON'], 'cmake_clean_cache': False, 'cmake_clean_first': False, 'cmake_force_configure': False, 'cmake_target': None, 'cmake_target_skip_unavailable': False, 'install_base': '/home/holmesa8/csci597f/labs/ros-lab-2/install/ros_gz_description', 'merge_install': False, 'path': '/home/holmesa8/csci597f/labs/ros-lab-2/ros_gz_description', 'symlink_install': False, 'test_result_base': None}
[0.137s] Level 5:colcon.colcon_core.verb:set package 'ros_gz_gazebo' build argument 'cmake_args' from command line to '['-DBUILD_TESTING=ON']'
[0.137s] Level 5:colcon.colcon_core.verb:set package 'ros_gz_gazebo' build argument 'cmake_target' from command line to 'None'
[0.137s] Level 5:colcon.colcon_core.verb:set package 'ros_gz_gazebo' build argument 'cmake_target_skip_unavailable' from command line to 'False'
[0.137s] Level 5:colcon.colcon_core.verb:set package 'ros_gz_gazebo' build argument 'cmake_clean_cache' from command line to 'False'
[0.137s] Level 5:colcon.colcon_core.verb:set package 'ros_gz_gazebo' build argument 'cmake_clean_first' from command line to 'False'
[0.137s] Level 5:colcon.colcon_core.verb:set package 'ros_gz_gazebo' build argument 'cmake_force_configure' from command line to 'False'
[0.137s] Level 5:colcon.colcon_core.verb:set package 'ros_gz_gazebo' build argument 'ament_cmake_args' from command line to 'None'
[0.137s] Level 5:colcon.colcon_core.verb:set package 'ros_gz_gazebo' build argument 'catkin_cmake_args' from command line to 'None'
[0.137s] Level 5:colcon.colcon_core.verb:set package 'ros_gz_gazebo' build argument 'catkin_skip_building_tests' from command line to 'False'
[0.137s] DEBUG:colcon.colcon_core.verb:Building package 'ros_gz_gazebo' with the following arguments: {'ament_cmake_args': None, 'build_base': '/home/holmesa8/csci597f/labs/ros-lab-2/build/ros_gz_gazebo', 'catkin_cmake_args': None, 'catkin_skip_building_tests': False, 'cmake_args': ['-DBUILD_TESTING=ON'], 'cmake_clean_cache': False, 'cmake_clean_first': False, 'cmake_force_configure': False, 'cmake_target': None, 'cmake_target_skip_unavailable': False, 'install_base': '/home/holmesa8/csci597f/labs/ros-lab-2/install/ros_gz_gazebo', 'merge_install': False, 'path': '/home/holmesa8/csci597f/labs/ros-lab-2/ros_gz_gazebo', 'symlink_install': False, 'test_result_base': None}
[0.137s] Level 5:colcon.colcon_core.verb:set package 'ros_gz_bringup' build argument 'cmake_args' from command line to '['-DBUILD_TESTING=ON']'
[0.137s] Level 5:colcon.colcon_core.verb:set package 'ros_gz_bringup' build argument 'cmake_target' from command line to 'None'
[0.137s] Level 5:colcon.colcon_core.verb:set package 'ros_gz_bringup' build argument 'cmake_target_skip_unavailable' from command line to 'False'
[0.137s] Level 5:colcon.colcon_core.verb:set package 'ros_gz_bringup' build argument 'cmake_clean_cache' from command line to 'False'
[0.137s] Level 5:colcon.colcon_core.verb:set package 'ros_gz_bringup' build argument 'cmake_clean_first' from command line to 'False'
[0.137s] Level 5:colcon.colcon_core.verb:set package 'ros_gz_bringup' build argument 'cmake_force_configure' from command line to 'False'
[0.137s] Level 5:colcon.colcon_core.verb:set package 'ros_gz_bringup' build argument 'ament_cmake_args' from command line to 'None'
[0.137s] Level 5:colcon.colcon_core.verb:set package 'ros_gz_bringup' build argument 'catkin_cmake_args' from command line to 'None'
[0.137s] Level 5:colcon.colcon_core.verb:set package 'ros_gz_bringup' build argument 'catkin_skip_building_tests' from command line to 'False'
[0.137s] DEBUG:colcon.colcon_core.verb:Building package 'ros_gz_bringup' with the following arguments: {'ament_cmake_args': None, 'build_base': '/home/holmesa8/csci597f/labs/ros-lab-2/build/ros_gz_bringup', 'catkin_cmake_args': None, 'catkin_skip_building_tests': False, 'cmake_args': ['-DBUILD_TESTING=ON'], 'cmake_clean_cache': False, 'cmake_clean_first': False, 'cmake_force_configure': False, 'cmake_target': None, 'cmake_target_skip_unavailable': False, 'install_base': '/home/holmesa8/csci597f/labs/ros-lab-2/install/ros_gz_bringup', 'merge_install': False, 'path': '/home/holmesa8/csci597f/labs/ros-lab-2/ros_gz_bringup', 'symlink_install': False, 'test_result_base': None}
[0.137s] INFO:colcon.colcon_core.executor:Executing jobs using 'parallel' executor
[0.137s] DEBUG:colcon.colcon_parallel_executor.executor.parallel:run_until_complete
[0.137s] INFO:colcon.colcon_ros.task.ament_cmake.build:Building ROS package in '/home/holmesa8/csci597f/labs/ros-lab-2/ros_gz_description' with build type 'ament_cmake'
[0.138s] INFO:colcon.colcon_cmake.task.cmake.build:Building CMake package in '/home/holmesa8/csci597f/labs/ros-lab-2/ros_gz_description'
[0.139s] INFO:colcon.colcon_core.plugin_system:Skipping extension 'colcon_core.shell.bat': Not used on non-Windows systems
[0.139s] INFO:colcon.colcon_core.shell:Skip shell extension 'powershell' for command environment: Not usable outside of PowerShell
[0.139s] DEBUG:colcon.colcon_core.shell:Skip shell extension 'dsv' for command environment
[0.146s] INFO:colcon.colcon_ros.task.ament_cmake.build:Building ROS package in '/home/holmesa8/csci597f/labs/ros-lab-2/ros_gz_app' with build type 'ament_cmake'
[0.146s] INFO:colcon.colcon_cmake.task.cmake.build:Building CMake package in '/home/holmesa8/csci597f/labs/ros-lab-2/ros_gz_app'
[0.146s] INFO:colcon.colcon_core.shell:Skip shell extension 'powershell' for command environment: Not usable outside of PowerShell
[0.146s] DEBUG:colcon.colcon_core.shell:Skip shell extension 'dsv' for command environment
[0.159s] DEBUG:colcon.colcon_core.event_handler.log_command:Invoking command in '/home/holmesa8/csci597f/labs/ros-lab-2/build/ros_gz_description': CMAKE_PREFIX_PATH=${CMAKE_PREFIX_PATH}:/opt/ros/jazzy PS1=<ROS2-Jazzy>[\u@\h \W]$ /usr/bin/cmake --build /home/holmesa8/csci597f/labs/ros-lab-2/build/ros_gz_description -- -j28 -l28
[0.164s] DEBUG:colcon.colcon_core.event_handler.log_command:Invoking command in '/home/holmesa8/csci597f/labs/ros-lab-2/build/ros_gz_app': CMAKE_PREFIX_PATH=${CMAKE_PREFIX_PATH}:/opt/ros/jazzy PS1=<ROS2-Jazzy>[\u@\h \W]$ /usr/bin/cmake --build /home/holmesa8/csci597f/labs/ros-lab-2/build/ros_gz_app -- -j28 -l28
[0.199s] DEBUG:colcon.colcon_core.event_handler.log_command:Invoked command in '/home/holmesa8/csci597f/labs/ros-lab-2/build/ros_gz_description' returned '0': CMAKE_PREFIX_PATH=${CMAKE_PREFIX_PATH}:/opt/ros/jazzy PS1=<ROS2-Jazzy>[\u@\h \W]$ /usr/bin/cmake --build /home/holmesa8/csci597f/labs/ros-lab-2/build/ros_gz_description -- -j28 -l28
[0.211s] DEBUG:colcon.colcon_core.event_handler.log_command:Invoking command in '/home/holmesa8/csci597f/labs/ros-lab-2/build/ros_gz_description': CMAKE_PREFIX_PATH=${CMAKE_PREFIX_PATH}:/opt/ros/jazzy PS1=<ROS2-Jazzy>[\u@\h \W]$ /usr/bin/cmake --install /home/holmesa8/csci597f/labs/ros-lab-2/build/ros_gz_description
[0.214s] DEBUG:colcon.colcon_core.event_handler.log_command:Invoked command in '/home/holmesa8/csci597f/labs/ros-lab-2/build/ros_gz_app' returned '0': CMAKE_PREFIX_PATH=${CMAKE_PREFIX_PATH}:/opt/ros/jazzy PS1=<ROS2-Jazzy>[\u@\h \W]$ /usr/bin/cmake --build /home/holmesa8/csci597f/labs/ros-lab-2/build/ros_gz_app -- -j28 -l28
[0.215s] DEBUG:colcon.colcon_core.event_handler.log_command:Invoking command in '/home/holmesa8/csci597f/labs/ros-lab-2/build/ros_gz_app': CMAKE_PREFIX_PATH=${CMAKE_PREFIX_PATH}:/opt/ros/jazzy PS1=<ROS2-Jazzy>[\u@\h \W]$ /usr/bin/cmake --install /home/holmesa8/csci597f/labs/ros-lab-2/build/ros_gz_app
[0.238s] Level 1:colcon.colcon_core.environment:create_environment_scripts_only(ros_gz_app)
[0.239s] DEBUG:colcon.colcon_core.event_handler.log_command:Invoked command in '/home/holmesa8/csci597f/labs/ros-lab-2/build/ros_gz_app' returned '0': CMAKE_PREFIX_PATH=${CMAKE_PREFIX_PATH}:/opt/ros/jazzy PS1=<ROS2-Jazzy>[\u@\h \W]$ /usr/bin/cmake --install /home/holmesa8/csci597f/labs/ros-lab-2/build/ros_gz_app
[0.244s] Level 1:colcon.colcon_core.environment:checking '/home/holmesa8/csci597f/labs/ros-lab-2/install/ros_gz_app' for CMake module files
[0.246s] Level 1:colcon.colcon_core.environment:checking '/home/holmesa8/csci597f/labs/ros-lab-2/install/ros_gz_app' for CMake config files
[0.250s] Level 1:colcon.colcon_core.shell:create_environment_hook('ros_gz_app', 'cmake_prefix_path')
[0.250s] INFO:colcon.colcon_core.shell:Creating environment hook '/home/holmesa8/csci597f/labs/ros-lab-2/install/ros_gz_app/share/ros_gz_app/hook/cmake_prefix_path.ps1'
[0.254s] INFO:colcon.colcon_core.shell:Creating environment descriptor '/home/holmesa8/csci597f/labs/ros-lab-2/install/ros_gz_app/share/ros_gz_app/hook/cmake_prefix_path.dsv'
[0.257s] INFO:colcon.colcon_core.shell:Creating environment hook '/home/holmesa8/csci597f/labs/ros-lab-2/install/ros_gz_app/share/ros_gz_app/hook/cmake_prefix_path.sh'
[0.261s] Level 1:colcon.colcon_core.environment:checking '/home/holmesa8/csci597f/labs/ros-lab-2/install/ros_gz_app/bin'
[0.261s] Level 1:colcon.colcon_core.environment:checking '/home/holmesa8/csci597f/labs/ros-lab-2/install/ros_gz_app/lib/pkgconfig/ros_gz_app.pc'
[0.261s] Level 1:colcon.colcon_core.environment:checking '/home/holmesa8/csci597f/labs/ros-lab-2/install/ros_gz_app/lib/python3.12/site-packages'
[0.262s] Level 1:colcon.colcon_core.environment:checking '/home/holmesa8/csci597f/labs/ros-lab-2/install/ros_gz_app/bin'
[0.262s] INFO:colcon.colcon_core.shell:Creating package script '/home/holmesa8/csci597f/labs/ros-lab-2/install/ros_gz_app/share/ros_gz_app/package.ps1'
[0.266s] INFO:colcon.colcon_core.shell:Creating package descriptor '/home/holmesa8/csci597f/labs/ros-lab-2/install/ros_gz_app/share/ros_gz_app/package.dsv'
[0.269s] INFO:colcon.colcon_core.shell:Creating package script '/home/holmesa8/csci597f/labs/ros-lab-2/install/ros_gz_app/share/ros_gz_app/package.sh'
[0.273s] INFO:colcon.colcon_core.shell:Creating package script '/home/holmesa8/csci597f/labs/ros-lab-2/install/ros_gz_app/share/ros_gz_app/package.bash'
[0.277s] INFO:colcon.colcon_core.shell:Creating package script '/home/holmesa8/csci597f/labs/ros-lab-2/install/ros_gz_app/share/ros_gz_app/package.zsh'
[0.281s] Level 1:colcon.colcon_core.environment:create_file_with_runtime_dependencies(/home/holmesa8/csci597f/labs/ros-lab-2/install/ros_gz_app/share/colcon-core/packages/ros_gz_app)
[0.283s] Level 1:colcon.colcon_core.environment:create_environment_scripts_only(ros_gz_app)
[0.283s] Level 1:colcon.colcon_core.environment:checking '/home/holmesa8/csci597f/labs/ros-lab-2/install/ros_gz_app' for CMake module files
[0.285s] Level 1:colcon.colcon_core.environment:checking '/home/holmesa8/csci597f/labs/ros-lab-2/install/ros_gz_app' for CMake config files
[0.288s] Level 1:colcon.colcon_core.shell:create_environment_hook('ros_gz_app', 'cmake_prefix_path')
[0.288s] INFO:colcon.colcon_core.shell:Creating environment hook '/home/holmesa8/csci597f/labs/ros-lab-2/install/ros_gz_app/share/ros_gz_app/hook/cmake_prefix_path.ps1'
[0.291s] INFO:colcon.colcon_core.shell:Creating environment descriptor '/home/holmesa8/csci597f/labs/ros-lab-2/install/ros_gz_app/share/ros_gz_app/hook/cmake_prefix_path.dsv'
[0.294s] INFO:colcon.colcon_core.shell:Creating environment hook '/home/holmesa8/csci597f/labs/ros-lab-2/install/ros_gz_app/share/ros_gz_app/hook/cmake_prefix_path.sh'
[0.299s] Level 1:colcon.colcon_core.environment:checking '/home/holmesa8/csci597f/labs/ros-lab-2/install/ros_gz_app/bin'
[0.299s] Level 1:colcon.colcon_core.environment:checking '/home/holmesa8/csci597f/labs/ros-lab-2/install/ros_gz_app/lib/pkgconfig/ros_gz_app.pc'
[0.299s] Level 1:colcon.colcon_core.environment:checking '/home/holmesa8/csci597f/labs/ros-lab-2/install/ros_gz_app/lib/python3.12/site-packages'
[0.300s] Level 1:colcon.colcon_core.environment:checking '/home/holmesa8/csci597f/labs/ros-lab-2/install/ros_gz_app/bin'
[0.300s] INFO:colcon.colcon_core.shell:Creating package script '/home/holmesa8/csci597f/labs/ros-lab-2/install/ros_gz_app/share/ros_gz_app/package.ps1'
[0.304s] INFO:colcon.colcon_core.shell:Creating package descriptor '/home/holmesa8/csci597f/labs/ros-lab-2/install/ros_gz_app/share/ros_gz_app/package.dsv'
[0.307s] INFO:colcon.colcon_core.shell:Creating package script '/home/holmesa8/csci597f/labs/ros-lab-2/install/ros_gz_app/share/ros_gz_app/package.sh'
[0.310s] INFO:colcon.colcon_core.shell:Creating package script '/home/holmesa8/csci597f/labs/ros-lab-2/install/ros_gz_app/share/ros_gz_app/package.bash'
[0.313s] INFO:colcon.colcon_core.shell:Creating package script '/home/holmesa8/csci597f/labs/ros-lab-2/install/ros_gz_app/share/ros_gz_app/package.zsh'
[0.316s] Level 1:colcon.colcon_core.environment:create_file_with_runtime_dependencies(/home/holmesa8/csci597f/labs/ros-lab-2/install/ros_gz_app/share/colcon-core/packages/ros_gz_app)
[0.318s] Level 1:colcon.colcon_core.environment:create_environment_scripts_only(ros_gz_description)
[0.318s] Level 1:colcon.colcon_core.environment:checking '/home/holmesa8/csci597f/labs/ros-lab-2/install/ros_gz_description' for CMake module files
[0.320s] Level 1:colcon.colcon_core.environment:checking '/home/holmesa8/csci597f/labs/ros-lab-2/install/ros_gz_description' for CMake config files
[0.324s] Level 1:colcon.colcon_core.shell:create_environment_hook('ros_gz_description', 'cmake_prefix_path')
[0.325s] INFO:colcon.colcon_core.shell:Creating environment hook '/home/holmesa8/csci597f/labs/ros-lab-2/install/ros_gz_description/share/ros_gz_description/hook/cmake_prefix_path.ps1'
[0.325s] DEBUG:colcon.colcon_core.event_handler.log_command:Invoked command in '/home/holmesa8/csci597f/labs/ros-lab-2/build/ros_gz_description' returned '0': CMAKE_PREFIX_PATH=${CMAKE_PREFIX_PATH}:/opt/ros/jazzy PS1=<ROS2-Jazzy>[\u@\h \W]$ /usr/bin/cmake --install /home/holmesa8/csci597f/labs/ros-lab-2/build/ros_gz_description
[0.328s] INFO:colcon.colcon_core.shell:Creating environment descriptor '/home/holmesa8/csci597f/labs/ros-lab-2/install/ros_gz_description/share/ros_gz_description/hook/cmake_prefix_path.dsv'
[0.331s] INFO:colcon.colcon_core.shell:Creating environment hook '/home/holmesa8/csci597f/labs/ros-lab-2/install/ros_gz_description/share/ros_gz_description/hook/cmake_prefix_path.sh'
[0.336s] Level 1:colcon.colcon_core.environment:checking '/home/holmesa8/csci597f/labs/ros-lab-2/install/ros_gz_description/bin'
[0.336s] Level 1:colcon.colcon_core.environment:checking '/home/holmesa8/csci597f/labs/ros-lab-2/install/ros_gz_description/lib/pkgconfig/ros_gz_description.pc'
[0.336s] Level 1:colcon.colcon_core.environment:checking '/home/holmesa8/csci597f/labs/ros-lab-2/install/ros_gz_description/lib/python3.12/site-packages'
[0.337s] Level 1:colcon.colcon_core.environment:checking '/home/holmesa8/csci597f/labs/ros-lab-2/install/ros_gz_description/bin'
[0.337s] INFO:colcon.colcon_core.shell:Creating package script '/home/holmesa8/csci597f/labs/ros-lab-2/install/ros_gz_description/share/ros_gz_description/package.ps1'
[0.341s] INFO:colcon.colcon_core.shell:Creating package descriptor '/home/holmesa8/csci597f/labs/ros-lab-2/install/ros_gz_description/share/ros_gz_description/package.dsv'
[0.344s] INFO:colcon.colcon_core.shell:Creating package script '/home/holmesa8/csci597f/labs/ros-lab-2/install/ros_gz_description/share/ros_gz_description/package.sh'
[0.347s] INFO:colcon.colcon_core.shell:Creating package script '/home/holmesa8/csci597f/labs/ros-lab-2/install/ros_gz_description/share/ros_gz_description/package.bash'
[0.351s] INFO:colcon.colcon_core.shell:Creating package script '/home/holmesa8/csci597f/labs/ros-lab-2/install/ros_gz_description/share/ros_gz_description/package.zsh'
[0.354s] Level 1:colcon.colcon_core.environment:create_file_with_runtime_dependencies(/home/holmesa8/csci597f/labs/ros-lab-2/install/ros_gz_description/share/colcon-core/packages/ros_gz_description)
[0.356s] Level 1:colcon.colcon_core.environment:create_environment_scripts_only(ros_gz_description)
[0.357s] Level 1:colcon.colcon_core.environment:checking '/home/holmesa8/csci597f/labs/ros-lab-2/install/ros_gz_description' for CMake module files
[0.359s] Level 1:colcon.colcon_core.environment:checking '/home/holmesa8/csci597f/labs/ros-lab-2/install/ros_gz_description' for CMake config files
[0.362s] Level 1:colcon.colcon_core.shell:create_environment_hook('ros_gz_description', 'cmake_prefix_path')
[0.362s] INFO:colcon.colcon_core.shell:Creating environment hook '/home/holmesa8/csci597f/labs/ros-lab-2/install/ros_gz_description/share/ros_gz_description/hook/cmake_prefix_path.ps1'
[0.366s] INFO:colcon.colcon_core.shell:Creating environment descriptor '/home/holmesa8/csci597f/labs/ros-lab-2/install/ros_gz_description/share/ros_gz_description/hook/cmake_prefix_path.dsv'
[0.369s] INFO:colcon.colcon_core.shell:Creating environment hook '/home/holmesa8/csci597f/labs/ros-lab-2/install/ros_gz_description/share/ros_gz_description/hook/cmake_prefix_path.sh'
[0.373s] Level 1:colcon.colcon_core.environment:checking '/home/holmesa8/csci597f/labs/ros-lab-2/install/ros_gz_description/bin'
[0.374s] Level 1:colcon.colcon_core.environment:checking '/home/holmesa8/csci597f/labs/ros-lab-2/install/ros_gz_description/lib/pkgconfig/ros_gz_description.pc'
[0.374s] Level 1:colcon.colcon_core.environment:checking '/home/holmesa8/csci597f/labs/ros-lab-2/install/ros_gz_description/lib/python3.12/site-packages'
[0.374s] Level 1:colcon.colcon_core.environment:checking '/home/holmesa8/csci597f/labs/ros-lab-2/install/ros_gz_description/bin'
[0.375s] INFO:colcon.colcon_core.shell:Creating package script '/home/holmesa8/csci597f/labs/ros-lab-2/install/ros_gz_description/share/ros_gz_description/package.ps1'
[0.379s] INFO:colcon.colcon_core.shell:Creating package descriptor '/home/holmesa8/csci597f/labs/ros-lab-2/install/ros_gz_description/share/ros_gz_description/package.dsv'
[0.382s] INFO:colcon.colcon_core.shell:Creating package script '/home/holmesa8/csci597f/labs/ros-lab-2/install/ros_gz_description/share/ros_gz_description/package.sh'
[0.385s] INFO:colcon.colcon_core.shell:Creating package script '/home/holmesa8/csci597f/labs/ros-lab-2/install/ros_gz_description/share/ros_gz_description/package.bash'
[0.389s] INFO:colcon.colcon_core.shell:Creating package script '/home/holmesa8/csci597f/labs/ros-lab-2/install/ros_gz_description/share/ros_gz_description/package.zsh'
[0.392s] Level 1:colcon.colcon_core.environment:create_file_with_runtime_dependencies(/home/holmesa8/csci597f/labs/ros-lab-2/install/ros_gz_description/share/colcon-core/packages/ros_gz_description)
[0.393s] INFO:colcon.colcon_ros.task.ament_cmake.build:Building ROS package in '/home/holmesa8/csci597f/labs/ros-lab-2/ros_gz_gazebo' with build type 'ament_cmake'
[0.393s] INFO:colcon.colcon_cmake.task.cmake.build:Building CMake package in '/home/holmesa8/csci597f/labs/ros-lab-2/ros_gz_gazebo'
[0.393s] INFO:colcon.colcon_core.shell:Skip shell extension 'powershell' for command environment: Not usable outside of PowerShell
[0.393s] DEBUG:colcon.colcon_core.shell:Skip shell extension 'dsv' for command environment
[0.431s] DEBUG:colcon.colcon_core.event_handler.log_command:Invoking command in '/home/holmesa8/csci597f/labs/ros-lab-2/build/ros_gz_gazebo': CMAKE_PREFIX_PATH=/home/holmesa8/csci597f/labs/ros-lab-2/install/ros_gz_description:/home/holmesa8/csci597f/labs/ros-lab-2/install/ros_gz_bringup:/home/holmesa8/csci597f/labs/ros-lab-2/install/ros_gz_gazebo:/home/holmesa8/csci597f/labs/ros-lab-2/install/ros_gz_app:/opt/ros/jazzy/opt/gz_sim_vendor:/opt/ros/jazzy/opt/gz_sensors_vendor:/opt/ros/jazzy/opt/gz_physics_vendor:/opt/ros/jazzy/opt/sdformat_vendor:/opt/ros/jazzy/opt/gz_gui_vendor:/opt/ros/jazzy/opt/gz_transport_vendor:/opt/ros/jazzy/opt/gz_rendering_vendor:/opt/ros/jazzy/opt/gz_plugin_vendor:/opt/ros/jazzy/opt/gz_fuel_tools_vendor:/opt/ros/jazzy/opt/gz_msgs_vendor:/opt/ros/jazzy/opt/gz_common_vendor:/opt/ros/jazzy/opt/gz_math_vendor:/opt/ros/jazzy/opt/gz_utils_vendor:/opt/ros/jazzy/opt/gz_tools_vendor:/opt/ros/jazzy/opt/gz_ogre_next_vendor:/opt/ros/jazzy/opt/gz_dartsim_vendor:/opt/ros/jazzy/opt/gz_cmake_vendor:/opt/ros/jazzy PS1=<ROS2-Jazzy>[\u@\h \W]$ /usr/bin/cmake --build /home/holmesa8/csci597f/labs/ros-lab-2/build/ros_gz_gazebo -- -j28 -l28
[0.597s] DEBUG:colcon.colcon_core.event_handler.log_command:Invoked command in '/home/holmesa8/csci597f/labs/ros-lab-2/build/ros_gz_gazebo' returned '0': CMAKE_PREFIX_PATH=/home/holmesa8/csci597f/labs/ros-lab-2/install/ros_gz_description:/home/holmesa8/csci597f/labs/ros-lab-2/install/ros_gz_bringup:/home/holmesa8/csci597f/labs/ros-lab-2/install/ros_gz_gazebo:/home/holmesa8/csci597f/labs/ros-lab-2/install/ros_gz_app:/opt/ros/jazzy/opt/gz_sim_vendor:/opt/ros/jazzy/opt/gz_sensors_vendor:/opt/ros/jazzy/opt/gz_physics_vendor:/opt/ros/jazzy/opt/sdformat_vendor:/opt/ros/jazzy/opt/gz_gui_vendor:/opt/ros/jazzy/opt/gz_transport_vendor:/opt/ros/jazzy/opt/gz_rendering_vendor:/opt/ros/jazzy/opt/gz_plugin_vendor:/opt/ros/jazzy/opt/gz_fuel_tools_vendor:/opt/ros/jazzy/opt/gz_msgs_vendor:/opt/ros/jazzy/opt/gz_common_vendor:/opt/ros/jazzy/opt/gz_math_vendor:/opt/ros/jazzy/opt/gz_utils_vendor:/opt/ros/jazzy/opt/gz_tools_vendor:/opt/ros/jazzy/opt/gz_ogre_next_vendor:/opt/ros/jazzy/opt/gz_dartsim_vendor:/opt/ros/jazzy/opt/gz_cmake_vendor:/opt/ros/jazzy PS1=<ROS2-Jazzy>[\u@\h \W]$ /usr/bin/cmake --build /home/holmesa8/csci597f/labs/ros-lab-2/build/ros_gz_gazebo -- -j28 -l28
[0.600s] DEBUG:colcon.colcon_core.event_handler.log_command:Invoking command in '/home/holmesa8/csci597f/labs/ros-lab-2/build/ros_gz_gazebo': CMAKE_PREFIX_PATH=/home/holmesa8/csci597f/labs/ros-lab-2/install/ros_gz_description:/home/holmesa8/csci597f/labs/ros-lab-2/install/ros_gz_bringup:/home/holmesa8/csci597f/labs/ros-lab-2/install/ros_gz_gazebo:/home/holmesa8/csci597f/labs/ros-lab-2/install/ros_gz_app:/opt/ros/jazzy/opt/gz_sim_vendor:/opt/ros/jazzy/opt/gz_sensors_vendor:/opt/ros/jazzy/opt/gz_physics_vendor:/opt/ros/jazzy/opt/sdformat_vendor:/opt/ros/jazzy/opt/gz_gui_vendor:/opt/ros/jazzy/opt/gz_transport_vendor:/opt/ros/jazzy/opt/gz_rendering_vendor:/opt/ros/jazzy/opt/gz_plugin_vendor:/opt/ros/jazzy/opt/gz_fuel_tools_vendor:/opt/ros/jazzy/opt/gz_msgs_vendor:/opt/ros/jazzy/opt/gz_common_vendor:/opt/ros/jazzy/opt/gz_math_vendor:/opt/ros/jazzy/opt/gz_utils_vendor:/opt/ros/jazzy/opt/gz_tools_vendor:/opt/ros/jazzy/opt/gz_ogre_next_vendor:/opt/ros/jazzy/opt/gz_dartsim_vendor:/opt/ros/jazzy/opt/gz_cmake_vendor:/opt/ros/jazzy PS1=<ROS2-Jazzy>[\u@\h \W]$ /usr/bin/cmake --install /home/holmesa8/csci597f/labs/ros-lab-2/build/ros_gz_gazebo
[0.666s] Level 1:colcon.colcon_core.environment:create_environment_scripts_only(ros_gz_gazebo)
[0.666s] DEBUG:colcon.colcon_core.event_handler.log_command:Invoked command in '/home/holmesa8/csci597f/labs/ros-lab-2/build/ros_gz_gazebo' returned '0': CMAKE_PREFIX_PATH=/home/holmesa8/csci597f/labs/ros-lab-2/install/ros_gz_description:/home/holmesa8/csci597f/labs/ros-lab-2/install/ros_gz_bringup:/home/holmesa8/csci597f/labs/ros-lab-2/install/ros_gz_gazebo:/home/holmesa8/csci597f/labs/ros-lab-2/install/ros_gz_app:/opt/ros/jazzy/opt/gz_sim_vendor:/opt/ros/jazzy/opt/gz_sensors_vendor:/opt/ros/jazzy/opt/gz_physics_vendor:/opt/ros/jazzy/opt/sdformat_vendor:/opt/ros/jazzy/opt/gz_gui_vendor:/opt/ros/jazzy/opt/gz_transport_vendor:/opt/ros/jazzy/opt/gz_rendering_vendor:/opt/ros/jazzy/opt/gz_plugin_vendor:/opt/ros/jazzy/opt/gz_fuel_tools_vendor:/opt/ros/jazzy/opt/gz_msgs_vendor:/opt/ros/jazzy/opt/gz_common_vendor:/opt/ros/jazzy/opt/gz_math_vendor:/opt/ros/jazzy/opt/gz_utils_vendor:/opt/ros/jazzy/opt/gz_tools_vendor:/opt/ros/jazzy/opt/gz_ogre_next_vendor:/opt/ros/jazzy/opt/gz_dartsim_vendor:/opt/ros/jazzy/opt/gz_cmake_vendor:/opt/ros/jazzy PS1=<ROS2-Jazzy>[\u@\h \W]$ /usr/bin/cmake --install /home/holmesa8/csci597f/labs/ros-lab-2/build/ros_gz_gazebo
[0.667s] Level 1:colcon.colcon_core.environment:checking '/home/holmesa8/csci597f/labs/ros-lab-2/install/ros_gz_gazebo' for CMake module files
[0.670s] Level 1:colcon.colcon_core.environment:checking '/home/holmesa8/csci597f/labs/ros-lab-2/install/ros_gz_gazebo' for CMake config files
[0.675s] Level 1:colcon.colcon_core.shell:create_environment_hook('ros_gz_gazebo', 'cmake_prefix_path')
[0.675s] INFO:colcon.colcon_core.shell:Creating environment hook '/home/holmesa8/csci597f/labs/ros-lab-2/install/ros_gz_gazebo/share/ros_gz_gazebo/hook/cmake_prefix_path.ps1'
[0.679s] INFO:colcon.colcon_core.shell:Creating environment descriptor '/home/holmesa8/csci597f/labs/ros-lab-2/install/ros_gz_gazebo/share/ros_gz_gazebo/hook/cmake_prefix_path.dsv'
[0.682s] INFO:colcon.colcon_core.shell:Creating environment hook '/home/holmesa8/csci597f/labs/ros-lab-2/install/ros_gz_gazebo/share/ros_gz_gazebo/hook/cmake_prefix_path.sh'
[0.686s] Level 1:colcon.colcon_core.environment:checking '/home/holmesa8/csci597f/labs/ros-lab-2/install/ros_gz_gazebo/lib'
[0.687s] Level 1:colcon.colcon_core.environment:checking '/home/holmesa8/csci597f/labs/ros-lab-2/install/ros_gz_gazebo/bin'
[0.688s] Level 1:colcon.colcon_core.environment:checking '/home/holmesa8/csci597f/labs/ros-lab-2/install/ros_gz_gazebo/lib/pkgconfig/ros_gz_gazebo.pc'
[0.688s] Level 1:colcon.colcon_core.environment:checking '/home/holmesa8/csci597f/labs/ros-lab-2/install/ros_gz_gazebo/lib/python3.12/site-packages'
[0.688s] Level 1:colcon.colcon_core.environment:checking '/home/holmesa8/csci597f/labs/ros-lab-2/install/ros_gz_gazebo/bin'
[0.689s] INFO:colcon.colcon_core.shell:Creating package script '/home/holmesa8/csci597f/labs/ros-lab-2/install/ros_gz_gazebo/share/ros_gz_gazebo/package.ps1'
[0.693s] INFO:colcon.colcon_core.shell:Creating package descriptor '/home/holmesa8/csci597f/labs/ros-lab-2/install/ros_gz_gazebo/share/ros_gz_gazebo/package.dsv'
[0.696s] INFO:colcon.colcon_core.shell:Creating package script '/home/holmesa8/csci597f/labs/ros-lab-2/install/ros_gz_gazebo/share/ros_gz_gazebo/package.sh'
[0.699s] INFO:colcon.colcon_core.shell:Creating package script '/home/holmesa8/csci597f/labs/ros-lab-2/install/ros_gz_gazebo/share/ros_gz_gazebo/package.bash'
[0.702s] INFO:colcon.colcon_core.shell:Creating package script '/home/holmesa8/csci597f/labs/ros-lab-2/install/ros_gz_gazebo/share/ros_gz_gazebo/package.zsh'
[0.705s] Level 1:colcon.colcon_core.environment:create_file_with_runtime_dependencies(/home/holmesa8/csci597f/labs/ros-lab-2/install/ros_gz_gazebo/share/colcon-core/packages/ros_gz_gazebo)
[0.709s] Level 1:colcon.colcon_core.environment:create_environment_scripts_only(ros_gz_gazebo)
[0.709s] Level 1:colcon.colcon_core.environment:checking '/home/holmesa8/csci597f/labs/ros-lab-2/install/ros_gz_gazebo' for CMake module files
[0.711s] Level 1:colcon.colcon_core.environment:checking '/home/holmesa8/csci597f/labs/ros-lab-2/install/ros_gz_gazebo' for CMake config files
[0.716s] Level 1:colcon.colcon_core.shell:create_environment_hook('ros_gz_gazebo', 'cmake_prefix_path')
[0.716s] INFO:colcon.colcon_core.shell:Creating environment hook '/home/holmesa8/csci597f/labs/ros-lab-2/install/ros_gz_gazebo/share/ros_gz_gazebo/hook/cmake_prefix_path.ps1'
[0.719s] INFO:colcon.colcon_core.shell:Creating environment descriptor '/home/holmesa8/csci597f/labs/ros-lab-2/install/ros_gz_gazebo/share/ros_gz_gazebo/hook/cmake_prefix_path.dsv'
[0.722s] INFO:colcon.colcon_core.shell:Creating environment hook '/home/holmesa8/csci597f/labs/ros-lab-2/install/ros_gz_gazebo/share/ros_gz_gazebo/hook/cmake_prefix_path.sh'
[0.725s] Level 1:colcon.colcon_core.environment:checking '/home/holmesa8/csci597f/labs/ros-lab-2/install/ros_gz_gazebo/lib'
[0.726s] Level 1:colcon.colcon_core.environment:checking '/home/holmesa8/csci597f/labs/ros-lab-2/install/ros_gz_gazebo/bin'
[0.726s] Level 1:colcon.colcon_core.environment:checking '/home/holmesa8/csci597f/labs/ros-lab-2/install/ros_gz_gazebo/lib/pkgconfig/ros_gz_gazebo.pc'
[0.726s] Level 1:colcon.colcon_core.environment:checking '/home/holmesa8/csci597f/labs/ros-lab-2/install/ros_gz_gazebo/lib/python3.12/site-packages'
[0.727s] Level 1:colcon.colcon_core.environment:checking '/home/holmesa8/csci597f/labs/ros-lab-2/install/ros_gz_gazebo/bin'
[0.727s] INFO:colcon.colcon_core.shell:Creating package script '/home/holmesa8/csci597f/labs/ros-lab-2/install/ros_gz_gazebo/share/ros_gz_gazebo/package.ps1'
[0.731s] INFO:colcon.colcon_core.shell:Creating package descriptor '/home/holmesa8/csci597f/labs/ros-lab-2/install/ros_gz_gazebo/share/ros_gz_gazebo/package.dsv'
[0.734s] INFO:colcon.colcon_core.shell:Creating package script '/home/holmesa8/csci597f/labs/ros-lab-2/install/ros_gz_gazebo/share/ros_gz_gazebo/package.sh'
[0.737s] INFO:colcon.colcon_core.shell:Creating package script '/home/holmesa8/csci597f/labs/ros-lab-2/install/ros_gz_gazebo/share/ros_gz_gazebo/package.bash'
[0.741s] INFO:colcon.colcon_core.shell:Creating package script '/home/holmesa8/csci597f/labs/ros-lab-2/install/ros_gz_gazebo/share/ros_gz_gazebo/package.zsh'
[0.744s] Level 1:colcon.colcon_core.environment:create_file_with_runtime_dependencies(/home/holmesa8/csci597f/labs/ros-lab-2/install/ros_gz_gazebo/share/colcon-core/packages/ros_gz_gazebo)
[0.746s] INFO:colcon.colcon_ros.task.ament_cmake.build:Building ROS package in '/home/holmesa8/csci597f/labs/ros-lab-2/ros_gz_bringup' with build type 'ament_cmake'
[0.747s] INFO:colcon.colcon_cmake.task.cmake.build:Building CMake package in '/home/holmesa8/csci597f/labs/ros-lab-2/ros_gz_bringup'
[0.747s] INFO:colcon.colcon_core.shell:Skip shell extension 'powershell' for command environment: Not usable outside of PowerShell
[0.747s] DEBUG:colcon.colcon_core.shell:Skip shell extension 'dsv' for command environment
[0.791s] DEBUG:colcon.colcon_core.event_handler.log_command:Invoking command in '/home/holmesa8/csci597f/labs/ros-lab-2/build/ros_gz_bringup': CMAKE_PREFIX_PATH=/home/holmesa8/csci597f/labs/ros-lab-2/install/ros_gz_gazebo:/home/holmesa8/csci597f/labs/ros-lab-2/install/ros_gz_description:/home/holmesa8/csci597f/labs/ros-lab-2/install/ros_gz_bringup:/home/holmesa8/csci597f/labs/ros-lab-2/install/ros_gz_app:/opt/ros/jazzy/opt/gz_sim_vendor:/opt/ros/jazzy/opt/gz_sensors_vendor:/opt/ros/jazzy/opt/gz_physics_vendor:/opt/ros/jazzy/opt/sdformat_vendor:/opt/ros/jazzy/opt/gz_gui_vendor:/opt/ros/jazzy/opt/gz_transport_vendor:/opt/ros/jazzy/opt/gz_rendering_vendor:/opt/ros/jazzy/opt/gz_plugin_vendor:/opt/ros/jazzy/opt/gz_fuel_tools_vendor:/opt/ros/jazzy/opt/gz_msgs_vendor:/opt/ros/jazzy/opt/gz_common_vendor:/opt/ros/jazzy/opt/gz_math_vendor:/opt/ros/jazzy/opt/gz_utils_vendor:/opt/ros/jazzy/opt/gz_tools_vendor:/opt/ros/jazzy/opt/gz_ogre_next_vendor:/opt/ros/jazzy/opt/gz_dartsim_vendor:/opt/ros/jazzy/opt/gz_cmake_vendor:/opt/ros/jazzy GZ_SIM_PLUGIN_PATH=/home/holmesa8/csci597f/labs/ros-lab-2/install/ros_gz_gazebo/lib/ros_gz_gazebo PS1=<ROS2-Jazzy>[\u@\h \W]$ /usr/bin/cmake --build /home/holmesa8/csci597f/labs/ros-lab-2/build/ros_gz_bringup -- -j28 -l28
[0.885s] DEBUG:colcon.colcon_core.event_handler.log_command:Invoked command in '/home/holmesa8/csci597f/labs/ros-lab-2/build/ros_gz_bringup' returned '0': CMAKE_PREFIX_PATH=/home/holmesa8/csci597f/labs/ros-lab-2/install/ros_gz_gazebo:/home/holmesa8/csci597f/labs/ros-lab-2/install/ros_gz_description:/home/holmesa8/csci597f/labs/ros-lab-2/install/ros_gz_bringup:/home/holmesa8/csci597f/labs/ros-lab-2/install/ros_gz_app:/opt/ros/jazzy/opt/gz_sim_vendor:/opt/ros/jazzy/opt/gz_sensors_vendor:/opt/ros/jazzy/opt/gz_physics_vendor:/opt/ros/jazzy/opt/sdformat_vendor:/opt/ros/jazzy/opt/gz_gui_vendor:/opt/ros/jazzy/opt/gz_transport_vendor:/opt/ros/jazzy/opt/gz_rendering_vendor:/opt/ros/jazzy/opt/gz_plugin_vendor:/opt/ros/jazzy/opt/gz_fuel_tools_vendor:/opt/ros/jazzy/opt/gz_msgs_vendor:/opt/ros/jazzy/opt/gz_common_vendor:/opt/ros/jazzy/opt/gz_math_vendor:/opt/ros/jazzy/opt/gz_utils_vendor:/opt/ros/jazzy/opt/gz_tools_vendor:/opt/ros/jazzy/opt/gz_ogre_next_vendor:/opt/ros/jazzy/opt/gz_dartsim_vendor:/opt/ros/jazzy/opt/gz_cmake_vendor:/opt/ros/jazzy GZ_SIM_PLUGIN_PATH=/home/holmesa8/csci597f/labs/ros-lab-2/install/ros_gz_gazebo/lib/ros_gz_gazebo PS1=<ROS2-Jazzy>[\u@\h \W]$ /usr/bin/cmake --build /home/holmesa8/csci597f/labs/ros-lab-2/build/ros_gz_bringup -- -j28 -l28
[0.888s] DEBUG:colcon.colcon_core.event_handler.log_command:Invoking command in '/home/holmesa8/csci597f/labs/ros-lab-2/build/ros_gz_bringup': CMAKE_PREFIX_PATH=/home/holmesa8/csci597f/labs/ros-lab-2/install/ros_gz_gazebo:/home/holmesa8/csci597f/labs/ros-lab-2/install/ros_gz_description:/home/holmesa8/csci597f/labs/ros-lab-2/install/ros_gz_bringup:/home/holmesa8/csci597f/labs/ros-lab-2/install/ros_gz_app:/opt/ros/jazzy/opt/gz_sim_vendor:/opt/ros/jazzy/opt/gz_sensors_vendor:/opt/ros/jazzy/opt/gz_physics_vendor:/opt/ros/jazzy/opt/sdformat_vendor:/opt/ros/jazzy/opt/gz_gui_vendor:/opt/ros/jazzy/opt/gz_transport_vendor:/opt/ros/jazzy/opt/gz_rendering_vendor:/opt/ros/jazzy/opt/gz_plugin_vendor:/opt/ros/jazzy/opt/gz_fuel_tools_vendor:/opt/ros/jazzy/opt/gz_msgs_vendor:/opt/ros/jazzy/opt/gz_common_vendor:/opt/ros/jazzy/opt/gz_math_vendor:/opt/ros/jazzy/opt/gz_utils_vendor:/opt/ros/jazzy/opt/gz_tools_vendor:/opt/ros/jazzy/opt/gz_ogre_next_vendor:/opt/ros/jazzy/opt/gz_dartsim_vendor:/opt/ros/jazzy/opt/gz_cmake_vendor:/opt/ros/jazzy GZ_SIM_PLUGIN_PATH=/home/holmesa8/csci597f/labs/ros-lab-2/install/ros_gz_gazebo/lib/ros_gz_gazebo PS1=<ROS2-Jazzy>[\u@\h \W]$ /usr/bin/cmake --install /home/holmesa8/csci597f/labs/ros-lab-2/build/ros_gz_bringup
[0.938s] Level 1:colcon.colcon_core.environment:create_environment_scripts_only(ros_gz_bringup)
[0.939s] Level 1:colcon.colcon_core.environment:checking '/home/holmesa8/csci597f/labs/ros-lab-2/install/ros_gz_bringup' for CMake module files
[0.940s] DEBUG:colcon.colcon_core.event_handler.log_command:Invoked command in '/home/holmesa8/csci597f/labs/ros-lab-2/build/ros_gz_bringup' returned '0': CMAKE_PREFIX_PATH=/home/holmesa8/csci597f/labs/ros-lab-2/install/ros_gz_gazebo:/home/holmesa8/csci597f/labs/ros-lab-2/install/ros_gz_description:/home/holmesa8/csci597f/labs/ros-lab-2/install/ros_gz_bringup:/home/holmesa8/csci597f/labs/ros-lab-2/install/ros_gz_app:/opt/ros/jazzy/opt/gz_sim_vendor:/opt/ros/jazzy/opt/gz_sensors_vendor:/opt/ros/jazzy/opt/gz_physics_vendor:/opt/ros/jazzy/opt/sdformat_vendor:/opt/ros/jazzy/opt/gz_gui_vendor:/opt/ros/jazzy/opt/gz_transport_vendor:/opt/ros/jazzy/opt/gz_rendering_vendor:/opt/ros/jazzy/opt/gz_plugin_vendor:/opt/ros/jazzy/opt/gz_fuel_tools_vendor:/opt/ros/jazzy/opt/gz_msgs_vendor:/opt/ros/jazzy/opt/gz_common_vendor:/opt/ros/jazzy/opt/gz_math_vendor:/opt/ros/jazzy/opt/gz_utils_vendor:/opt/ros/jazzy/opt/gz_tools_vendor:/opt/ros/jazzy/opt/gz_ogre_next_vendor:/opt/ros/jazzy/opt/gz_dartsim_vendor:/opt/ros/jazzy/opt/gz_cmake_vendor:/opt/ros/jazzy GZ_SIM_PLUGIN_PATH=/home/holmesa8/csci597f/labs/ros-lab-2/install/ros_gz_gazebo/lib/ros_gz_gazebo PS1=<ROS2-Jazzy>[\u@\h \W]$ /usr/bin/cmake --install /home/holmesa8/csci597f/labs/ros-lab-2/build/ros_gz_bringup
[0.941s] Level 1:colcon.colcon_core.environment:checking '/home/holmesa8/csci597f/labs/ros-lab-2/install/ros_gz_bringup' for CMake config files
[0.943s] Level 1:colcon.colcon_core.shell:create_environment_hook('ros_gz_bringup', 'cmake_prefix_path')
[0.943s] INFO:colcon.colcon_core.shell:Creating environment hook '/home/holmesa8/csci597f/labs/ros-lab-2/install/ros_gz_bringup/share/ros_gz_bringup/hook/cmake_prefix_path.ps1'
[0.947s] INFO:colcon.colcon_core.shell:Creating environment descriptor '/home/holmesa8/csci597f/labs/ros-lab-2/install/ros_gz_bringup/share/ros_gz_bringup/hook/cmake_prefix_path.dsv'
[0.950s] INFO:colcon.colcon_core.shell:Creating environment hook '/home/holmesa8/csci597f/labs/ros-lab-2/install/ros_gz_bringup/share/ros_gz_bringup/hook/cmake_prefix_path.sh'
[0.954s] Level 1:colcon.colcon_core.environment:checking '/home/holmesa8/csci597f/labs/ros-lab-2/install/ros_gz_bringup/bin'
[0.954s] Level 1:colcon.colcon_core.environment:checking '/home/holmesa8/csci597f/labs/ros-lab-2/install/ros_gz_bringup/lib/pkgconfig/ros_gz_bringup.pc'
[0.955s] Level 1:colcon.colcon_core.environment:checking '/home/holmesa8/csci597f/labs/ros-lab-2/install/ros_gz_bringup/lib/python3.12/site-packages'
[0.955s] Level 1:colcon.colcon_core.environment:checking '/home/holmesa8/csci597f/labs/ros-lab-2/install/ros_gz_bringup/bin'
[0.956s] INFO:colcon.colcon_core.shell:Creating package script '/home/holmesa8/csci597f/labs/ros-lab-2/install/ros_gz_bringup/share/ros_gz_bringup/package.ps1'
[0.959s] INFO:colcon.colcon_core.shell:Creating package descriptor '/home/holmesa8/csci597f/labs/ros-lab-2/install/ros_gz_bringup/share/ros_gz_bringup/package.dsv'
[0.962s] INFO:colcon.colcon_core.shell:Creating package script '/home/holmesa8/csci597f/labs/ros-lab-2/install/ros_gz_bringup/share/ros_gz_bringup/package.sh'
[0.965s] INFO:colcon.colcon_core.shell:Creating package script '/home/holmesa8/csci597f/labs/ros-lab-2/install/ros_gz_bringup/share/ros_gz_bringup/package.bash'
[0.968s] INFO:colcon.colcon_core.shell:Creating package script '/home/holmesa8/csci597f/labs/ros-lab-2/install/ros_gz_bringup/share/ros_gz_bringup/package.zsh'
[0.971s] Level 1:colcon.colcon_core.environment:create_file_with_runtime_dependencies(/home/holmesa8/csci597f/labs/ros-lab-2/install/ros_gz_bringup/share/colcon-core/packages/ros_gz_bringup)
[0.974s] Level 1:colcon.colcon_core.environment:create_environment_scripts_only(ros_gz_bringup)
[0.974s] Level 1:colcon.colcon_core.environment:checking '/home/holmesa8/csci597f/labs/ros-lab-2/install/ros_gz_bringup' for CMake module files
[0.976s] Level 1:colcon.colcon_core.environment:checking '/home/holmesa8/csci597f/labs/ros-lab-2/install/ros_gz_bringup' for CMake config files
[0.978s] Level 1:colcon.colcon_core.shell:create_environment_hook('ros_gz_bringup', 'cmake_prefix_path')
[0.978s] INFO:colcon.colcon_core.shell:Creating environment hook '/home/holmesa8/csci597f/labs/ros-lab-2/install/ros_gz_bringup/share/ros_gz_bringup/hook/cmake_prefix_path.ps1'
[0.981s] INFO:colcon.colcon_core.shell:Creating environment descriptor '/home/holmesa8/csci597f/labs/ros-lab-2/install/ros_gz_bringup/share/ros_gz_bringup/hook/cmake_prefix_path.dsv'
[0.983s] INFO:colcon.colcon_core.shell:Creating environment hook '/home/holmesa8/csci597f/labs/ros-lab-2/install/ros_gz_bringup/share/ros_gz_bringup/hook/cmake_prefix_path.sh'
[0.987s] Level 1:colcon.colcon_core.environment:checking '/home/holmesa8/csci597f/labs/ros-lab-2/install/ros_gz_bringup/bin'
[0.987s] Level 1:colcon.colcon_core.environment:checking '/home/holmesa8/csci597f/labs/ros-lab-2/install/ros_gz_bringup/lib/pkgconfig/ros_gz_bringup.pc'
[0.987s] Level 1:colcon.colcon_core.environment:checking '/home/holmesa8/csci597f/labs/ros-lab-2/install/ros_gz_bringup/lib/python3.12/site-packages'
[0.988s] Level 1:colcon.colcon_core.environment:checking '/home/holmesa8/csci597f/labs/ros-lab-2/install/ros_gz_bringup/bin'
[0.988s] INFO:colcon.colcon_core.shell:Creating package script '/home/holmesa8/csci597f/labs/ros-lab-2/install/ros_gz_bringup/share/ros_gz_bringup/package.ps1'
[0.991s] INFO:colcon.colcon_core.shell:Creating package descriptor '/home/holmesa8/csci597f/labs/ros-lab-2/install/ros_gz_bringup/share/ros_gz_bringup/package.dsv'
[0.994s] INFO:colcon.colcon_core.shell:Creating package script '/home/holmesa8/csci597f/labs/ros-lab-2/install/ros_gz_bringup/share/ros_gz_bringup/package.sh'
[0.997s] INFO:colcon.colcon_core.shell:Creating package script '/home/holmesa8/csci597f/labs/ros-lab-2/install/ros_gz_bringup/share/ros_gz_bringup/package.bash'
[1.000s] INFO:colcon.colcon_core.shell:Creating package script '/home/holmesa8/csci597f/labs/ros-lab-2/install/ros_gz_bringup/share/ros_gz_bringup/package.zsh'
[1.003s] Level 1:colcon.colcon_core.environment:create_file_with_runtime_dependencies(/home/holmesa8/csci597f/labs/ros-lab-2/install/ros_gz_bringup/share/colcon-core/packages/ros_gz_bringup)
[1.005s] DEBUG:colcon.colcon_parallel_executor.executor.parallel:closing loop
[1.005s] DEBUG:colcon.colcon_parallel_executor.executor.parallel:loop closed
[1.005s] DEBUG:colcon.colcon_parallel_executor.executor.parallel:run_until_complete finished with '0'
[1.005s] DEBUG:colcon.colcon_core.event_reactor:joining thread
[1.026s] INFO:colcon.colcon_core.plugin_system:Skipping extension 'colcon_notification.desktop_notification.notify_send': Could not find 'notify-send'
[1.026s] INFO:colcon.colcon_core.plugin_system:Skipping extension 'colcon_notification.desktop_notification.terminal_notifier': Not used on non-Darwin systems
[1.026s] INFO:colcon.colcon_core.plugin_system:Skipping extension 'colcon_notification.desktop_notification.win32': Not used on non-Windows systems
[1.026s] INFO:colcon.colcon_notification.desktop_notification:Sending desktop notification using 'notify2'
[1.027s] DEBUG:colcon.colcon_notification.desktop_notification.notify2:Failed to initialize notify2: org.freedesktop.DBus.Error.ServiceUnknown: The name is not activatable
[1.028s] DEBUG:colcon.colcon_core.event_reactor:joined thread
[1.028s] INFO:colcon.colcon_core.shell:Creating prefix script '/home/holmesa8/csci597f/labs/ros-lab-2/install/local_setup.ps1'
[1.032s] INFO:colcon.colcon_core.shell:Creating prefix util module '/home/holmesa8/csci597f/labs/ros-lab-2/install/_local_setup_util_ps1.py'
[1.036s] INFO:colcon.colcon_core.shell:Creating prefix chain script '/home/holmesa8/csci597f/labs/ros-lab-2/install/setup.ps1'
[1.042s] INFO:colcon.colcon_core.shell:Creating prefix script '/home/holmesa8/csci597f/labs/ros-lab-2/install/local_setup.sh'
[1.046s] INFO:colcon.colcon_core.shell:Creating prefix util module '/home/holmesa8/csci597f/labs/ros-lab-2/install/_local_setup_util_sh.py'
[1.049s] INFO:colcon.colcon_core.shell:Creating prefix chain script '/home/holmesa8/csci597f/labs/ros-lab-2/install/setup.sh'
[1.055s] INFO:colcon.colcon_core.shell:Creating prefix script '/home/holmesa8/csci597f/labs/ros-lab-2/install/local_setup.bash'
[1.058s] INFO:colcon.colcon_core.shell:Creating prefix chain script '/home/holmesa8/csci597f/labs/ros-lab-2/install/setup.bash'
[1.064s] INFO:colcon.colcon_core.shell:Creating prefix script '/home/holmesa8/csci597f/labs/ros-lab-2/install/local_setup.zsh'
[1.067s] INFO:colcon.colcon_core.shell:Creating prefix chain script '/home/holmesa8/csci597f/labs/ros-lab-2/install/setup.zsh'
