[0.042s] Invoking command in '/home/holmesa8/csci597f/labs/ros-lab-2/build/ros_gz_description': CMAKE_PREFIX_PATH=${CMAKE_PREFIX_PATH}:/home/holmesa8/csci597f/labs/ros-lab-2/install/py_pubsub:/opt/ros/jazzy CONDA_PROMPT_MODIFIER=(base) PS1=<ROS2-Jazzy>[\u@\h \W]$ /usr/bin/cmake --build /home/holmesa8/csci597f/labs/ros-lab-2/build/ros_gz_description -- -j24 -l24
[0.164s] Invoked command in '/home/holmesa8/csci597f/labs/ros-lab-2/build/ros_gz_description' returned '0': CMAKE_PREFIX_PATH=${CMAKE_PREFIX_PATH}:/home/holmesa8/csci597f/labs/ros-lab-2/install/py_pubsub:/opt/ros/jazzy CONDA_PROMPT_MODIFIER=(base) PS1=<ROS2-Jazzy>[\u@\h \W]$ /usr/bin/cmake --build /home/holmesa8/csci597f/labs/ros-lab-2/build/ros_gz_description -- -j24 -l24
[0.174s] Invoking command in '/home/holmesa8/csci597f/labs/ros-lab-2/build/ros_gz_description': CMAKE_PREFIX_PATH=${CMAKE_PREFIX_PATH}:/home/holmesa8/csci597f/labs/ros-lab-2/install/py_pubsub:/opt/ros/jazzy CONDA_PROMPT_MODIFIER=(base) PS1=<ROS2-Jazzy>[\u@\h \W]$ /usr/bin/cmake --install /home/holmesa8/csci597f/labs/ros-lab-2/build/ros_gz_description
[0.188s] -- Install configuration: ""
[0.188s] -- Up-to-date: /home/holmesa8/csci597f/labs/ros-lab-2/install/ros_gz_description/share/ros_gz_description/models
[0.188s] -- Up-to-date: /home/holmesa8/csci597f/labs/ros-lab-2/install/ros_gz_description/share/ros_gz_description/models/diff_drive
[0.188s] -- Up-to-date: /home/holmesa8/csci597f/labs/ros-lab-2/install/ros_gz_description/share/ros_gz_description/models/diff_drive/model.config
[0.188s] -- Up-to-date: /home/holmesa8/csci597f/labs/ros-lab-2/install/ros_gz_description/share/ros_gz_description/models/diff_drive/model.sdf
[0.188s] -- Up-to-date: /home/holmesa8/csci597f/labs/ros-lab-2/install/ros_gz_description/share/ros_gz_description/environment/ros_gz_description.dsv
[0.189s] -- Up-to-date: /home/holmesa8/csci597f/labs/ros-lab-2/install/ros_gz_description/share/ros_gz_description/environment/ros_gz_description.sh
[0.190s] -- Up-to-date: /home/holmesa8/csci597f/labs/ros-lab-2/install/ros_gz_description/share/ament_index/resource_index/package_run_dependencies/ros_gz_description
[0.192s] -- Up-to-date: /home/holmesa8/csci597f/labs/ros-lab-2/install/ros_gz_description/share/ament_index/resource_index/parent_prefix_path/ros_gz_description
[0.192s] -- Up-to-date: /home/holmesa8/csci597f/labs/ros-lab-2/install/ros_gz_description/share/ros_gz_description/environment/ament_prefix_path.sh
[0.193s] -- Up-to-date: /home/holmesa8/csci597f/labs/ros-lab-2/install/ros_gz_description/share/ros_gz_description/environment/ament_prefix_path.dsv
[0.193s] -- Up-to-date: /home/holmesa8/csci597f/labs/ros-lab-2/install/ros_gz_description/share/ros_gz_description/environment/path.sh
[0.194s] -- Up-to-date: /home/holmesa8/csci597f/labs/ros-lab-2/install/ros_gz_description/share/ros_gz_description/environment/path.dsv
[0.195s] -- Up-to-date: /home/holmesa8/csci597f/labs/ros-lab-2/install/ros_gz_description/share/ros_gz_description/local_setup.bash
[0.196s] -- Up-to-date: /home/holmesa8/csci597f/labs/ros-lab-2/install/ros_gz_description/share/ros_gz_description/local_setup.sh
[0.197s] -- Up-to-date: /home/holmesa8/csci597f/labs/ros-lab-2/install/ros_gz_description/share/ros_gz_description/local_setup.zsh
[0.198s] -- Up-to-date: /home/holmesa8/csci597f/labs/ros-lab-2/install/ros_gz_description/share/ros_gz_description/local_setup.dsv
[0.198s] -- Installing: /home/holmesa8/csci597f/labs/ros-lab-2/install/ros_gz_description/share/ros_gz_description/package.dsv
[0.204s] -- Up-to-date: /home/holmesa8/csci597f/labs/ros-lab-2/install/ros_gz_description/share/ament_index/resource_index/packages/ros_gz_description
[0.206s] -- Up-to-date: /home/holmesa8/csci597f/labs/ros-lab-2/install/ros_gz_description/share/ros_gz_description/cmake/ros_gz_descriptionConfig.cmake
[0.206s] -- Up-to-date: /home/holmesa8/csci597f/labs/ros-lab-2/install/ros_gz_description/share/ros_gz_description/cmake/ros_gz_descriptionConfig-version.cmake
[0.208s] -- Up-to-date: /home/holmesa8/csci597f/labs/ros-lab-2/install/ros_gz_description/share/ros_gz_description/package.xml
[0.212s] Invoked command in '/home/holmesa8/csci597f/labs/ros-lab-2/build/ros_gz_description' returned '0': CMAKE_PREFIX_PATH=${CMAKE_PREFIX_PATH}:/home/holmesa8/csci597f/labs/ros-lab-2/install/py_pubsub:/opt/ros/jazzy CONDA_PROMPT_MODIFIER=(base) PS1=<ROS2-Jazzy>[\u@\h \W]$ /usr/bin/cmake --install /home/holmesa8/csci597f/labs/ros-lab-2/build/ros_gz_description
