[0.271s] Invoking command in '/home/holmesa8/csci597f/labs/ros-lab-2/build/ros_gz_gazebo': CMAKE_PREFIX_PATH=/home/holmesa8/csci597f/labs/ros-lab-2/install/ros_gz_description:/opt/ros/jazzy/opt/gz_sim_vendor:/opt/ros/jazzy/opt/gz_sensors_vendor:/opt/ros/jazzy/opt/gz_physics_vendor:/opt/ros/jazzy/opt/sdformat_vendor:/opt/ros/jazzy/opt/gz_gui_vendor:/opt/ros/jazzy/opt/gz_transport_vendor:/opt/ros/jazzy/opt/gz_rendering_vendor:/opt/ros/jazzy/opt/gz_plugin_vendor:/opt/ros/jazzy/opt/gz_fuel_tools_vendor:/opt/ros/jazzy/opt/gz_msgs_vendor:/opt/ros/jazzy/opt/gz_common_vendor:/opt/ros/jazzy/opt/gz_math_vendor:/opt/ros/jazzy/opt/gz_utils_vendor:/opt/ros/jazzy/opt/gz_tools_vendor:/opt/ros/jazzy/opt/gz_ogre_next_vendor:/opt/ros/jazzy/opt/gz_dartsim_vendor:/opt/ros/jazzy/opt/gz_cmake_vendor:/opt/ros/jazzy CONDA_PROMPT_MODIFIER=(base) PS1=<ROS2-Jazzy>[\u@\h \W]$ /usr/bin/cmake --build /home/holmesa8/csci597f/labs/ros-lab-2/build/ros_gz_gazebo -- -j24 -l24
[0.549s] [100%] Built target BasicSystem
[0.549s] [100%] Built target FullSystem
[0.580s] Invoked command in '/home/holmesa8/csci597f/labs/ros-lab-2/build/ros_gz_gazebo' returned '0': CMAKE_PREFIX_PATH=/home/holmesa8/csci597f/labs/ros-lab-2/install/ros_gz_description:/opt/ros/jazzy/opt/gz_sim_vendor:/opt/ros/jazzy/opt/gz_sensors_vendor:/opt/ros/jazzy/opt/gz_physics_vendor:/opt/ros/jazzy/opt/sdformat_vendor:/opt/ros/jazzy/opt/gz_gui_vendor:/opt/ros/jazzy/opt/gz_transport_vendor:/opt/ros/jazzy/opt/gz_rendering_vendor:/opt/ros/jazzy/opt/gz_plugin_vendor:/opt/ros/jazzy/opt/gz_fuel_tools_vendor:/opt/ros/jazzy/opt/gz_msgs_vendor:/opt/ros/jazzy/opt/gz_common_vendor:/opt/ros/jazzy/opt/gz_math_vendor:/opt/ros/jazzy/opt/gz_utils_vendor:/opt/ros/jazzy/opt/gz_tools_vendor:/opt/ros/jazzy/opt/gz_ogre_next_vendor:/opt/ros/jazzy/opt/gz_dartsim_vendor:/opt/ros/jazzy/opt/gz_cmake_vendor:/opt/ros/jazzy CONDA_PROMPT_MODIFIER=(base) PS1=<ROS2-Jazzy>[\u@\h \W]$ /usr/bin/cmake --build /home/holmesa8/csci597f/labs/ros-lab-2/build/ros_gz_gazebo -- -j24 -l24
[0.599s] Invoking command in '/home/holmesa8/csci597f/labs/ros-lab-2/build/ros_gz_gazebo': CMAKE_PREFIX_PATH=/home/holmesa8/csci597f/labs/ros-lab-2/install/ros_gz_description:/opt/ros/jazzy/opt/gz_sim_vendor:/opt/ros/jazzy/opt/gz_sensors_vendor:/opt/ros/jazzy/opt/gz_physics_vendor:/opt/ros/jazzy/opt/sdformat_vendor:/opt/ros/jazzy/opt/gz_gui_vendor:/opt/ros/jazzy/opt/gz_transport_vendor:/opt/ros/jazzy/opt/gz_rendering_vendor:/opt/ros/jazzy/opt/gz_plugin_vendor:/opt/ros/jazzy/opt/gz_fuel_tools_vendor:/opt/ros/jazzy/opt/gz_msgs_vendor:/opt/ros/jazzy/opt/gz_common_vendor:/opt/ros/jazzy/opt/gz_math_vendor:/opt/ros/jazzy/opt/gz_utils_vendor:/opt/ros/jazzy/opt/gz_tools_vendor:/opt/ros/jazzy/opt/gz_ogre_next_vendor:/opt/ros/jazzy/opt/gz_dartsim_vendor:/opt/ros/jazzy/opt/gz_cmake_vendor:/opt/ros/jazzy CONDA_PROMPT_MODIFIER=(base) PS1=<ROS2-Jazzy>[\u@\h \W]$ /usr/bin/cmake --install /home/holmesa8/csci597f/labs/ros-lab-2/build/ros_gz_gazebo
[0.634s] -- Install configuration: ""
[0.636s] -- Up-to-date: /home/holmesa8/csci597f/labs/ros-lab-2/install/ros_gz_gazebo/lib/ros_gz_gazebo/libBasicSystem.so
[0.657s] -- Up-to-date: /home/holmesa8/csci597f/labs/ros-lab-2/install/ros_gz_gazebo/lib/ros_gz_gazebo/libFullSystem.so
[0.678s] -- Up-to-date: /home/holmesa8/csci597f/labs/ros-lab-2/install/ros_gz_gazebo/share/ros_gz_gazebo/worlds
[0.687s] -- Up-to-date: /home/holmesa8/csci597f/labs/ros-lab-2/install/ros_gz_gazebo/share/ros_gz_gazebo/worlds/maze.sdf
[0.694s] -- Up-to-date: /home/holmesa8/csci597f/labs/ros-lab-2/install/ros_gz_gazebo/share/ros_gz_gazebo/worlds/diff_drive.sdf
[0.701s] -- Up-to-date: /home/holmesa8/csci597f/labs/ros-lab-2/install/ros_gz_gazebo/share/ros_gz_gazebo/environment/ros_gz_gazebo.dsv
[0.705s] -- Up-to-date: /home/holmesa8/csci597f/labs/ros-lab-2/install/ros_gz_gazebo/share/ros_gz_gazebo/environment/ros_gz_gazebo.sh
[0.710s] -- Up-to-date: /home/holmesa8/csci597f/labs/ros-lab-2/install/ros_gz_gazebo/share/ament_index/resource_index/package_run_dependencies/ros_gz_gazebo
[0.717s] -- Up-to-date: /home/holmesa8/csci597f/labs/ros-lab-2/install/ros_gz_gazebo/share/ament_index/resource_index/parent_prefix_path/ros_gz_gazebo
[0.721s] -- Up-to-date: /home/holmesa8/csci597f/labs/ros-lab-2/install/ros_gz_gazebo/share/ros_gz_gazebo/environment/ament_prefix_path.sh
[0.725s] -- Up-to-date: /home/holmesa8/csci597f/labs/ros-lab-2/install/ros_gz_gazebo/share/ros_gz_gazebo/environment/ament_prefix_path.dsv
[0.729s] -- Up-to-date: /home/holmesa8/csci597f/labs/ros-lab-2/install/ros_gz_gazebo/share/ros_gz_gazebo/environment/path.sh
[0.733s] -- Up-to-date: /home/holmesa8/csci597f/labs/ros-lab-2/install/ros_gz_gazebo/share/ros_gz_gazebo/environment/path.dsv
[0.738s] -- Up-to-date: /home/holmesa8/csci597f/labs/ros-lab-2/install/ros_gz_gazebo/share/ros_gz_gazebo/local_setup.bash
[0.741s] -- Up-to-date: /home/holmesa8/csci597f/labs/ros-lab-2/install/ros_gz_gazebo/share/ros_gz_gazebo/local_setup.sh
[0.746s] -- Up-to-date: /home/holmesa8/csci597f/labs/ros-lab-2/install/ros_gz_gazebo/share/ros_gz_gazebo/local_setup.zsh
[0.751s] -- Up-to-date: /home/holmesa8/csci597f/labs/ros-lab-2/install/ros_gz_gazebo/share/ros_gz_gazebo/local_setup.dsv
[0.755s] -- Installing: /home/holmesa8/csci597f/labs/ros-lab-2/install/ros_gz_gazebo/share/ros_gz_gazebo/package.dsv
[0.783s] -- Up-to-date: /home/holmesa8/csci597f/labs/ros-lab-2/install/ros_gz_gazebo/share/ament_index/resource_index/packages/ros_gz_gazebo
[0.790s] -- Up-to-date: /home/holmesa8/csci597f/labs/ros-lab-2/install/ros_gz_gazebo/share/ros_gz_gazebo/cmake/ros_gz_gazeboConfig.cmake
[0.794s] -- Up-to-date: /home/holmesa8/csci597f/labs/ros-lab-2/install/ros_gz_gazebo/share/ros_gz_gazebo/cmake/ros_gz_gazeboConfig-version.cmake
[0.800s] -- Up-to-date: /home/holmesa8/csci597f/labs/ros-lab-2/install/ros_gz_gazebo/share/ros_gz_gazebo/package.xml
[0.816s] Invoked command in '/home/holmesa8/csci597f/labs/ros-lab-2/build/ros_gz_gazebo' returned '0': CMAKE_PREFIX_PATH=/home/holmesa8/csci597f/labs/ros-lab-2/install/ros_gz_description:/opt/ros/jazzy/opt/gz_sim_vendor:/opt/ros/jazzy/opt/gz_sensors_vendor:/opt/ros/jazzy/opt/gz_physics_vendor:/opt/ros/jazzy/opt/sdformat_vendor:/opt/ros/jazzy/opt/gz_gui_vendor:/opt/ros/jazzy/opt/gz_transport_vendor:/opt/ros/jazzy/opt/gz_rendering_vendor:/opt/ros/jazzy/opt/gz_plugin_vendor:/opt/ros/jazzy/opt/gz_fuel_tools_vendor:/opt/ros/jazzy/opt/gz_msgs_vendor:/opt/ros/jazzy/opt/gz_common_vendor:/opt/ros/jazzy/opt/gz_math_vendor:/opt/ros/jazzy/opt/gz_utils_vendor:/opt/ros/jazzy/opt/gz_tools_vendor:/opt/ros/jazzy/opt/gz_ogre_next_vendor:/opt/ros/jazzy/opt/gz_dartsim_vendor:/opt/ros/jazzy/opt/gz_cmake_vendor:/opt/ros/jazzy CONDA_PROMPT_MODIFIER=(base) PS1=<ROS2-Jazzy>[\u@\h \W]$ /usr/bin/cmake --install /home/holmesa8/csci597f/labs/ros-lab-2/build/ros_gz_gazebo
