[0.062s] DEBUG:colcon:Command line arguments: ['/usr/bin/colcon', 'build', '--cmake-args', '-DBUILD_TESTING=ON']
[0.062s] DEBUG:colcon:Parsed command line arguments: Namespace(log_base=None, log_level=None, verb_name='build', build_base='build', install_base='install', merge_install=False, symlink_install=False, test_result_base=None, continue_on_error=False, executor='parallel', parallel_workers=24, event_handlers=None, ignore_user_meta=False, metas=['./colcon.meta'], base_paths=['.'], packages_ignore=None, packages_ignore_regex=None, paths=None, packages_up_to=None, packages_up_to_regex=None, packages_above=None, packages_above_and_dependencies=None, packages_above_depth=None, packages_select_by_dep=None, packages_skip_by_dep=None, packages_skip_up_to=None, packages_select_build_failed=False, packages_skip_build_finished=False, packages_select_test_failures=False, packages_skip_test_passed=False, packages_select=None, packages_skip=None, packages_select_regex=None, packages_skip_regex=None, packages_start=None, packages_end=None, allow_overriding=[], cmake_args=['-DBUILD_TESTING=ON'], cmake_target=None, cmake_target_skip_unavailable=False, cmake_clean_cache=False, cmake_clean_first=False, cmake_force_configure=False, ament_cmake_args=None, catkin_cmake_args=None, catkin_skip_building_tests=False, mixin_files=None, mixin=None, verb_parser=<colcon_mixin.mixin.mixin_argument.MixinArgumentDecorator object at 0x7fb14ce13110>, verb_extension=<colcon_core.verb.build.BuildVerb object at 0x7fb14cfa7860>, main=<bound method BuildVerb.main of <colcon_core.verb.build.BuildVerb object at 0x7fb14cfa7860>>, mixin_verb=('build',))
[0.084s] Level 1:colcon.colcon_core.package_discovery:discover_packages(colcon_meta) check parameters
[0.084s] Level 1:colcon.colcon_core.package_discovery:discover_packages(recursive) check parameters
[0.084s] Level 1:colcon.colcon_core.package_discovery:discover_packages(ignore) check parameters
[0.084s] Level 1:colcon.colcon_core.package_discovery:discover_packages(path) check parameters
[0.084s] Level 1:colcon.colcon_core.package_discovery:discover_packages(colcon_meta) discover
[0.084s] Level 1:colcon.colcon_core.package_discovery:discover_packages(recursive) discover
[0.084s] INFO:colcon.colcon_core.package_discovery:Crawling recursively for packages in '/home/holmesa8/csci597f/labs/ros-lab-2'
[0.085s] Level 1:colcon.colcon_core.package_identification:_identify(.) by extensions ['ignore', 'ignore_ament_install']
[0.085s] Level 1:colcon.colcon_core.package_identification:_identify(.) by extension 'ignore'
[0.085s] Level 1:colcon.colcon_core.package_identification:_identify(.) by extension 'ignore_ament_install'
[0.085s] Level 1:colcon.colcon_core.package_identification:_identify(.) by extensions ['colcon_pkg']
[0.085s] Level 1:colcon.colcon_core.package_identification:_identify(.) by extension 'colcon_pkg'
[0.085s] Level 1:colcon.colcon_core.package_identification:_identify(.) by extensions ['colcon_meta']
[0.085s] Level 1:colcon.colcon_core.package_identification:_identify(.) by extension 'colcon_meta'
[0.085s] Level 1:colcon.colcon_core.package_identification:_identify(.) by extensions ['ros']
[0.085s] Level 1:colcon.colcon_core.package_identification:_identify(.) by extension 'ros'
[0.098s] Level 1:colcon.colcon_core.package_identification:_identify(.) by extensions ['cmake', 'python']
[0.098s] Level 1:colcon.colcon_core.package_identification:_identify(.) by extension 'cmake'
[0.098s] Level 1:colcon.colcon_core.package_identification:_identify(.) by extension 'python'
[0.098s] Level 1:colcon.colcon_core.package_identification:_identify(.) by extensions ['python_setup_py']
[0.098s] Level 1:colcon.colcon_core.package_identification:_identify(.) by extension 'python_setup_py'
[0.098s] Level 1:colcon.colcon_core.package_identification:_identify(build) by extensions ['ignore', 'ignore_ament_install']
[0.098s] Level 1:colcon.colcon_core.package_identification:_identify(build) by extension 'ignore'
[0.098s] Level 1:colcon.colcon_core.package_identification:_identify(build) ignored
[0.099s] Level 1:colcon.colcon_core.package_identification:_identify(figs) by extensions ['ignore', 'ignore_ament_install']
[0.099s] Level 1:colcon.colcon_core.package_identification:_identify(figs) by extension 'ignore'
[0.099s] Level 1:colcon.colcon_core.package_identification:_identify(figs) by extension 'ignore_ament_install'
[0.099s] Level 1:colcon.colcon_core.package_identification:_identify(figs) by extensions ['colcon_pkg']
[0.099s] Level 1:colcon.colcon_core.package_identification:_identify(figs) by extension 'colcon_pkg'
[0.099s] Level 1:colcon.colcon_core.package_identification:_identify(figs) by extensions ['colcon_meta']
[0.099s] Level 1:colcon.colcon_core.package_identification:_identify(figs) by extension 'colcon_meta'
[0.099s] Level 1:colcon.colcon_core.package_identification:_identify(figs) by extensions ['ros']
[0.099s] Level 1:colcon.colcon_core.package_identification:_identify(figs) by extension 'ros'
[0.099s] Level 1:colcon.colcon_core.package_identification:_identify(figs) by extensions ['cmake', 'python']
[0.099s] Level 1:colcon.colcon_core.package_identification:_identify(figs) by extension 'cmake'
[0.099s] Level 1:colcon.colcon_core.package_identification:_identify(figs) by extension 'python'
[0.099s] Level 1:colcon.colcon_core.package_identification:_identify(figs) by extensions ['python_setup_py']
[0.099s] Level 1:colcon.colcon_core.package_identification:_identify(figs) by extension 'python_setup_py'
[0.099s] Level 1:colcon.colcon_core.package_identification:_identify(install) by extensions ['ignore', 'ignore_ament_install']
[0.099s] Level 1:colcon.colcon_core.package_identification:_identify(install) by extension 'ignore'
[0.099s] Level 1:colcon.colcon_core.package_identification:_identify(install) ignored
[0.100s] Level 1:colcon.colcon_core.package_identification:_identify(log) by extensions ['ignore', 'ignore_ament_install']
[0.101s] Level 1:colcon.colcon_core.package_identification:_identify(log) by extension 'ignore'
[0.101s] Level 1:colcon.colcon_core.package_identification:_identify(log) ignored
[0.101s] Level 1:colcon.colcon_core.package_identification:_identify(ros_gz_app) by extensions ['ignore', 'ignore_ament_install']
[0.101s] Level 1:colcon.colcon_core.package_identification:_identify(ros_gz_app) by extension 'ignore'
[0.101s] Level 1:colcon.colcon_core.package_identification:_identify(ros_gz_app) by extension 'ignore_ament_install'
[0.101s] Level 1:colcon.colcon_core.package_identification:_identify(ros_gz_app) by extensions ['colcon_pkg']
[0.101s] Level 1:colcon.colcon_core.package_identification:_identify(ros_gz_app) by extension 'colcon_pkg'
[0.101s] Level 1:colcon.colcon_core.package_identification:_identify(ros_gz_app) by extensions ['colcon_meta']
[0.101s] Level 1:colcon.colcon_core.package_identification:_identify(ros_gz_app) by extension 'colcon_meta'
[0.101s] Level 1:colcon.colcon_core.package_identification:_identify(ros_gz_app) by extensions ['ros']
[0.101s] Level 1:colcon.colcon_core.package_identification:_identify(ros_gz_app) by extension 'ros'
[0.103s] DEBUG:colcon.colcon_core.package_identification:Package 'ros_gz_app' with type 'ros.ament_cmake' and name 'ros_gz_app'
[0.104s] Level 1:colcon.colcon_core.package_identification:_identify(ros_gz_bringup) by extensions ['ignore', 'ignore_ament_install']
[0.104s] Level 1:colcon.colcon_core.package_identification:_identify(ros_gz_bringup) by extension 'ignore'
[0.104s] Level 1:colcon.colcon_core.package_identification:_identify(ros_gz_bringup) by extension 'ignore_ament_install'
[0.104s] Level 1:colcon.colcon_core.package_identification:_identify(ros_gz_bringup) by extensions ['colcon_pkg']
[0.104s] Level 1:colcon.colcon_core.package_identification:_identify(ros_gz_bringup) by extension 'colcon_pkg'
[0.104s] Level 1:colcon.colcon_core.package_identification:_identify(ros_gz_bringup) by extensions ['colcon_meta']
[0.104s] Level 1:colcon.colcon_core.package_identification:_identify(ros_gz_bringup) by extension 'colcon_meta'
[0.104s] Level 1:colcon.colcon_core.package_identification:_identify(ros_gz_bringup) by extensions ['ros']
[0.104s] Level 1:colcon.colcon_core.package_identification:_identify(ros_gz_bringup) by extension 'ros'
[0.105s] DEBUG:colcon.colcon_core.package_identification:Package 'ros_gz_bringup' with type 'ros.ament_cmake' and name 'ros_gz_bringup'
[0.105s] Level 1:colcon.colcon_core.package_identification:_identify(ros_gz_description) by extensions ['ignore', 'ignore_ament_install']
[0.105s] Level 1:colcon.colcon_core.package_identification:_identify(ros_gz_description) by extension 'ignore'
[0.105s] Level 1:colcon.colcon_core.package_identification:_identify(ros_gz_description) by extension 'ignore_ament_install'
[0.105s] Level 1:colcon.colcon_core.package_identification:_identify(ros_gz_description) by extensions ['colcon_pkg']
[0.105s] Level 1:colcon.colcon_core.package_identification:_identify(ros_gz_description) by extension 'colcon_pkg'
[0.105s] Level 1:colcon.colcon_core.package_identification:_identify(ros_gz_description) by extensions ['colcon_meta']
[0.105s] Level 1:colcon.colcon_core.package_identification:_identify(ros_gz_description) by extension 'colcon_meta'
[0.105s] Level 1:colcon.colcon_core.package_identification:_identify(ros_gz_description) by extensions ['ros']
[0.105s] Level 1:colcon.colcon_core.package_identification:_identify(ros_gz_description) by extension 'ros'
[0.106s] DEBUG:colcon.colcon_core.package_identification:Package 'ros_gz_description' with type 'ros.ament_cmake' and name 'ros_gz_description'
[0.107s] Level 1:colcon.colcon_core.package_identification:_identify(ros_gz_gazebo) by extensions ['ignore', 'ignore_ament_install']
[0.107s] Level 1:colcon.colcon_core.package_identification:_identify(ros_gz_gazebo) by extension 'ignore'
[0.107s] Level 1:colcon.colcon_core.package_identification:_identify(ros_gz_gazebo) by extension 'ignore_ament_install'
[0.107s] Level 1:colcon.colcon_core.package_identification:_identify(ros_gz_gazebo) by extensions ['colcon_pkg']
[0.107s] Level 1:colcon.colcon_core.package_identification:_identify(ros_gz_gazebo) by extension 'colcon_pkg'
[0.107s] Level 1:colcon.colcon_core.package_identification:_identify(ros_gz_gazebo) by extensions ['colcon_meta']
[0.107s] Level 1:colcon.colcon_core.package_identification:_identify(ros_gz_gazebo) by extension 'colcon_meta'
[0.107s] Level 1:colcon.colcon_core.package_identification:_identify(ros_gz_gazebo) by extensions ['ros']
[0.107s] Level 1:colcon.colcon_core.package_identification:_identify(ros_gz_gazebo) by extension 'ros'
[0.108s] DEBUG:colcon.colcon_core.package_identification:Package 'ros_gz_gazebo' with type 'ros.ament_cmake' and name 'ros_gz_gazebo'
[0.108s] Level 1:colcon.colcon_core.package_identification:_identify(src) by extensions ['ignore', 'ignore_ament_install']
[0.108s] Level 1:colcon.colcon_core.package_identification:_identify(src) by extension 'ignore'
[0.108s] Level 1:colcon.colcon_core.package_identification:_identify(src) by extension 'ignore_ament_install'
[0.108s] Level 1:colcon.colcon_core.package_identification:_identify(src) by extensions ['colcon_pkg']
[0.108s] Level 1:colcon.colcon_core.package_identification:_identify(src) by extension 'colcon_pkg'
[0.108s] Level 1:colcon.colcon_core.package_identification:_identify(src) by extensions ['colcon_meta']
[0.108s] Level 1:colcon.colcon_core.package_identification:_identify(src) by extension 'colcon_meta'
[0.108s] Level 1:colcon.colcon_core.package_identification:_identify(src) by extensions ['ros']
[0.108s] Level 1:colcon.colcon_core.package_identification:_identify(src) by extension 'ros'
[0.108s] Level 1:colcon.colcon_core.package_identification:_identify(src) by extensions ['cmake', 'python']
[0.108s] Level 1:colcon.colcon_core.package_identification:_identify(src) by extension 'cmake'
[0.108s] Level 1:colcon.colcon_core.package_identification:_identify(src) by extension 'python'
[0.108s] Level 1:colcon.colcon_core.package_identification:_identify(src) by extensions ['python_setup_py']
[0.108s] Level 1:colcon.colcon_core.package_identification:_identify(src) by extension 'python_setup_py'
[0.109s] Level 1:colcon.colcon_core.package_identification:_identify(src/build) by extensions ['ignore', 'ignore_ament_install']
[0.109s] Level 1:colcon.colcon_core.package_identification:_identify(src/build) by extension 'ignore'
[0.109s] Level 1:colcon.colcon_core.package_identification:_identify(src/build) ignored
[0.109s] Level 1:colcon.colcon_core.package_identification:_identify(src/install) by extensions ['ignore', 'ignore_ament_install']
[0.109s] Level 1:colcon.colcon_core.package_identification:_identify(src/install) by extension 'ignore'
[0.110s] Level 1:colcon.colcon_core.package_identification:_identify(src/install) ignored
[0.111s] Level 1:colcon.colcon_core.package_identification:_identify(src/log) by extensions ['ignore', 'ignore_ament_install']
[0.111s] Level 1:colcon.colcon_core.package_identification:_identify(src/log) by extension 'ignore'
[0.111s] Level 1:colcon.colcon_core.package_identification:_identify(src/log) ignored
[0.111s] Level 1:colcon.colcon_core.package_identification:_identify(src/py_pubsub) by extensions ['ignore', 'ignore_ament_install']
[0.111s] Level 1:colcon.colcon_core.package_identification:_identify(src/py_pubsub) by extension 'ignore'
[0.111s] Level 1:colcon.colcon_core.package_identification:_identify(src/py_pubsub) by extension 'ignore_ament_install'
[0.111s] Level 1:colcon.colcon_core.package_identification:_identify(src/py_pubsub) by extensions ['colcon_pkg']
[0.111s] Level 1:colcon.colcon_core.package_identification:_identify(src/py_pubsub) by extension 'colcon_pkg'
[0.111s] Level 1:colcon.colcon_core.package_identification:_identify(src/py_pubsub) by extensions ['colcon_meta']
[0.111s] Level 1:colcon.colcon_core.package_identification:_identify(src/py_pubsub) by extension 'colcon_meta'
[0.111s] Level 1:colcon.colcon_core.package_identification:_identify(src/py_pubsub) by extensions ['ros']
[0.111s] Level 1:colcon.colcon_core.package_identification:_identify(src/py_pubsub) by extension 'ros'
[0.112s] DEBUG:colcon.colcon_core.package_identification:Package 'src/py_pubsub' with type 'ros.ament_python' and name 'py_pubsub'
[0.112s] Level 1:colcon.colcon_core.package_discovery:discover_packages(recursive) using defaults
[0.112s] Level 1:colcon.colcon_core.package_discovery:discover_packages(ignore) discover
[0.112s] Level 1:colcon.colcon_core.package_discovery:discover_packages(ignore) using defaults
[0.112s] Level 1:colcon.colcon_core.package_discovery:discover_packages(path) discover
[0.112s] Level 1:colcon.colcon_core.package_discovery:discover_packages(path) using defaults
[0.123s] Level 1:colcon.colcon_core.package_discovery:discover_packages(prefix_path) check parameters
[0.123s] Level 1:colcon.colcon_core.package_discovery:discover_packages(prefix_path) discover
[0.134s] DEBUG:colcon.colcon_installed_package_information.package_discovery:Found 5 installed packages in /home/holmesa8/csci597f/labs/ros-lab-2/install
[0.135s] DEBUG:colcon.colcon_installed_package_information.package_discovery:Found 317 installed packages in /opt/ros/jazzy
[0.136s] Level 1:colcon.colcon_core.package_discovery:discover_packages(prefix_path) using defaults
[0.168s] Level 5:colcon.colcon_core.verb:set package 'py_pubsub' build argument 'cmake_args' from command line to '['-DBUILD_TESTING=ON']'
[0.168s] Level 5:colcon.colcon_core.verb:set package 'py_pubsub' build argument 'cmake_target' from command line to 'None'
[0.168s] Level 5:colcon.colcon_core.verb:set package 'py_pubsub' build argument 'cmake_target_skip_unavailable' from command line to 'False'
[0.168s] Level 5:colcon.colcon_core.verb:set package 'py_pubsub' build argument 'cmake_clean_cache' from command line to 'False'
[0.168s] Level 5:colcon.colcon_core.verb:set package 'py_pubsub' build argument 'cmake_clean_first' from command line to 'False'
[0.168s] Level 5:colcon.colcon_core.verb:set package 'py_pubsub' build argument 'cmake_force_configure' from command line to 'False'
[0.168s] Level 5:colcon.colcon_core.verb:set package 'py_pubsub' build argument 'ament_cmake_args' from command line to 'None'
[0.168s] Level 5:colcon.colcon_core.verb:set package 'py_pubsub' build argument 'catkin_cmake_args' from command line to 'None'
[0.168s] Level 5:colcon.colcon_core.verb:set package 'py_pubsub' build argument 'catkin_skip_building_tests' from command line to 'False'
[0.168s] DEBUG:colcon.colcon_core.verb:Building package 'py_pubsub' with the following arguments: {'ament_cmake_args': None, 'build_base': '/home/holmesa8/csci597f/labs/ros-lab-2/build/py_pubsub', 'catkin_cmake_args': None, 'catkin_skip_building_tests': False, 'cmake_args': ['-DBUILD_TESTING=ON'], 'cmake_clean_cache': False, 'cmake_clean_first': False, 'cmake_force_configure': False, 'cmake_target': None, 'cmake_target_skip_unavailable': False, 'install_base': '/home/holmesa8/csci597f/labs/ros-lab-2/install/py_pubsub', 'merge_install': False, 'path': '/home/holmesa8/csci597f/labs/ros-lab-2/src/py_pubsub', 'symlink_install': False, 'test_result_base': None}
[0.168s] Level 5:colcon.colcon_core.verb:set package 'ros_gz_app' build argument 'cmake_args' from command line to '['-DBUILD_TESTING=ON']'
[0.168s] Level 5:colcon.colcon_core.verb:set package 'ros_gz_app' build argument 'cmake_target' from command line to 'None'
[0.168s] Level 5:colcon.colcon_core.verb:set package 'ros_gz_app' build argument 'cmake_target_skip_unavailable' from command line to 'False'
[0.168s] Level 5:colcon.colcon_core.verb:set package 'ros_gz_app' build argument 'cmake_clean_cache' from command line to 'False'
[0.168s] Level 5:colcon.colcon_core.verb:set package 'ros_gz_app' build argument 'cmake_clean_first' from command line to 'False'
[0.168s] Level 5:colcon.colcon_core.verb:set package 'ros_gz_app' build argument 'cmake_force_configure' from command line to 'False'
[0.168s] Level 5:colcon.colcon_core.verb:set package 'ros_gz_app' build argument 'ament_cmake_args' from command line to 'None'
[0.168s] Level 5:colcon.colcon_core.verb:set package 'ros_gz_app' build argument 'catkin_cmake_args' from command line to 'None'
[0.168s] Level 5:colcon.colcon_core.verb:set package 'ros_gz_app' build argument 'catkin_skip_building_tests' from command line to 'False'
[0.168s] DEBUG:colcon.colcon_core.verb:Building package 'ros_gz_app' with the following arguments: {'ament_cmake_args': None, 'build_base': '/home/holmesa8/csci597f/labs/ros-lab-2/build/ros_gz_app', 'catkin_cmake_args': None, 'catkin_skip_building_tests': False, 'cmake_args': ['-DBUILD_TESTING=ON'], 'cmake_clean_cache': False, 'cmake_clean_first': False, 'cmake_force_configure': False, 'cmake_target': None, 'cmake_target_skip_unavailable': False, 'install_base': '/home/holmesa8/csci597f/labs/ros-lab-2/install/ros_gz_app', 'merge_install': False, 'path': '/home/holmesa8/csci597f/labs/ros-lab-2/ros_gz_app', 'symlink_install': False, 'test_result_base': None}
[0.168s] Level 5:colcon.colcon_core.verb:set package 'ros_gz_description' build argument 'cmake_args' from command line to '['-DBUILD_TESTING=ON']'
[0.168s] Level 5:colcon.colcon_core.verb:set package 'ros_gz_description' build argument 'cmake_target' from command line to 'None'
[0.168s] Level 5:colcon.colcon_core.verb:set package 'ros_gz_description' build argument 'cmake_target_skip_unavailable' from command line to 'False'
[0.168s] Level 5:colcon.colcon_core.verb:set package 'ros_gz_description' build argument 'cmake_clean_cache' from command line to 'False'
[0.168s] Level 5:colcon.colcon_core.verb:set package 'ros_gz_description' build argument 'cmake_clean_first' from command line to 'False'
[0.168s] Level 5:colcon.colcon_core.verb:set package 'ros_gz_description' build argument 'cmake_force_configure' from command line to 'False'
[0.168s] Level 5:colcon.colcon_core.verb:set package 'ros_gz_description' build argument 'ament_cmake_args' from command line to 'None'
[0.168s] Level 5:colcon.colcon_core.verb:set package 'ros_gz_description' build argument 'catkin_cmake_args' from command line to 'None'
[0.168s] Level 5:colcon.colcon_core.verb:set package 'ros_gz_description' build argument 'catkin_skip_building_tests' from command line to 'False'
[0.168s] DEBUG:colcon.colcon_core.verb:Building package 'ros_gz_description' with the following arguments: {'ament_cmake_args': None, 'build_base': '/home/holmesa8/csci597f/labs/ros-lab-2/build/ros_gz_description', 'catkin_cmake_args': None, 'catkin_skip_building_tests': False, 'cmake_args': ['-DBUILD_TESTING=ON'], 'cmake_clean_cache': False, 'cmake_clean_first': False, 'cmake_force_configure': False, 'cmake_target': None, 'cmake_target_skip_unavailable': False, 'install_base': '/home/holmesa8/csci597f/labs/ros-lab-2/install/ros_gz_description', 'merge_install': False, 'path': '/home/holmesa8/csci597f/labs/ros-lab-2/ros_gz_description', 'symlink_install': False, 'test_result_base': None}
[0.168s] Level 5:colcon.colcon_core.verb:set package 'ros_gz_gazebo' build argument 'cmake_args' from command line to '['-DBUILD_TESTING=ON']'
[0.168s] Level 5:colcon.colcon_core.verb:set package 'ros_gz_gazebo' build argument 'cmake_target' from command line to 'None'
[0.168s] Level 5:colcon.colcon_core.verb:set package 'ros_gz_gazebo' build argument 'cmake_target_skip_unavailable' from command line to 'False'
[0.168s] Level 5:colcon.colcon_core.verb:set package 'ros_gz_gazebo' build argument 'cmake_clean_cache' from command line to 'False'
[0.168s] Level 5:colcon.colcon_core.verb:set package 'ros_gz_gazebo' build argument 'cmake_clean_first' from command line to 'False'
[0.168s] Level 5:colcon.colcon_core.verb:set package 'ros_gz_gazebo' build argument 'cmake_force_configure' from command line to 'False'
[0.168s] Level 5:colcon.colcon_core.verb:set package 'ros_gz_gazebo' build argument 'ament_cmake_args' from command line to 'None'
[0.168s] Level 5:colcon.colcon_core.verb:set package 'ros_gz_gazebo' build argument 'catkin_cmake_args' from command line to 'None'
[0.168s] Level 5:colcon.colcon_core.verb:set package 'ros_gz_gazebo' build argument 'catkin_skip_building_tests' from command line to 'False'
[0.168s] DEBUG:colcon.colcon_core.verb:Building package 'ros_gz_gazebo' with the following arguments: {'ament_cmake_args': None, 'build_base': '/home/holmesa8/csci597f/labs/ros-lab-2/build/ros_gz_gazebo', 'catkin_cmake_args': None, 'catkin_skip_building_tests': False, 'cmake_args': ['-DBUILD_TESTING=ON'], 'cmake_clean_cache': False, 'cmake_clean_first': False, 'cmake_force_configure': False, 'cmake_target': None, 'cmake_target_skip_unavailable': False, 'install_base': '/home/holmesa8/csci597f/labs/ros-lab-2/install/ros_gz_gazebo', 'merge_install': False, 'path': '/home/holmesa8/csci597f/labs/ros-lab-2/ros_gz_gazebo', 'symlink_install': False, 'test_result_base': None}
[0.169s] Level 5:colcon.colcon_core.verb:set package 'ros_gz_bringup' build argument 'cmake_args' from command line to '['-DBUILD_TESTING=ON']'
[0.169s] Level 5:colcon.colcon_core.verb:set package 'ros_gz_bringup' build argument 'cmake_target' from command line to 'None'
[0.169s] Level 5:colcon.colcon_core.verb:set package 'ros_gz_bringup' build argument 'cmake_target_skip_unavailable' from command line to 'False'
[0.169s] Level 5:colcon.colcon_core.verb:set package 'ros_gz_bringup' build argument 'cmake_clean_cache' from command line to 'False'
[0.169s] Level 5:colcon.colcon_core.verb:set package 'ros_gz_bringup' build argument 'cmake_clean_first' from command line to 'False'
[0.169s] Level 5:colcon.colcon_core.verb:set package 'ros_gz_bringup' build argument 'cmake_force_configure' from command line to 'False'
[0.169s] Level 5:colcon.colcon_core.verb:set package 'ros_gz_bringup' build argument 'ament_cmake_args' from command line to 'None'
[0.169s] Level 5:colcon.colcon_core.verb:set package 'ros_gz_bringup' build argument 'catkin_cmake_args' from command line to 'None'
[0.169s] Level 5:colcon.colcon_core.verb:set package 'ros_gz_bringup' build argument 'catkin_skip_building_tests' from command line to 'False'
[0.169s] DEBUG:colcon.colcon_core.verb:Building package 'ros_gz_bringup' with the following arguments: {'ament_cmake_args': None, 'build_base': '/home/holmesa8/csci597f/labs/ros-lab-2/build/ros_gz_bringup', 'catkin_cmake_args': None, 'catkin_skip_building_tests': False, 'cmake_args': ['-DBUILD_TESTING=ON'], 'cmake_clean_cache': False, 'cmake_clean_first': False, 'cmake_force_configure': False, 'cmake_target': None, 'cmake_target_skip_unavailable': False, 'install_base': '/home/holmesa8/csci597f/labs/ros-lab-2/install/ros_gz_bringup', 'merge_install': False, 'path': '/home/holmesa8/csci597f/labs/ros-lab-2/ros_gz_bringup', 'symlink_install': False, 'test_result_base': None}
[0.169s] INFO:colcon.colcon_core.executor:Executing jobs using 'parallel' executor
[0.169s] DEBUG:colcon.colcon_parallel_executor.executor.parallel:run_until_complete
[0.169s] INFO:colcon.colcon_ros.task.ament_cmake.build:Building ROS package in '/home/holmesa8/csci597f/labs/ros-lab-2/ros_gz_description' with build type 'ament_cmake'
[0.169s] INFO:colcon.colcon_cmake.task.cmake.build:Building CMake package in '/home/holmesa8/csci597f/labs/ros-lab-2/ros_gz_description'
[0.171s] INFO:colcon.colcon_core.plugin_system:Skipping extension 'colcon_core.shell.bat': Not used on non-Windows systems
[0.171s] INFO:colcon.colcon_core.shell:Skip shell extension 'powershell' for command environment: Not usable outside of PowerShell
[0.171s] DEBUG:colcon.colcon_core.shell:Skip shell extension 'dsv' for command environment
[0.180s] INFO:colcon.colcon_ros.task.ament_python.build:Building ROS package in '/home/holmesa8/csci597f/labs/ros-lab-2/src/py_pubsub' with build type 'ament_python'
[0.180s] Level 1:colcon.colcon_core.shell:create_environment_hook('py_pubsub', 'ament_prefix_path')
[0.180s] INFO:colcon.colcon_core.shell:Creating environment hook '/home/holmesa8/csci597f/labs/ros-lab-2/install/py_pubsub/share/py_pubsub/hook/ament_prefix_path.ps1'
[0.182s] INFO:colcon.colcon_core.shell:Creating environment descriptor '/home/holmesa8/csci597f/labs/ros-lab-2/install/py_pubsub/share/py_pubsub/hook/ament_prefix_path.dsv'
[0.185s] INFO:colcon.colcon_core.shell:Creating environment hook '/home/holmesa8/csci597f/labs/ros-lab-2/install/py_pubsub/share/py_pubsub/hook/ament_prefix_path.sh'
[0.187s] INFO:colcon.colcon_core.shell:Skip shell extension 'powershell' for command environment: Not usable outside of PowerShell
[0.187s] DEBUG:colcon.colcon_core.shell:Skip shell extension 'dsv' for command environment
[0.195s] INFO:colcon.colcon_ros.task.ament_cmake.build:Building ROS package in '/home/holmesa8/csci597f/labs/ros-lab-2/ros_gz_app' with build type 'ament_cmake'
[0.195s] INFO:colcon.colcon_cmake.task.cmake.build:Building CMake package in '/home/holmesa8/csci597f/labs/ros-lab-2/ros_gz_app'
[0.195s] INFO:colcon.colcon_core.shell:Skip shell extension 'powershell' for command environment: Not usable outside of PowerShell
[0.195s] DEBUG:colcon.colcon_core.shell:Skip shell extension 'dsv' for command environment
[0.228s] DEBUG:colcon.colcon_core.event_handler.log_command:Invoking command in '/home/holmesa8/csci597f/labs/ros-lab-2/build/ros_gz_description': CMAKE_PREFIX_PATH=${CMAKE_PREFIX_PATH}:/home/holmesa8/csci597f/labs/ros-lab-2/install/py_pubsub:/opt/ros/jazzy CONDA_PROMPT_MODIFIER=(base) PS1=<ROS2-Jazzy>[\u@\h \W]$ /usr/bin/cmake --build /home/holmesa8/csci597f/labs/ros-lab-2/build/ros_gz_description -- -j24 -l24
[0.353s] INFO:colcon.colcon_core.task.python.build:Building Python package in '/home/holmesa8/csci597f/labs/ros-lab-2/src/py_pubsub'
[0.353s] INFO:colcon.colcon_core.shell:Skip shell extension 'powershell' for command environment: Not usable outside of PowerShell
[0.353s] DEBUG:colcon.colcon_core.shell:Skip shell extension 'dsv' for command environment
[0.367s] DEBUG:colcon.colcon_core.event_handler.log_command:Invoked command in '/home/holmesa8/csci597f/labs/ros-lab-2/build/ros_gz_description' returned '0': CMAKE_PREFIX_PATH=${CMAKE_PREFIX_PATH}:/home/holmesa8/csci597f/labs/ros-lab-2/install/py_pubsub:/opt/ros/jazzy CONDA_PROMPT_MODIFIER=(base) PS1=<ROS2-Jazzy>[\u@\h \W]$ /usr/bin/cmake --build /home/holmesa8/csci597f/labs/ros-lab-2/build/ros_gz_description -- -j24 -l24
[0.398s] DEBUG:colcon.colcon_core.event_handler.log_command:Invoking command in '/home/holmesa8/csci597f/labs/ros-lab-2/build/ros_gz_description': CMAKE_PREFIX_PATH=${CMAKE_PREFIX_PATH}:/home/holmesa8/csci597f/labs/ros-lab-2/install/py_pubsub:/opt/ros/jazzy CONDA_PROMPT_MODIFIER=(base) PS1=<ROS2-Jazzy>[\u@\h \W]$ /usr/bin/cmake --install /home/holmesa8/csci597f/labs/ros-lab-2/build/ros_gz_description
[0.416s] DEBUG:colcon.colcon_core.event_handler.log_command:Invoking command in '/home/holmesa8/csci597f/labs/ros-lab-2/build/ros_gz_app': CMAKE_PREFIX_PATH=${CMAKE_PREFIX_PATH}:/home/holmesa8/csci597f/labs/ros-lab-2/install/py_pubsub:/opt/ros/jazzy CONDA_PROMPT_MODIFIER=(base) PS1=<ROS2-Jazzy>[\u@\h \W]$ /usr/bin/cmake --build /home/holmesa8/csci597f/labs/ros-lab-2/build/ros_gz_app -- -j24 -l24
[0.455s] Level 1:colcon.colcon_core.environment:create_environment_scripts_only(ros_gz_description)
[0.455s] DEBUG:colcon.colcon_core.event_handler.log_command:Invoked command in '/home/holmesa8/csci597f/labs/ros-lab-2/build/ros_gz_description' returned '0': CMAKE_PREFIX_PATH=${CMAKE_PREFIX_PATH}:/home/holmesa8/csci597f/labs/ros-lab-2/install/py_pubsub:/opt/ros/jazzy CONDA_PROMPT_MODIFIER=(base) PS1=<ROS2-Jazzy>[\u@\h \W]$ /usr/bin/cmake --install /home/holmesa8/csci597f/labs/ros-lab-2/build/ros_gz_description
[0.458s] Level 1:colcon.colcon_core.environment:checking '/home/holmesa8/csci597f/labs/ros-lab-2/install/ros_gz_description' for CMake module files
[0.459s] Level 1:colcon.colcon_core.environment:checking '/home/holmesa8/csci597f/labs/ros-lab-2/install/ros_gz_description' for CMake config files
[0.463s] Level 1:colcon.colcon_core.shell:create_environment_hook('ros_gz_description', 'cmake_prefix_path')
[0.463s] INFO:colcon.colcon_core.shell:Creating environment hook '/home/holmesa8/csci597f/labs/ros-lab-2/install/ros_gz_description/share/ros_gz_description/hook/cmake_prefix_path.ps1'
[0.466s] INFO:colcon.colcon_core.shell:Creating environment descriptor '/home/holmesa8/csci597f/labs/ros-lab-2/install/ros_gz_description/share/ros_gz_description/hook/cmake_prefix_path.dsv'
[0.469s] INFO:colcon.colcon_core.shell:Creating environment hook '/home/holmesa8/csci597f/labs/ros-lab-2/install/ros_gz_description/share/ros_gz_description/hook/cmake_prefix_path.sh'
[0.472s] Level 1:colcon.colcon_core.environment:checking '/home/holmesa8/csci597f/labs/ros-lab-2/install/ros_gz_description/bin'
[0.472s] Level 1:colcon.colcon_core.environment:checking '/home/holmesa8/csci597f/labs/ros-lab-2/install/ros_gz_description/lib/pkgconfig/ros_gz_description.pc'
[0.472s] Level 1:colcon.colcon_core.environment:checking '/home/holmesa8/csci597f/labs/ros-lab-2/install/ros_gz_description/lib/python3.12/site-packages'
[0.472s] Level 1:colcon.colcon_core.environment:checking '/home/holmesa8/csci597f/labs/ros-lab-2/install/ros_gz_description/bin'
[0.472s] INFO:colcon.colcon_core.shell:Creating package script '/home/holmesa8/csci597f/labs/ros-lab-2/install/ros_gz_description/share/ros_gz_description/package.ps1'
[0.475s] INFO:colcon.colcon_core.shell:Creating package descriptor '/home/holmesa8/csci597f/labs/ros-lab-2/install/ros_gz_description/share/ros_gz_description/package.dsv'
[0.477s] INFO:colcon.colcon_core.shell:Creating package script '/home/holmesa8/csci597f/labs/ros-lab-2/install/ros_gz_description/share/ros_gz_description/package.sh'
[0.479s] INFO:colcon.colcon_core.shell:Creating package script '/home/holmesa8/csci597f/labs/ros-lab-2/install/ros_gz_description/share/ros_gz_description/package.bash'
[0.482s] INFO:colcon.colcon_core.shell:Creating package script '/home/holmesa8/csci597f/labs/ros-lab-2/install/ros_gz_description/share/ros_gz_description/package.zsh'
[0.484s] Level 1:colcon.colcon_core.environment:create_file_with_runtime_dependencies(/home/holmesa8/csci597f/labs/ros-lab-2/install/ros_gz_description/share/colcon-core/packages/ros_gz_description)
[0.485s] Level 1:colcon.colcon_core.environment:create_environment_scripts_only(ros_gz_description)
[0.485s] Level 1:colcon.colcon_core.environment:checking '/home/holmesa8/csci597f/labs/ros-lab-2/install/ros_gz_description' for CMake module files
[0.486s] Level 1:colcon.colcon_core.environment:checking '/home/holmesa8/csci597f/labs/ros-lab-2/install/ros_gz_description' for CMake config files
[0.489s] Level 1:colcon.colcon_core.shell:create_environment_hook('ros_gz_description', 'cmake_prefix_path')
[0.489s] INFO:colcon.colcon_core.shell:Creating environment hook '/home/holmesa8/csci597f/labs/ros-lab-2/install/ros_gz_description/share/ros_gz_description/hook/cmake_prefix_path.ps1'
[0.491s] INFO:colcon.colcon_core.shell:Creating environment descriptor '/home/holmesa8/csci597f/labs/ros-lab-2/install/ros_gz_description/share/ros_gz_description/hook/cmake_prefix_path.dsv'
[0.494s] INFO:colcon.colcon_core.shell:Creating environment hook '/home/holmesa8/csci597f/labs/ros-lab-2/install/ros_gz_description/share/ros_gz_description/hook/cmake_prefix_path.sh'
[0.496s] Level 1:colcon.colcon_core.environment:checking '/home/holmesa8/csci597f/labs/ros-lab-2/install/ros_gz_description/bin'
[0.496s] Level 1:colcon.colcon_core.environment:checking '/home/holmesa8/csci597f/labs/ros-lab-2/install/ros_gz_description/lib/pkgconfig/ros_gz_description.pc'
[0.496s] Level 1:colcon.colcon_core.environment:checking '/home/holmesa8/csci597f/labs/ros-lab-2/install/ros_gz_description/lib/python3.12/site-packages'
[0.496s] Level 1:colcon.colcon_core.environment:checking '/home/holmesa8/csci597f/labs/ros-lab-2/install/ros_gz_description/bin'
[0.496s] INFO:colcon.colcon_core.shell:Creating package script '/home/holmesa8/csci597f/labs/ros-lab-2/install/ros_gz_description/share/ros_gz_description/package.ps1'
[0.498s] INFO:colcon.colcon_core.shell:Creating package descriptor '/home/holmesa8/csci597f/labs/ros-lab-2/install/ros_gz_description/share/ros_gz_description/package.dsv'
[0.500s] INFO:colcon.colcon_core.shell:Creating package script '/home/holmesa8/csci597f/labs/ros-lab-2/install/ros_gz_description/share/ros_gz_description/package.sh'
[0.503s] INFO:colcon.colcon_core.shell:Creating package script '/home/holmesa8/csci597f/labs/ros-lab-2/install/ros_gz_description/share/ros_gz_description/package.bash'
[0.505s] INFO:colcon.colcon_core.shell:Creating package script '/home/holmesa8/csci597f/labs/ros-lab-2/install/ros_gz_description/share/ros_gz_description/package.zsh'
[0.507s] Level 1:colcon.colcon_core.environment:create_file_with_runtime_dependencies(/home/holmesa8/csci597f/labs/ros-lab-2/install/ros_gz_description/share/colcon-core/packages/ros_gz_description)
[0.508s] INFO:colcon.colcon_ros.task.ament_cmake.build:Building ROS package in '/home/holmesa8/csci597f/labs/ros-lab-2/ros_gz_gazebo' with build type 'ament_cmake'
[0.508s] INFO:colcon.colcon_cmake.task.cmake.build:Building CMake package in '/home/holmesa8/csci597f/labs/ros-lab-2/ros_gz_gazebo'
[0.508s] INFO:colcon.colcon_core.shell:Skip shell extension 'powershell' for command environment: Not usable outside of PowerShell
[0.508s] DEBUG:colcon.colcon_core.shell:Skip shell extension 'dsv' for command environment
[0.516s] DEBUG:colcon.colcon_core.event_handler.log_command:Invoked command in '/home/holmesa8/csci597f/labs/ros-lab-2/build/ros_gz_app' returned '0': CMAKE_PREFIX_PATH=${CMAKE_PREFIX_PATH}:/home/holmesa8/csci597f/labs/ros-lab-2/install/py_pubsub:/opt/ros/jazzy CONDA_PROMPT_MODIFIER=(base) PS1=<ROS2-Jazzy>[\u@\h \W]$ /usr/bin/cmake --build /home/holmesa8/csci597f/labs/ros-lab-2/build/ros_gz_app -- -j24 -l24
[0.518s] DEBUG:colcon.colcon_core.event_handler.log_command:Invoking command in '/home/holmesa8/csci597f/labs/ros-lab-2/build/ros_gz_app': CMAKE_PREFIX_PATH=${CMAKE_PREFIX_PATH}:/home/holmesa8/csci597f/labs/ros-lab-2/install/py_pubsub:/opt/ros/jazzy CONDA_PROMPT_MODIFIER=(base) PS1=<ROS2-Jazzy>[\u@\h \W]$ /usr/bin/cmake --install /home/holmesa8/csci597f/labs/ros-lab-2/build/ros_gz_app
[0.532s] DEBUG:colcon.colcon_core.event_handler.log_command:Invoking command in '/home/holmesa8/csci597f/labs/ros-lab-2/build/ros_gz_gazebo': CMAKE_PREFIX_PATH=/home/holmesa8/csci597f/labs/ros-lab-2/install/ros_gz_description:/home/holmesa8/csci597f/labs/ros-lab-2/install/ros_gz_bringup:/home/holmesa8/csci597f/labs/ros-lab-2/install/ros_gz_gazebo:/home/holmesa8/csci597f/labs/ros-lab-2/install/ros_gz_app:/opt/ros/jazzy/opt/gz_sim_vendor:/opt/ros/jazzy/opt/gz_sensors_vendor:/opt/ros/jazzy/opt/gz_physics_vendor:/opt/ros/jazzy/opt/sdformat_vendor:/opt/ros/jazzy/opt/gz_gui_vendor:/opt/ros/jazzy/opt/gz_transport_vendor:/opt/ros/jazzy/opt/gz_rendering_vendor:/opt/ros/jazzy/opt/gz_plugin_vendor:/opt/ros/jazzy/opt/gz_fuel_tools_vendor:/opt/ros/jazzy/opt/gz_msgs_vendor:/opt/ros/jazzy/opt/gz_common_vendor:/opt/ros/jazzy/opt/gz_math_vendor:/opt/ros/jazzy/opt/gz_utils_vendor:/opt/ros/jazzy/opt/gz_tools_vendor:/opt/ros/jazzy/opt/gz_ogre_next_vendor:/opt/ros/jazzy/opt/gz_dartsim_vendor:/opt/ros/jazzy/opt/gz_cmake_vendor:/home/holmesa8/csci597f/labs/ros-lab-2/install/py_pubsub:/opt/ros/jazzy CONDA_PROMPT_MODIFIER=(base) PS1=<ROS2-Jazzy>[\u@\h \W]$ /usr/bin/cmake --build /home/holmesa8/csci597f/labs/ros-lab-2/build/ros_gz_gazebo -- -j24 -l24
[0.548s] Level 1:colcon.colcon_core.environment:create_environment_scripts_only(ros_gz_app)
[0.548s] DEBUG:colcon.colcon_core.event_handler.log_command:Invoked command in '/home/holmesa8/csci597f/labs/ros-lab-2/build/ros_gz_app' returned '0': CMAKE_PREFIX_PATH=${CMAKE_PREFIX_PATH}:/home/holmesa8/csci597f/labs/ros-lab-2/install/py_pubsub:/opt/ros/jazzy CONDA_PROMPT_MODIFIER=(base) PS1=<ROS2-Jazzy>[\u@\h \W]$ /usr/bin/cmake --install /home/holmesa8/csci597f/labs/ros-lab-2/build/ros_gz_app
[0.548s] Level 1:colcon.colcon_core.environment:checking '/home/holmesa8/csci597f/labs/ros-lab-2/install/ros_gz_app' for CMake module files
[0.549s] Level 1:colcon.colcon_core.environment:checking '/home/holmesa8/csci597f/labs/ros-lab-2/install/ros_gz_app' for CMake config files
[0.552s] Level 1:colcon.colcon_core.shell:create_environment_hook('ros_gz_app', 'cmake_prefix_path')
[0.552s] INFO:colcon.colcon_core.shell:Creating environment hook '/home/holmesa8/csci597f/labs/ros-lab-2/install/ros_gz_app/share/ros_gz_app/hook/cmake_prefix_path.ps1'
[0.554s] INFO:colcon.colcon_core.shell:Creating environment descriptor '/home/holmesa8/csci597f/labs/ros-lab-2/install/ros_gz_app/share/ros_gz_app/hook/cmake_prefix_path.dsv'
[0.557s] INFO:colcon.colcon_core.shell:Creating environment hook '/home/holmesa8/csci597f/labs/ros-lab-2/install/ros_gz_app/share/ros_gz_app/hook/cmake_prefix_path.sh'
[0.560s] Level 1:colcon.colcon_core.environment:checking '/home/holmesa8/csci597f/labs/ros-lab-2/install/ros_gz_app/bin'
[0.560s] Level 1:colcon.colcon_core.environment:checking '/home/holmesa8/csci597f/labs/ros-lab-2/install/ros_gz_app/lib/pkgconfig/ros_gz_app.pc'
[0.560s] Level 1:colcon.colcon_core.environment:checking '/home/holmesa8/csci597f/labs/ros-lab-2/install/ros_gz_app/lib/python3.12/site-packages'
[0.560s] Level 1:colcon.colcon_core.environment:checking '/home/holmesa8/csci597f/labs/ros-lab-2/install/ros_gz_app/bin'
[0.560s] INFO:colcon.colcon_core.shell:Creating package script '/home/holmesa8/csci597f/labs/ros-lab-2/install/ros_gz_app/share/ros_gz_app/package.ps1'
[0.562s] INFO:colcon.colcon_core.shell:Creating package descriptor '/home/holmesa8/csci597f/labs/ros-lab-2/install/ros_gz_app/share/ros_gz_app/package.dsv'
[0.564s] INFO:colcon.colcon_core.shell:Creating package script '/home/holmesa8/csci597f/labs/ros-lab-2/install/ros_gz_app/share/ros_gz_app/package.sh'
[0.566s] INFO:colcon.colcon_core.shell:Creating package script '/home/holmesa8/csci597f/labs/ros-lab-2/install/ros_gz_app/share/ros_gz_app/package.bash'
[0.568s] INFO:colcon.colcon_core.shell:Creating package script '/home/holmesa8/csci597f/labs/ros-lab-2/install/ros_gz_app/share/ros_gz_app/package.zsh'
[0.570s] Level 1:colcon.colcon_core.environment:create_file_with_runtime_dependencies(/home/holmesa8/csci597f/labs/ros-lab-2/install/ros_gz_app/share/colcon-core/packages/ros_gz_app)
[0.571s] Level 1:colcon.colcon_core.environment:create_environment_scripts_only(ros_gz_app)
[0.571s] Level 1:colcon.colcon_core.environment:checking '/home/holmesa8/csci597f/labs/ros-lab-2/install/ros_gz_app' for CMake module files
[0.572s] Level 1:colcon.colcon_core.environment:checking '/home/holmesa8/csci597f/labs/ros-lab-2/install/ros_gz_app' for CMake config files
[0.574s] Level 1:colcon.colcon_core.shell:create_environment_hook('ros_gz_app', 'cmake_prefix_path')
[0.574s] INFO:colcon.colcon_core.shell:Creating environment hook '/home/holmesa8/csci597f/labs/ros-lab-2/install/ros_gz_app/share/ros_gz_app/hook/cmake_prefix_path.ps1'
[0.576s] INFO:colcon.colcon_core.shell:Creating environment descriptor '/home/holmesa8/csci597f/labs/ros-lab-2/install/ros_gz_app/share/ros_gz_app/hook/cmake_prefix_path.dsv'
[0.578s] INFO:colcon.colcon_core.shell:Creating environment hook '/home/holmesa8/csci597f/labs/ros-lab-2/install/ros_gz_app/share/ros_gz_app/hook/cmake_prefix_path.sh'
[0.581s] Level 1:colcon.colcon_core.environment:checking '/home/holmesa8/csci597f/labs/ros-lab-2/install/ros_gz_app/bin'
[0.581s] Level 1:colcon.colcon_core.environment:checking '/home/holmesa8/csci597f/labs/ros-lab-2/install/ros_gz_app/lib/pkgconfig/ros_gz_app.pc'
[0.581s] Level 1:colcon.colcon_core.environment:checking '/home/holmesa8/csci597f/labs/ros-lab-2/install/ros_gz_app/lib/python3.12/site-packages'
[0.581s] Level 1:colcon.colcon_core.environment:checking '/home/holmesa8/csci597f/labs/ros-lab-2/install/ros_gz_app/bin'
[0.581s] INFO:colcon.colcon_core.shell:Creating package script '/home/holmesa8/csci597f/labs/ros-lab-2/install/ros_gz_app/share/ros_gz_app/package.ps1'
[0.583s] INFO:colcon.colcon_core.shell:Creating package descriptor '/home/holmesa8/csci597f/labs/ros-lab-2/install/ros_gz_app/share/ros_gz_app/package.dsv'
[0.585s] INFO:colcon.colcon_core.shell:Creating package script '/home/holmesa8/csci597f/labs/ros-lab-2/install/ros_gz_app/share/ros_gz_app/package.sh'
[0.587s] INFO:colcon.colcon_core.shell:Creating package script '/home/holmesa8/csci597f/labs/ros-lab-2/install/ros_gz_app/share/ros_gz_app/package.bash'
[0.589s] INFO:colcon.colcon_core.shell:Creating package script '/home/holmesa8/csci597f/labs/ros-lab-2/install/ros_gz_app/share/ros_gz_app/package.zsh'
[0.591s] Level 1:colcon.colcon_core.environment:create_file_with_runtime_dependencies(/home/holmesa8/csci597f/labs/ros-lab-2/install/ros_gz_app/share/colcon-core/packages/ros_gz_app)
[0.598s] DEBUG:colcon.colcon_core.event_handler.log_command:Invoked command in '/home/holmesa8/csci597f/labs/ros-lab-2/build/ros_gz_gazebo' returned '0': CMAKE_PREFIX_PATH=/home/holmesa8/csci597f/labs/ros-lab-2/install/ros_gz_description:/home/holmesa8/csci597f/labs/ros-lab-2/install/ros_gz_bringup:/home/holmesa8/csci597f/labs/ros-lab-2/install/ros_gz_gazebo:/home/holmesa8/csci597f/labs/ros-lab-2/install/ros_gz_app:/opt/ros/jazzy/opt/gz_sim_vendor:/opt/ros/jazzy/opt/gz_sensors_vendor:/opt/ros/jazzy/opt/gz_physics_vendor:/opt/ros/jazzy/opt/sdformat_vendor:/opt/ros/jazzy/opt/gz_gui_vendor:/opt/ros/jazzy/opt/gz_transport_vendor:/opt/ros/jazzy/opt/gz_rendering_vendor:/opt/ros/jazzy/opt/gz_plugin_vendor:/opt/ros/jazzy/opt/gz_fuel_tools_vendor:/opt/ros/jazzy/opt/gz_msgs_vendor:/opt/ros/jazzy/opt/gz_common_vendor:/opt/ros/jazzy/opt/gz_math_vendor:/opt/ros/jazzy/opt/gz_utils_vendor:/opt/ros/jazzy/opt/gz_tools_vendor:/opt/ros/jazzy/opt/gz_ogre_next_vendor:/opt/ros/jazzy/opt/gz_dartsim_vendor:/opt/ros/jazzy/opt/gz_cmake_vendor:/home/holmesa8/csci597f/labs/ros-lab-2/install/py_pubsub:/opt/ros/jazzy CONDA_PROMPT_MODIFIER=(base) PS1=<ROS2-Jazzy>[\u@\h \W]$ /usr/bin/cmake --build /home/holmesa8/csci597f/labs/ros-lab-2/build/ros_gz_gazebo -- -j24 -l24
[0.601s] DEBUG:colcon.colcon_core.event_handler.log_command:Invoking command in '/home/holmesa8/csci597f/labs/ros-lab-2/build/ros_gz_gazebo': CMAKE_PREFIX_PATH=/home/holmesa8/csci597f/labs/ros-lab-2/install/ros_gz_description:/home/holmesa8/csci597f/labs/ros-lab-2/install/ros_gz_bringup:/home/holmesa8/csci597f/labs/ros-lab-2/install/ros_gz_gazebo:/home/holmesa8/csci597f/labs/ros-lab-2/install/ros_gz_app:/opt/ros/jazzy/opt/gz_sim_vendor:/opt/ros/jazzy/opt/gz_sensors_vendor:/opt/ros/jazzy/opt/gz_physics_vendor:/opt/ros/jazzy/opt/sdformat_vendor:/opt/ros/jazzy/opt/gz_gui_vendor:/opt/ros/jazzy/opt/gz_transport_vendor:/opt/ros/jazzy/opt/gz_rendering_vendor:/opt/ros/jazzy/opt/gz_plugin_vendor:/opt/ros/jazzy/opt/gz_fuel_tools_vendor:/opt/ros/jazzy/opt/gz_msgs_vendor:/opt/ros/jazzy/opt/gz_common_vendor:/opt/ros/jazzy/opt/gz_math_vendor:/opt/ros/jazzy/opt/gz_utils_vendor:/opt/ros/jazzy/opt/gz_tools_vendor:/opt/ros/jazzy/opt/gz_ogre_next_vendor:/opt/ros/jazzy/opt/gz_dartsim_vendor:/opt/ros/jazzy/opt/gz_cmake_vendor:/home/holmesa8/csci597f/labs/ros-lab-2/install/py_pubsub:/opt/ros/jazzy CONDA_PROMPT_MODIFIER=(base) PS1=<ROS2-Jazzy>[\u@\h \W]$ /usr/bin/cmake --install /home/holmesa8/csci597f/labs/ros-lab-2/build/ros_gz_gazebo
[0.650s] Level 1:colcon.colcon_core.environment:create_environment_scripts_only(ros_gz_gazebo)
[0.651s] DEBUG:colcon.colcon_core.event_handler.log_command:Invoked command in '/home/holmesa8/csci597f/labs/ros-lab-2/build/ros_gz_gazebo' returned '0': CMAKE_PREFIX_PATH=/home/holmesa8/csci597f/labs/ros-lab-2/install/ros_gz_description:/home/holmesa8/csci597f/labs/ros-lab-2/install/ros_gz_bringup:/home/holmesa8/csci597f/labs/ros-lab-2/install/ros_gz_gazebo:/home/holmesa8/csci597f/labs/ros-lab-2/install/ros_gz_app:/opt/ros/jazzy/opt/gz_sim_vendor:/opt/ros/jazzy/opt/gz_sensors_vendor:/opt/ros/jazzy/opt/gz_physics_vendor:/opt/ros/jazzy/opt/sdformat_vendor:/opt/ros/jazzy/opt/gz_gui_vendor:/opt/ros/jazzy/opt/gz_transport_vendor:/opt/ros/jazzy/opt/gz_rendering_vendor:/opt/ros/jazzy/opt/gz_plugin_vendor:/opt/ros/jazzy/opt/gz_fuel_tools_vendor:/opt/ros/jazzy/opt/gz_msgs_vendor:/opt/ros/jazzy/opt/gz_common_vendor:/opt/ros/jazzy/opt/gz_math_vendor:/opt/ros/jazzy/opt/gz_utils_vendor:/opt/ros/jazzy/opt/gz_tools_vendor:/opt/ros/jazzy/opt/gz_ogre_next_vendor:/opt/ros/jazzy/opt/gz_dartsim_vendor:/opt/ros/jazzy/opt/gz_cmake_vendor:/home/holmesa8/csci597f/labs/ros-lab-2/install/py_pubsub:/opt/ros/jazzy CONDA_PROMPT_MODIFIER=(base) PS1=<ROS2-Jazzy>[\u@\h \W]$ /usr/bin/cmake --install /home/holmesa8/csci597f/labs/ros-lab-2/build/ros_gz_gazebo
[0.651s] Level 1:colcon.colcon_core.environment:checking '/home/holmesa8/csci597f/labs/ros-lab-2/install/ros_gz_gazebo' for CMake module files
[0.653s] Level 1:colcon.colcon_core.environment:checking '/home/holmesa8/csci597f/labs/ros-lab-2/install/ros_gz_gazebo' for CMake config files
[0.657s] Level 1:colcon.colcon_core.shell:create_environment_hook('ros_gz_gazebo', 'cmake_prefix_path')
[0.658s] INFO:colcon.colcon_core.shell:Creating environment hook '/home/holmesa8/csci597f/labs/ros-lab-2/install/ros_gz_gazebo/share/ros_gz_gazebo/hook/cmake_prefix_path.ps1'
[0.660s] INFO:colcon.colcon_core.shell:Creating environment descriptor '/home/holmesa8/csci597f/labs/ros-lab-2/install/ros_gz_gazebo/share/ros_gz_gazebo/hook/cmake_prefix_path.dsv'
[0.663s] INFO:colcon.colcon_core.shell:Creating environment hook '/home/holmesa8/csci597f/labs/ros-lab-2/install/ros_gz_gazebo/share/ros_gz_gazebo/hook/cmake_prefix_path.sh'
[0.666s] Level 1:colcon.colcon_core.environment:checking '/home/holmesa8/csci597f/labs/ros-lab-2/install/ros_gz_gazebo/lib'
[0.666s] Level 1:colcon.colcon_core.environment:checking '/home/holmesa8/csci597f/labs/ros-lab-2/install/ros_gz_gazebo/bin'
[0.666s] Level 1:colcon.colcon_core.environment:checking '/home/holmesa8/csci597f/labs/ros-lab-2/install/ros_gz_gazebo/lib/pkgconfig/ros_gz_gazebo.pc'
[0.666s] Level 1:colcon.colcon_core.environment:checking '/home/holmesa8/csci597f/labs/ros-lab-2/install/ros_gz_gazebo/lib/python3.12/site-packages'
[0.666s] Level 1:colcon.colcon_core.environment:checking '/home/holmesa8/csci597f/labs/ros-lab-2/install/ros_gz_gazebo/bin'
[0.666s] INFO:colcon.colcon_core.shell:Creating package script '/home/holmesa8/csci597f/labs/ros-lab-2/install/ros_gz_gazebo/share/ros_gz_gazebo/package.ps1'
[0.669s] INFO:colcon.colcon_core.shell:Creating package descriptor '/home/holmesa8/csci597f/labs/ros-lab-2/install/ros_gz_gazebo/share/ros_gz_gazebo/package.dsv'
[0.671s] INFO:colcon.colcon_core.shell:Creating package script '/home/holmesa8/csci597f/labs/ros-lab-2/install/ros_gz_gazebo/share/ros_gz_gazebo/package.sh'
[0.673s] INFO:colcon.colcon_core.shell:Creating package script '/home/holmesa8/csci597f/labs/ros-lab-2/install/ros_gz_gazebo/share/ros_gz_gazebo/package.bash'
[0.675s] INFO:colcon.colcon_core.shell:Creating package script '/home/holmesa8/csci597f/labs/ros-lab-2/install/ros_gz_gazebo/share/ros_gz_gazebo/package.zsh'
[0.677s] Level 1:colcon.colcon_core.environment:create_file_with_runtime_dependencies(/home/holmesa8/csci597f/labs/ros-lab-2/install/ros_gz_gazebo/share/colcon-core/packages/ros_gz_gazebo)
[0.680s] Level 1:colcon.colcon_core.environment:create_environment_scripts_only(ros_gz_gazebo)
[0.680s] Level 1:colcon.colcon_core.environment:checking '/home/holmesa8/csci597f/labs/ros-lab-2/install/ros_gz_gazebo' for CMake module files
[0.681s] Level 1:colcon.colcon_core.environment:checking '/home/holmesa8/csci597f/labs/ros-lab-2/install/ros_gz_gazebo' for CMake config files
[0.685s] Level 1:colcon.colcon_core.shell:create_environment_hook('ros_gz_gazebo', 'cmake_prefix_path')
[0.685s] INFO:colcon.colcon_core.shell:Creating environment hook '/home/holmesa8/csci597f/labs/ros-lab-2/install/ros_gz_gazebo/share/ros_gz_gazebo/hook/cmake_prefix_path.ps1'
[0.687s] INFO:colcon.colcon_core.shell:Creating environment descriptor '/home/holmesa8/csci597f/labs/ros-lab-2/install/ros_gz_gazebo/share/ros_gz_gazebo/hook/cmake_prefix_path.dsv'
[0.689s] INFO:colcon.colcon_core.shell:Creating environment hook '/home/holmesa8/csci597f/labs/ros-lab-2/install/ros_gz_gazebo/share/ros_gz_gazebo/hook/cmake_prefix_path.sh'
[0.692s] Level 1:colcon.colcon_core.environment:checking '/home/holmesa8/csci597f/labs/ros-lab-2/install/ros_gz_gazebo/lib'
[0.692s] Level 1:colcon.colcon_core.environment:checking '/home/holmesa8/csci597f/labs/ros-lab-2/install/ros_gz_gazebo/bin'
[0.692s] Level 1:colcon.colcon_core.environment:checking '/home/holmesa8/csci597f/labs/ros-lab-2/install/ros_gz_gazebo/lib/pkgconfig/ros_gz_gazebo.pc'
[0.692s] Level 1:colcon.colcon_core.environment:checking '/home/holmesa8/csci597f/labs/ros-lab-2/install/ros_gz_gazebo/lib/python3.12/site-packages'
[0.692s] Level 1:colcon.colcon_core.environment:checking '/home/holmesa8/csci597f/labs/ros-lab-2/install/ros_gz_gazebo/bin'
[0.692s] INFO:colcon.colcon_core.shell:Creating package script '/home/holmesa8/csci597f/labs/ros-lab-2/install/ros_gz_gazebo/share/ros_gz_gazebo/package.ps1'
[0.695s] INFO:colcon.colcon_core.shell:Creating package descriptor '/home/holmesa8/csci597f/labs/ros-lab-2/install/ros_gz_gazebo/share/ros_gz_gazebo/package.dsv'
[0.697s] INFO:colcon.colcon_core.shell:Creating package script '/home/holmesa8/csci597f/labs/ros-lab-2/install/ros_gz_gazebo/share/ros_gz_gazebo/package.sh'
[0.699s] INFO:colcon.colcon_core.shell:Creating package script '/home/holmesa8/csci597f/labs/ros-lab-2/install/ros_gz_gazebo/share/ros_gz_gazebo/package.bash'
[0.701s] INFO:colcon.colcon_core.shell:Creating package script '/home/holmesa8/csci597f/labs/ros-lab-2/install/ros_gz_gazebo/share/ros_gz_gazebo/package.zsh'
[0.703s] Level 1:colcon.colcon_core.environment:create_file_with_runtime_dependencies(/home/holmesa8/csci597f/labs/ros-lab-2/install/ros_gz_gazebo/share/colcon-core/packages/ros_gz_gazebo)
[0.705s] INFO:colcon.colcon_ros.task.ament_cmake.build:Building ROS package in '/home/holmesa8/csci597f/labs/ros-lab-2/ros_gz_bringup' with build type 'ament_cmake'
[0.705s] INFO:colcon.colcon_cmake.task.cmake.build:Building CMake package in '/home/holmesa8/csci597f/labs/ros-lab-2/ros_gz_bringup'
[0.705s] INFO:colcon.colcon_core.shell:Skip shell extension 'powershell' for command environment: Not usable outside of PowerShell
[0.705s] DEBUG:colcon.colcon_core.shell:Skip shell extension 'dsv' for command environment
[0.731s] DEBUG:colcon.colcon_core.event_handler.log_command:Invoking command in '/home/holmesa8/csci597f/labs/ros-lab-2/build/ros_gz_bringup': CMAKE_PREFIX_PATH=/home/holmesa8/csci597f/labs/ros-lab-2/install/ros_gz_gazebo:/home/holmesa8/csci597f/labs/ros-lab-2/install/ros_gz_description:/home/holmesa8/csci597f/labs/ros-lab-2/install/ros_gz_bringup:/home/holmesa8/csci597f/labs/ros-lab-2/install/ros_gz_app:/opt/ros/jazzy/opt/gz_sim_vendor:/opt/ros/jazzy/opt/gz_sensors_vendor:/opt/ros/jazzy/opt/gz_physics_vendor:/opt/ros/jazzy/opt/sdformat_vendor:/opt/ros/jazzy/opt/gz_gui_vendor:/opt/ros/jazzy/opt/gz_transport_vendor:/opt/ros/jazzy/opt/gz_rendering_vendor:/opt/ros/jazzy/opt/gz_plugin_vendor:/opt/ros/jazzy/opt/gz_fuel_tools_vendor:/opt/ros/jazzy/opt/gz_msgs_vendor:/opt/ros/jazzy/opt/gz_common_vendor:/opt/ros/jazzy/opt/gz_math_vendor:/opt/ros/jazzy/opt/gz_utils_vendor:/opt/ros/jazzy/opt/gz_tools_vendor:/opt/ros/jazzy/opt/gz_ogre_next_vendor:/opt/ros/jazzy/opt/gz_dartsim_vendor:/opt/ros/jazzy/opt/gz_cmake_vendor:/home/holmesa8/csci597f/labs/ros-lab-2/install/py_pubsub:/opt/ros/jazzy CONDA_PROMPT_MODIFIER=(base) GZ_SIM_PLUGIN_PATH=/home/holmesa8/csci597f/labs/ros-lab-2/install/ros_gz_gazebo/lib/ros_gz_gazebo PS1=<ROS2-Jazzy>[\u@\h \W]$ /usr/bin/cmake --build /home/holmesa8/csci597f/labs/ros-lab-2/build/ros_gz_bringup -- -j24 -l24
[0.768s] DEBUG:colcon.colcon_core.event_handler.log_command:Invoking command in '/home/holmesa8/csci597f/labs/ros-lab-2/src/py_pubsub': CONDA_PROMPT_MODIFIER=(base) PS1=<ROS2-Jazzy>[\u@\h \W]$ PYTHONPATH=/home/holmesa8/csci597f/labs/ros-lab-2/build/py_pubsub/prefix_override:/usr/lib/python3/dist-packages/colcon_core/task/python/colcon_distutils_commands:/home/holmesa8/csci597f/labs/ros-lab-2/install/py_pubsub/lib/python3.12/site-packages:${PYTHONPATH} /usr/bin/python3 -W ignore:setup.py install is deprecated -W ignore:easy_install command is deprecated setup.py egg_info --egg-base ../../build/py_pubsub build --build-base /home/holmesa8/csci597f/labs/ros-lab-2/build/py_pubsub/build install --record /home/holmesa8/csci597f/labs/ros-lab-2/build/py_pubsub/install.log --single-version-externally-managed install_data
[0.768s] DEBUG:colcon.colcon_core.event_handler.log_command:Invoked command in '/home/holmesa8/csci597f/labs/ros-lab-2/build/ros_gz_bringup' returned '0': CMAKE_PREFIX_PATH=/home/holmesa8/csci597f/labs/ros-lab-2/install/ros_gz_gazebo:/home/holmesa8/csci597f/labs/ros-lab-2/install/ros_gz_description:/home/holmesa8/csci597f/labs/ros-lab-2/install/ros_gz_bringup:/home/holmesa8/csci597f/labs/ros-lab-2/install/ros_gz_app:/opt/ros/jazzy/opt/gz_sim_vendor:/opt/ros/jazzy/opt/gz_sensors_vendor:/opt/ros/jazzy/opt/gz_physics_vendor:/opt/ros/jazzy/opt/sdformat_vendor:/opt/ros/jazzy/opt/gz_gui_vendor:/opt/ros/jazzy/opt/gz_transport_vendor:/opt/ros/jazzy/opt/gz_rendering_vendor:/opt/ros/jazzy/opt/gz_plugin_vendor:/opt/ros/jazzy/opt/gz_fuel_tools_vendor:/opt/ros/jazzy/opt/gz_msgs_vendor:/opt/ros/jazzy/opt/gz_common_vendor:/opt/ros/jazzy/opt/gz_math_vendor:/opt/ros/jazzy/opt/gz_utils_vendor:/opt/ros/jazzy/opt/gz_tools_vendor:/opt/ros/jazzy/opt/gz_ogre_next_vendor:/opt/ros/jazzy/opt/gz_dartsim_vendor:/opt/ros/jazzy/opt/gz_cmake_vendor:/home/holmesa8/csci597f/labs/ros-lab-2/install/py_pubsub:/opt/ros/jazzy CONDA_PROMPT_MODIFIER=(base) GZ_SIM_PLUGIN_PATH=/home/holmesa8/csci597f/labs/ros-lab-2/install/ros_gz_gazebo/lib/ros_gz_gazebo PS1=<ROS2-Jazzy>[\u@\h \W]$ /usr/bin/cmake --build /home/holmesa8/csci597f/labs/ros-lab-2/build/ros_gz_bringup -- -j24 -l24
[0.769s] DEBUG:colcon.colcon_core.event_handler.log_command:Invoking command in '/home/holmesa8/csci597f/labs/ros-lab-2/build/ros_gz_bringup': CMAKE_PREFIX_PATH=/home/holmesa8/csci597f/labs/ros-lab-2/install/ros_gz_gazebo:/home/holmesa8/csci597f/labs/ros-lab-2/install/ros_gz_description:/home/holmesa8/csci597f/labs/ros-lab-2/install/ros_gz_bringup:/home/holmesa8/csci597f/labs/ros-lab-2/install/ros_gz_app:/opt/ros/jazzy/opt/gz_sim_vendor:/opt/ros/jazzy/opt/gz_sensors_vendor:/opt/ros/jazzy/opt/gz_physics_vendor:/opt/ros/jazzy/opt/sdformat_vendor:/opt/ros/jazzy/opt/gz_gui_vendor:/opt/ros/jazzy/opt/gz_transport_vendor:/opt/ros/jazzy/opt/gz_rendering_vendor:/opt/ros/jazzy/opt/gz_plugin_vendor:/opt/ros/jazzy/opt/gz_fuel_tools_vendor:/opt/ros/jazzy/opt/gz_msgs_vendor:/opt/ros/jazzy/opt/gz_common_vendor:/opt/ros/jazzy/opt/gz_math_vendor:/opt/ros/jazzy/opt/gz_utils_vendor:/opt/ros/jazzy/opt/gz_tools_vendor:/opt/ros/jazzy/opt/gz_ogre_next_vendor:/opt/ros/jazzy/opt/gz_dartsim_vendor:/opt/ros/jazzy/opt/gz_cmake_vendor:/home/holmesa8/csci597f/labs/ros-lab-2/install/py_pubsub:/opt/ros/jazzy CONDA_PROMPT_MODIFIER=(base) GZ_SIM_PLUGIN_PATH=/home/holmesa8/csci597f/labs/ros-lab-2/install/ros_gz_gazebo/lib/ros_gz_gazebo PS1=<ROS2-Jazzy>[\u@\h \W]$ /usr/bin/cmake --install /home/holmesa8/csci597f/labs/ros-lab-2/build/ros_gz_bringup
[0.815s] Level 1:colcon.colcon_core.environment:create_environment_scripts_only(ros_gz_bringup)
[0.815s] Level 1:colcon.colcon_core.environment:checking '/home/holmesa8/csci597f/labs/ros-lab-2/install/ros_gz_bringup' for CMake module files
[0.815s] DEBUG:colcon.colcon_core.event_handler.log_command:Invoked command in '/home/holmesa8/csci597f/labs/ros-lab-2/build/ros_gz_bringup' returned '0': CMAKE_PREFIX_PATH=/home/holmesa8/csci597f/labs/ros-lab-2/install/ros_gz_gazebo:/home/holmesa8/csci597f/labs/ros-lab-2/install/ros_gz_description:/home/holmesa8/csci597f/labs/ros-lab-2/install/ros_gz_bringup:/home/holmesa8/csci597f/labs/ros-lab-2/install/ros_gz_app:/opt/ros/jazzy/opt/gz_sim_vendor:/opt/ros/jazzy/opt/gz_sensors_vendor:/opt/ros/jazzy/opt/gz_physics_vendor:/opt/ros/jazzy/opt/sdformat_vendor:/opt/ros/jazzy/opt/gz_gui_vendor:/opt/ros/jazzy/opt/gz_transport_vendor:/opt/ros/jazzy/opt/gz_rendering_vendor:/opt/ros/jazzy/opt/gz_plugin_vendor:/opt/ros/jazzy/opt/gz_fuel_tools_vendor:/opt/ros/jazzy/opt/gz_msgs_vendor:/opt/ros/jazzy/opt/gz_common_vendor:/opt/ros/jazzy/opt/gz_math_vendor:/opt/ros/jazzy/opt/gz_utils_vendor:/opt/ros/jazzy/opt/gz_tools_vendor:/opt/ros/jazzy/opt/gz_ogre_next_vendor:/opt/ros/jazzy/opt/gz_dartsim_vendor:/opt/ros/jazzy/opt/gz_cmake_vendor:/home/holmesa8/csci597f/labs/ros-lab-2/install/py_pubsub:/opt/ros/jazzy CONDA_PROMPT_MODIFIER=(base) GZ_SIM_PLUGIN_PATH=/home/holmesa8/csci597f/labs/ros-lab-2/install/ros_gz_gazebo/lib/ros_gz_gazebo PS1=<ROS2-Jazzy>[\u@\h \W]$ /usr/bin/cmake --install /home/holmesa8/csci597f/labs/ros-lab-2/build/ros_gz_bringup
[0.816s] Level 1:colcon.colcon_core.environment:checking '/home/holmesa8/csci597f/labs/ros-lab-2/install/ros_gz_bringup' for CMake config files
[0.818s] Level 1:colcon.colcon_core.shell:create_environment_hook('ros_gz_bringup', 'cmake_prefix_path')
[0.818s] INFO:colcon.colcon_core.shell:Creating environment hook '/home/holmesa8/csci597f/labs/ros-lab-2/install/ros_gz_bringup/share/ros_gz_bringup/hook/cmake_prefix_path.ps1'
[0.821s] INFO:colcon.colcon_core.shell:Creating environment descriptor '/home/holmesa8/csci597f/labs/ros-lab-2/install/ros_gz_bringup/share/ros_gz_bringup/hook/cmake_prefix_path.dsv'
[0.823s] INFO:colcon.colcon_core.shell:Creating environment hook '/home/holmesa8/csci597f/labs/ros-lab-2/install/ros_gz_bringup/share/ros_gz_bringup/hook/cmake_prefix_path.sh'
[0.826s] Level 1:colcon.colcon_core.environment:checking '/home/holmesa8/csci597f/labs/ros-lab-2/install/ros_gz_bringup/bin'
[0.826s] Level 1:colcon.colcon_core.environment:checking '/home/holmesa8/csci597f/labs/ros-lab-2/install/ros_gz_bringup/lib/pkgconfig/ros_gz_bringup.pc'
[0.826s] Level 1:colcon.colcon_core.environment:checking '/home/holmesa8/csci597f/labs/ros-lab-2/install/ros_gz_bringup/lib/python3.12/site-packages'
[0.826s] Level 1:colcon.colcon_core.environment:checking '/home/holmesa8/csci597f/labs/ros-lab-2/install/ros_gz_bringup/bin'
[0.826s] INFO:colcon.colcon_core.shell:Creating package script '/home/holmesa8/csci597f/labs/ros-lab-2/install/ros_gz_bringup/share/ros_gz_bringup/package.ps1'
[0.828s] INFO:colcon.colcon_core.shell:Creating package descriptor '/home/holmesa8/csci597f/labs/ros-lab-2/install/ros_gz_bringup/share/ros_gz_bringup/package.dsv'
[0.830s] INFO:colcon.colcon_core.shell:Creating package script '/home/holmesa8/csci597f/labs/ros-lab-2/install/ros_gz_bringup/share/ros_gz_bringup/package.sh'
[0.833s] INFO:colcon.colcon_core.shell:Creating package script '/home/holmesa8/csci597f/labs/ros-lab-2/install/ros_gz_bringup/share/ros_gz_bringup/package.bash'
[0.835s] INFO:colcon.colcon_core.shell:Creating package script '/home/holmesa8/csci597f/labs/ros-lab-2/install/ros_gz_bringup/share/ros_gz_bringup/package.zsh'
[0.837s] Level 1:colcon.colcon_core.environment:create_file_with_runtime_dependencies(/home/holmesa8/csci597f/labs/ros-lab-2/install/ros_gz_bringup/share/colcon-core/packages/ros_gz_bringup)
[0.839s] Level 1:colcon.colcon_core.environment:create_environment_scripts_only(ros_gz_bringup)
[0.839s] Level 1:colcon.colcon_core.environment:checking '/home/holmesa8/csci597f/labs/ros-lab-2/install/ros_gz_bringup' for CMake module files
[0.840s] Level 1:colcon.colcon_core.environment:checking '/home/holmesa8/csci597f/labs/ros-lab-2/install/ros_gz_bringup' for CMake config files
[0.841s] Level 1:colcon.colcon_core.shell:create_environment_hook('ros_gz_bringup', 'cmake_prefix_path')
[0.841s] INFO:colcon.colcon_core.shell:Creating environment hook '/home/holmesa8/csci597f/labs/ros-lab-2/install/ros_gz_bringup/share/ros_gz_bringup/hook/cmake_prefix_path.ps1'
[0.843s] INFO:colcon.colcon_core.shell:Creating environment descriptor '/home/holmesa8/csci597f/labs/ros-lab-2/install/ros_gz_bringup/share/ros_gz_bringup/hook/cmake_prefix_path.dsv'
[0.845s] INFO:colcon.colcon_core.shell:Creating environment hook '/home/holmesa8/csci597f/labs/ros-lab-2/install/ros_gz_bringup/share/ros_gz_bringup/hook/cmake_prefix_path.sh'
[0.847s] Level 1:colcon.colcon_core.environment:checking '/home/holmesa8/csci597f/labs/ros-lab-2/install/ros_gz_bringup/bin'
[0.847s] Level 1:colcon.colcon_core.environment:checking '/home/holmesa8/csci597f/labs/ros-lab-2/install/ros_gz_bringup/lib/pkgconfig/ros_gz_bringup.pc'
[0.847s] Level 1:colcon.colcon_core.environment:checking '/home/holmesa8/csci597f/labs/ros-lab-2/install/ros_gz_bringup/lib/python3.12/site-packages'
[0.847s] Level 1:colcon.colcon_core.environment:checking '/home/holmesa8/csci597f/labs/ros-lab-2/install/ros_gz_bringup/bin'
[0.847s] INFO:colcon.colcon_core.shell:Creating package script '/home/holmesa8/csci597f/labs/ros-lab-2/install/ros_gz_bringup/share/ros_gz_bringup/package.ps1'
[0.850s] INFO:colcon.colcon_core.shell:Creating package descriptor '/home/holmesa8/csci597f/labs/ros-lab-2/install/ros_gz_bringup/share/ros_gz_bringup/package.dsv'
[0.852s] INFO:colcon.colcon_core.shell:Creating package script '/home/holmesa8/csci597f/labs/ros-lab-2/install/ros_gz_bringup/share/ros_gz_bringup/package.sh'
[0.855s] INFO:colcon.colcon_core.shell:Creating package script '/home/holmesa8/csci597f/labs/ros-lab-2/install/ros_gz_bringup/share/ros_gz_bringup/package.bash'
[0.857s] INFO:colcon.colcon_core.shell:Creating package script '/home/holmesa8/csci597f/labs/ros-lab-2/install/ros_gz_bringup/share/ros_gz_bringup/package.zsh'
[0.859s] Level 1:colcon.colcon_core.environment:create_file_with_runtime_dependencies(/home/holmesa8/csci597f/labs/ros-lab-2/install/ros_gz_bringup/share/colcon-core/packages/ros_gz_bringup)
[1.234s] Level 1:colcon.colcon_core.environment:checking '/home/holmesa8/csci597f/labs/ros-lab-2/install/py_pubsub' for CMake module files
[1.235s] DEBUG:colcon.colcon_core.event_handler.log_command:Invoked command in '/home/holmesa8/csci597f/labs/ros-lab-2/src/py_pubsub' returned '0': CONDA_PROMPT_MODIFIER=(base) PS1=<ROS2-Jazzy>[\u@\h \W]$ PYTHONPATH=/home/holmesa8/csci597f/labs/ros-lab-2/build/py_pubsub/prefix_override:/usr/lib/python3/dist-packages/colcon_core/task/python/colcon_distutils_commands:/home/holmesa8/csci597f/labs/ros-lab-2/install/py_pubsub/lib/python3.12/site-packages:${PYTHONPATH} /usr/bin/python3 -W ignore:setup.py install is deprecated -W ignore:easy_install command is deprecated setup.py egg_info --egg-base ../../build/py_pubsub build --build-base /home/holmesa8/csci597f/labs/ros-lab-2/build/py_pubsub/build install --record /home/holmesa8/csci597f/labs/ros-lab-2/build/py_pubsub/install.log --single-version-externally-managed install_data
[1.237s] Level 1:colcon.colcon_core.environment:checking '/home/holmesa8/csci597f/labs/ros-lab-2/install/py_pubsub' for CMake config files
[1.242s] Level 1:colcon.colcon_core.environment:checking '/home/holmesa8/csci597f/labs/ros-lab-2/install/py_pubsub/lib'
[1.242s] Level 1:colcon.colcon_core.environment:checking '/home/holmesa8/csci597f/labs/ros-lab-2/install/py_pubsub/bin'
[1.242s] Level 1:colcon.colcon_core.environment:checking '/home/holmesa8/csci597f/labs/ros-lab-2/install/py_pubsub/lib/pkgconfig/py_pubsub.pc'
[1.242s] Level 1:colcon.colcon_core.environment:checking '/home/holmesa8/csci597f/labs/ros-lab-2/install/py_pubsub/lib/python3.12/site-packages'
[1.242s] Level 1:colcon.colcon_core.shell:create_environment_hook('py_pubsub', 'pythonpath')
[1.243s] INFO:colcon.colcon_core.shell:Creating environment hook '/home/holmesa8/csci597f/labs/ros-lab-2/install/py_pubsub/share/py_pubsub/hook/pythonpath.ps1'
[1.245s] INFO:colcon.colcon_core.shell:Creating environment descriptor '/home/holmesa8/csci597f/labs/ros-lab-2/install/py_pubsub/share/py_pubsub/hook/pythonpath.dsv'
[1.248s] INFO:colcon.colcon_core.shell:Creating environment hook '/home/holmesa8/csci597f/labs/ros-lab-2/install/py_pubsub/share/py_pubsub/hook/pythonpath.sh'
[1.251s] Level 1:colcon.colcon_core.environment:checking '/home/holmesa8/csci597f/labs/ros-lab-2/install/py_pubsub/bin'
[1.251s] Level 1:colcon.colcon_core.environment:create_environment_scripts_only(py_pubsub)
[1.251s] INFO:colcon.colcon_core.shell:Creating package script '/home/holmesa8/csci597f/labs/ros-lab-2/install/py_pubsub/share/py_pubsub/package.ps1'
[1.253s] INFO:colcon.colcon_core.shell:Creating package descriptor '/home/holmesa8/csci597f/labs/ros-lab-2/install/py_pubsub/share/py_pubsub/package.dsv'
[1.256s] INFO:colcon.colcon_core.shell:Creating package script '/home/holmesa8/csci597f/labs/ros-lab-2/install/py_pubsub/share/py_pubsub/package.sh'
[1.259s] INFO:colcon.colcon_core.shell:Creating package script '/home/holmesa8/csci597f/labs/ros-lab-2/install/py_pubsub/share/py_pubsub/package.bash'
[1.262s] INFO:colcon.colcon_core.shell:Creating package script '/home/holmesa8/csci597f/labs/ros-lab-2/install/py_pubsub/share/py_pubsub/package.zsh'
[1.265s] Level 1:colcon.colcon_core.environment:create_file_with_runtime_dependencies(/home/holmesa8/csci597f/labs/ros-lab-2/install/py_pubsub/share/colcon-core/packages/py_pubsub)
[1.268s] DEBUG:colcon.colcon_parallel_executor.executor.parallel:closing loop
[1.268s] DEBUG:colcon.colcon_parallel_executor.executor.parallel:loop closed
[1.269s] DEBUG:colcon.colcon_parallel_executor.executor.parallel:run_until_complete finished with '0'
[1.269s] DEBUG:colcon.colcon_core.event_reactor:joining thread
[1.289s] INFO:colcon.colcon_core.plugin_system:Skipping extension 'colcon_notification.desktop_notification.notify_send': Could not find 'notify-send'
[1.289s] INFO:colcon.colcon_core.plugin_system:Skipping extension 'colcon_notification.desktop_notification.terminal_notifier': Not used on non-Darwin systems
[1.289s] INFO:colcon.colcon_core.plugin_system:Skipping extension 'colcon_notification.desktop_notification.win32': Not used on non-Windows systems
[1.290s] INFO:colcon.colcon_notification.desktop_notification:Sending desktop notification using 'notify2'
[1.290s] DEBUG:colcon.colcon_notification.desktop_notification.notify2:Failed to initialize notify2: org.freedesktop.DBus.Error.ServiceUnknown: The name is not activatable
[1.290s] DEBUG:colcon.colcon_core.event_reactor:joined thread
[1.291s] INFO:colcon.colcon_core.shell:Creating prefix script '/home/holmesa8/csci597f/labs/ros-lab-2/install/local_setup.ps1'
[1.294s] INFO:colcon.colcon_core.shell:Creating prefix util module '/home/holmesa8/csci597f/labs/ros-lab-2/install/_local_setup_util_ps1.py'
[1.299s] INFO:colcon.colcon_core.shell:Creating prefix chain script '/home/holmesa8/csci597f/labs/ros-lab-2/install/setup.ps1'
[1.305s] INFO:colcon.colcon_core.shell:Creating prefix script '/home/holmesa8/csci597f/labs/ros-lab-2/install/local_setup.sh'
[1.308s] INFO:colcon.colcon_core.shell:Creating prefix util module '/home/holmesa8/csci597f/labs/ros-lab-2/install/_local_setup_util_sh.py'
[1.312s] INFO:colcon.colcon_core.shell:Creating prefix chain script '/home/holmesa8/csci597f/labs/ros-lab-2/install/setup.sh'
[1.318s] INFO:colcon.colcon_core.shell:Creating prefix script '/home/holmesa8/csci597f/labs/ros-lab-2/install/local_setup.bash'
[1.321s] INFO:colcon.colcon_core.shell:Creating prefix chain script '/home/holmesa8/csci597f/labs/ros-lab-2/install/setup.bash'
[1.327s] INFO:colcon.colcon_core.shell:Creating prefix script '/home/holmesa8/csci597f/labs/ros-lab-2/install/local_setup.zsh'
[1.330s] INFO:colcon.colcon_core.shell:Creating prefix chain script '/home/holmesa8/csci597f/labs/ros-lab-2/install/setup.zsh'
